[0.553s] Invoking command in '/home/robotron/robotron-ros2/src/xarm_ros2/build/mbot_demo': CMAKE_PREFIX_PATH=${CMAKE_PREFIX_PATH}:/opt/ros/jazzy DEBUGINFOD_URLS=https://debuginfod.ubuntu.com /usr/bin/cmake /home/robotron/robotron-ros2/src/xarm_ros2/demo/mbot_demo -DCMAKE_INSTALL_PREFIX=/home/robotron/robotron-ros2/src/xarm_ros2/install/mbot_demo
[15.733s] -- The C compiler identification is Clang 19.1.1
[16.357s] -- The CXX compiler identification is Clang 19.1.1
[16.804s] -- Detecting C compiler ABI info
[18.249s] -- Detecting C compiler ABI info - done
[18.263s] -- Check for working C compiler: /usr/bin/clang - skipped
[18.263s] -- Detecting C compile features
[18.264s] -- Detecting C compile features - done
[18.296s] -- Detecting CXX compiler ABI info
[18.651s] -- Detecting CXX compiler ABI info - done
[18.662s] -- Check for working CXX compiler: /usr/bin/clang++ - skipped
[18.662s] -- Detecting CXX compile features
[18.663s] -- Detecting CXX compile features - done
[19.411s] -- Found ament_cmake: 2.5.4 (/opt/ros/jazzy/share/ament_cmake/cmake)
[20.069s] -- Found Python3: /usr/bin/python3 (found version "3.12.3") found components: Interpreter 
[20.500s] -- Found ament_lint_auto: 0.17.3 (/opt/ros/jazzy/share/ament_lint_auto/cmake)
[21.064s] -- Added test 'copyright' to check source files copyright and LICENSE
[21.070s] -- Added test 'flake8' to check Python code syntax and style conventions
[21.070s] -- Configured 'flake8' exclude dirs and/or files: 
[21.079s] -- Added test 'lint_cmake' to check CMake code style
[21.090s] -- Added test 'pep257' to check Python code against some of the docstring style conventions in PEP 257
[21.103s] -- Added test 'xmllint' to check XML markup files
[21.107s] -- Configuring done (18.7s)
[21.111s] -- Generating done (0.0s)
[21.114s] -- Build files have been written to: /home/robotron/robotron-ros2/src/xarm_ros2/build/mbot_demo
[21.130s] Invoked command in '/home/robotron/robotron-ros2/src/xarm_ros2/build/mbot_demo' returned '0': CMAKE_PREFIX_PATH=${CMAKE_PREFIX_PATH}:/opt/ros/jazzy DEBUGINFOD_URLS=https://debuginfod.ubuntu.com /usr/bin/cmake /home/robotron/robotron-ros2/src/xarm_ros2/demo/mbot_demo -DCMAKE_INSTALL_PREFIX=/home/robotron/robotron-ros2/src/xarm_ros2/install/mbot_demo
[21.132s] Invoking command in '/home/robotron/robotron-ros2/src/xarm_ros2/build/mbot_demo': CMAKE_PREFIX_PATH=${CMAKE_PREFIX_PATH}:/opt/ros/jazzy DEBUGINFOD_URLS=https://debuginfod.ubuntu.com /usr/bin/cmake --build /home/robotron/robotron-ros2/src/xarm_ros2/build/mbot_demo -- -j12 -l12
[21.273s] Invoked command in '/home/robotron/robotron-ros2/src/xarm_ros2/build/mbot_demo' returned '0': CMAKE_PREFIX_PATH=${CMAKE_PREFIX_PATH}:/opt/ros/jazzy DEBUGINFOD_URLS=https://debuginfod.ubuntu.com /usr/bin/cmake --build /home/robotron/robotron-ros2/src/xarm_ros2/build/mbot_demo -- -j12 -l12
[21.295s] Invoking command in '/home/robotron/robotron-ros2/src/xarm_ros2/build/mbot_demo': CMAKE_PREFIX_PATH=${CMAKE_PREFIX_PATH}:/opt/ros/jazzy DEBUGINFOD_URLS=https://debuginfod.ubuntu.com /usr/bin/cmake --install /home/robotron/robotron-ros2/src/xarm_ros2/build/mbot_demo
[21.304s] -- Install configuration: ""
[21.304s] -- Installing: /home/robotron/robotron-ros2/src/xarm_ros2/install/mbot_demo/share/mbot_demo//rviz
[21.304s] -- Installing: /home/robotron/robotron-ros2/src/xarm_ros2/install/mbot_demo/share/mbot_demo//rviz/moveit.rviz
[21.304s] -- Installing: /home/robotron/robotron-ros2/src/xarm_ros2/install/mbot_demo/share/mbot_demo//urdf
[21.305s] -- Installing: /home/robotron/robotron-ros2/src/xarm_ros2/install/mbot_demo/share/mbot_demo//urdf/mbot.transmission.xacro
[21.305s] -- Installing: /home/robotron/robotron-ros2/src/xarm_ros2/install/mbot_demo/share/mbot_demo//urdf/mbot_with_xarm.urdf.xacro
[21.305s] -- Installing: /home/robotron/robotron-ros2/src/xarm_ros2/install/mbot_demo/share/mbot_demo//urdf/mbot.gazebo.xacro
[21.305s] -- Installing: /home/robotron/robotron-ros2/src/xarm_ros2/install/mbot_demo/share/mbot_demo//urdf/mbot.ros2_control.xacro
[21.306s] -- Installing: /home/robotron/robotron-ros2/src/xarm_ros2/install/mbot_demo/share/mbot_demo//urdf/mbot.urdf.xacro
[21.306s] -- Installing: /home/robotron/robotron-ros2/src/xarm_ros2/install/mbot_demo/share/mbot_demo//urdf/mbot_macro.xacro
[21.306s] -- Installing: /home/robotron/robotron-ros2/src/xarm_ros2/install/mbot_demo/share/mbot_demo//srdf
[21.306s] -- Installing: /home/robotron/robotron-ros2/src/xarm_ros2/install/mbot_demo/share/mbot_demo//srdf/mbot_macro.srdf.xacro
[21.306s] -- Installing: /home/robotron/robotron-ros2/src/xarm_ros2/install/mbot_demo/share/mbot_demo//srdf/mbot_with_xarm.srdf.xacro
[21.306s] -- Installing: /home/robotron/robotron-ros2/src/xarm_ros2/install/mbot_demo/share/mbot_demo//config
[21.307s] -- Installing: /home/robotron/robotron-ros2/src/xarm_ros2/install/mbot_demo/share/mbot_demo//config/joint_limits.yaml
[21.307s] -- Installing: /home/robotron/robotron-ros2/src/xarm_ros2/install/mbot_demo/share/mbot_demo//config/controllers.yaml
[21.307s] -- Installing: /home/robotron/robotron-ros2/src/xarm_ros2/install/mbot_demo/share/mbot_demo//config/ompl_planning.yaml
[21.307s] -- Installing: /home/robotron/robotron-ros2/src/xarm_ros2/install/mbot_demo/share/mbot_demo//config/kinematics.yaml
[21.308s] -- Installing: /home/robotron/robotron-ros2/src/xarm_ros2/install/mbot_demo/share/mbot_demo//config/ros2_controllers.yaml
[21.308s] -- Installing: /home/robotron/robotron-ros2/src/xarm_ros2/install/mbot_demo/share/mbot_demo//worlds
[21.308s] -- Installing: /home/robotron/robotron-ros2/src/xarm_ros2/install/mbot_demo/share/mbot_demo//worlds/empty.world
[21.308s] -- Installing: /home/robotron/robotron-ros2/src/xarm_ros2/install/mbot_demo/share/mbot_demo//launch
[21.309s] -- Installing: /home/robotron/robotron-ros2/src/xarm_ros2/install/mbot_demo/share/mbot_demo//launch/mbot_moveit_gazebo.launch.py
[21.309s] -- Installing: /home/robotron/robotron-ros2/src/xarm_ros2/install/mbot_demo/share/mbot_demo//launch/mbot_moveit_fake.launch.py
[21.309s] -- Installing: /home/robotron/robotron-ros2/src/xarm_ros2/install/mbot_demo/share/mbot_demo//launch/_robot_on_mbot_gz.launch.py
[21.310s] -- Installing: /home/robotron/robotron-ros2/src/xarm_ros2/install/mbot_demo/share/mbot_demo//launch/_robot_on_mbot_gazebo.launch.py
[21.310s] -- Installing: /home/robotron/robotron-ros2/src/xarm_ros2/install/mbot_demo/share/mbot_demo//launch/mbot_moveit_realmove.launch.py
[21.310s] -- Installing: /home/robotron/robotron-ros2/src/xarm_ros2/install/mbot_demo/share/ament_index/resource_index/package_run_dependencies/mbot_demo
[21.311s] -- Installing: /home/robotron/robotron-ros2/src/xarm_ros2/install/mbot_demo/share/ament_index/resource_index/parent_prefix_path/mbot_demo
[21.312s] -- Installing: /home/robotron/robotron-ros2/src/xarm_ros2/install/mbot_demo/share/mbot_demo/environment/ament_prefix_path.sh
[21.312s] -- Installing: /home/robotron/robotron-ros2/src/xarm_ros2/install/mbot_demo/share/mbot_demo/environment/ament_prefix_path.dsv
[21.313s] -- Installing: /home/robotron/robotron-ros2/src/xarm_ros2/install/mbot_demo/share/mbot_demo/environment/path.sh
[21.314s] -- Installing: /home/robotron/robotron-ros2/src/xarm_ros2/install/mbot_demo/share/mbot_demo/environment/path.dsv
[21.314s] -- Installing: /home/robotron/robotron-ros2/src/xarm_ros2/install/mbot_demo/share/mbot_demo/local_setup.bash
[21.315s] -- Installing: /home/robotron/robotron-ros2/src/xarm_ros2/install/mbot_demo/share/mbot_demo/local_setup.sh
[21.315s] -- Installing: /home/robotron/robotron-ros2/src/xarm_ros2/install/mbot_demo/share/mbot_demo/local_setup.zsh
[21.315s] -- Installing: /home/robotron/robotron-ros2/src/xarm_ros2/install/mbot_demo/share/mbot_demo/local_setup.dsv
[21.315s] -- Installing: /home/robotron/robotron-ros2/src/xarm_ros2/install/mbot_demo/share/mbot_demo/package.dsv
[21.315s] -- Installing: /home/robotron/robotron-ros2/src/xarm_ros2/install/mbot_demo/share/ament_index/resource_index/packages/mbot_demo
[21.316s] -- Installing: /home/robotron/robotron-ros2/src/xarm_ros2/install/mbot_demo/share/mbot_demo/cmake/mbot_demoConfig.cmake
[21.316s] -- Installing: /home/robotron/robotron-ros2/src/xarm_ros2/install/mbot_demo/share/mbot_demo/cmake/mbot_demoConfig-version.cmake
[21.317s] -- Installing: /home/robotron/robotron-ros2/src/xarm_ros2/install/mbot_demo/share/mbot_demo/package.xml
[21.321s] Invoked command in '/home/robotron/robotron-ros2/src/xarm_ros2/build/mbot_demo' returned '0': CMAKE_PREFIX_PATH=${CMAKE_PREFIX_PATH}:/opt/ros/jazzy DEBUGINFOD_URLS=https://debuginfod.ubuntu.com /usr/bin/cmake --install /home/robotron/robotron-ros2/src/xarm_ros2/build/mbot_demo
