[0.149s] Invoking command in '/home/robotron/robotron-ros2/src/xarm_ros2/build/xarm_description': CMAKE_PREFIX_PATH=${CMAKE_PREFIX_PATH}:/opt/ros/jazzy DEBUGINFOD_URLS=https://debuginfod.ubuntu.com /usr/bin/cmake /home/robotron/robotron-ros2/src/xarm_ros2/xarm_description -DCMAKE_INSTALL_PREFIX=/home/robotron/robotron-ros2/src/xarm_ros2/install/xarm_description
[15.843s] -- The C compiler identification is Clang 19.1.1
[16.466s] -- The CXX compiler identification is Clang 19.1.1
[16.913s] -- Detecting C compiler ABI info
[18.357s] -- Detecting C compiler ABI info - done
[18.371s] -- Check for working C compiler: /usr/bin/clang - skipped
[18.371s] -- Detecting C compile features
[18.372s] -- Detecting C compile features - done
[18.403s] -- Detecting CXX compiler ABI info
[18.745s] -- Detecting CXX compiler ABI info - done
[18.760s] -- Check for working CXX compiler: /usr/bin/clang++ - skipped
[18.760s] -- Detecting CXX compile features
[18.761s] -- Detecting CXX compile features - done
[19.519s] -- Found ament_cmake: 2.5.4 (/opt/ros/jazzy/share/ament_cmake/cmake)
[20.180s] -- Found Python3: /usr/bin/python3 (found version "3.12.3") found components: Interpreter 
[20.608s] -- Found ament_lint_auto: 0.17.3 (/opt/ros/jazzy/share/ament_lint_auto/cmake)
[21.172s] -- Added test 'copyright' to check source files copyright and LICENSE
[21.219s] -- Added test 'flake8' to check Python code syntax and style conventions
[21.220s] -- Configured 'flake8' exclude dirs and/or files: 
[21.227s] -- Added test 'lint_cmake' to check CMake code style
[21.232s] -- Added test 'pep257' to check Python code against some of the docstring style conventions in PEP 257
[21.258s] -- Added test 'xmllint' to check XML markup files
[21.261s] -- Configuring done (18.8s)
[21.266s] -- Generating done (0.0s)
[21.268s] -- Build files have been written to: /home/robotron/robotron-ros2/src/xarm_ros2/build/xarm_description
[21.273s] Invoked command in '/home/robotron/robotron-ros2/src/xarm_ros2/build/xarm_description' returned '0': CMAKE_PREFIX_PATH=${CMAKE_PREFIX_PATH}:/opt/ros/jazzy DEBUGINFOD_URLS=https://debuginfod.ubuntu.com /usr/bin/cmake /home/robotron/robotron-ros2/src/xarm_ros2/xarm_description -DCMAKE_INSTALL_PREFIX=/home/robotron/robotron-ros2/src/xarm_ros2/install/xarm_description
[21.274s] Invoking command in '/home/robotron/robotron-ros2/src/xarm_ros2/build/xarm_description': CMAKE_PREFIX_PATH=${CMAKE_PREFIX_PATH}:/opt/ros/jazzy DEBUGINFOD_URLS=https://debuginfod.ubuntu.com /usr/bin/cmake --build /home/robotron/robotron-ros2/src/xarm_ros2/build/xarm_description -- -j12 -l12
[21.404s] Invoked command in '/home/robotron/robotron-ros2/src/xarm_ros2/build/xarm_description' returned '0': CMAKE_PREFIX_PATH=${CMAKE_PREFIX_PATH}:/opt/ros/jazzy DEBUGINFOD_URLS=https://debuginfod.ubuntu.com /usr/bin/cmake --build /home/robotron/robotron-ros2/src/xarm_ros2/build/xarm_description -- -j12 -l12
[21.406s] Invoking command in '/home/robotron/robotron-ros2/src/xarm_ros2/build/xarm_description': CMAKE_PREFIX_PATH=${CMAKE_PREFIX_PATH}:/opt/ros/jazzy DEBUGINFOD_URLS=https://debuginfod.ubuntu.com /usr/bin/cmake --install /home/robotron/robotron-ros2/src/xarm_ros2/build/xarm_description
[21.420s] -- Install configuration: ""
[21.420s] -- Installing: /home/robotron/robotron-ros2/src/xarm_ros2/install/xarm_description/share/xarm_description//rviz
[21.421s] -- Installing: /home/robotron/robotron-ros2/src/xarm_ros2/install/xarm_description/share/xarm_description//rviz/display.rviz
[21.421s] -- Installing: /home/robotron/robotron-ros2/src/xarm_ros2/install/xarm_description/share/xarm_description//urdf
[21.422s] -- Installing: /home/robotron/robotron-ros2/src/xarm_ros2/install/xarm_description/share/xarm_description//urdf/lite6
[21.422s] -- Installing: /home/robotron/robotron-ros2/src/xarm_ros2/install/xarm_description/share/xarm_description//urdf/lite6/lite6.urdf.xacro
[21.422s] -- Installing: /home/robotron/robotron-ros2/src/xarm_ros2/install/xarm_description/share/xarm_description//urdf/lite6/lite6.gazebo.xacro
[21.422s] -- Installing: /home/robotron/robotron-ros2/src/xarm_ros2/install/xarm_description/share/xarm_description//urdf/lite6/lite6.ros2_control.xacro
[21.423s] -- Installing: /home/robotron/robotron-ros2/src/xarm_ros2/install/xarm_description/share/xarm_description//urdf/lite6/lite6.transmission.xacro
[21.423s] -- Installing: /home/robotron/robotron-ros2/src/xarm_ros2/install/xarm_description/share/xarm_description//urdf/lite6/lite6_robot_macro.xacro
[21.423s] -- Installing: /home/robotron/robotron-ros2/src/xarm_ros2/install/xarm_description/share/xarm_description//urdf/xarm7
[21.423s] -- Installing: /home/robotron/robotron-ros2/src/xarm_ros2/install/xarm_description/share/xarm_description//urdf/xarm7/xarm7.urdf.xacro
[21.423s] -- Installing: /home/robotron/robotron-ros2/src/xarm_ros2/install/xarm_description/share/xarm_description//urdf/xarm7/xarm7.gazebo.xacro
[21.424s] -- Installing: /home/robotron/robotron-ros2/src/xarm_ros2/install/xarm_description/share/xarm_description//urdf/xarm7/xarm7_robot_macro.xacro
[21.424s] -- Installing: /home/robotron/robotron-ros2/src/xarm_ros2/install/xarm_description/share/xarm_description//urdf/xarm7/xarm7.ros2_control.xacro
[21.424s] -- Installing: /home/robotron/robotron-ros2/src/xarm_ros2/install/xarm_description/share/xarm_description//urdf/xarm7/xarm7.transmission.xacro
[21.424s] -- Installing: /home/robotron/robotron-ros2/src/xarm_ros2/install/xarm_description/share/xarm_description//urdf/gripper
[21.424s] -- Installing: /home/robotron/robotron-ros2/src/xarm_ros2/install/xarm_description/share/xarm_description//urdf/gripper/gripper.urdf.xacro
[21.425s] -- Installing: /home/robotron/robotron-ros2/src/xarm_ros2/install/xarm_description/share/xarm_description//urdf/gripper/lite_gripper.urdf.xacro
[21.425s] -- Installing: /home/robotron/robotron-ros2/src/xarm_ros2/install/xarm_description/share/xarm_description//urdf/gripper/bio_gripper.ros2_control.xacro
[21.427s] -- Installing: /home/robotron/robotron-ros2/src/xarm_ros2/install/xarm_description/share/xarm_description//urdf/gripper/bio_gripper.gazebo.xacro
[21.427s] -- Installing: /home/robotron/robotron-ros2/src/xarm_ros2/install/xarm_description/share/xarm_description//urdf/gripper/bio_gripper.transmission.xacro
[21.427s] -- Installing: /home/robotron/robotron-ros2/src/xarm_ros2/install/xarm_description/share/xarm_description//urdf/gripper/bio_gripper_macro.xacro
[21.427s] -- Installing: /home/robotron/robotron-ros2/src/xarm_ros2/install/xarm_description/share/xarm_description//urdf/gripper/xarm_gripper.ros2_control.xacro
[21.427s] -- Installing: /home/robotron/robotron-ros2/src/xarm_ros2/install/xarm_description/share/xarm_description//urdf/gripper/xarm_gripper.transmission.xacro
[21.428s] -- Installing: /home/robotron/robotron-ros2/src/xarm_ros2/install/xarm_description/share/xarm_description//urdf/gripper/xarm_gripper_macro.xacro
[21.428s] -- Installing: /home/robotron/robotron-ros2/src/xarm_ros2/install/xarm_description/share/xarm_description//urdf/gripper/gripper_macro.xacro
[21.428s] -- Installing: /home/robotron/robotron-ros2/src/xarm_ros2/install/xarm_description/share/xarm_description//urdf/gripper/xarm_gripper.gazebo.xacro
[21.428s] -- Installing: /home/robotron/robotron-ros2/src/xarm_ros2/install/xarm_description/share/xarm_description//urdf/gripper/bio_gripper.urdf.xacro
[21.428s] -- Installing: /home/robotron/robotron-ros2/src/xarm_ros2/install/xarm_description/share/xarm_description//urdf/gripper/xarm_gripper.urdf.xacro
[21.428s] -- Installing: /home/robotron/robotron-ros2/src/xarm_ros2/install/xarm_description/share/xarm_description//urdf/xarm_device_macro.xacro
[21.428s] -- Installing: /home/robotron/robotron-ros2/src/xarm_ros2/install/xarm_description/share/xarm_description//urdf/vacuum_gripper
[21.429s] -- Installing: /home/robotron/robotron-ros2/src/xarm_ros2/install/xarm_description/share/xarm_description//urdf/vacuum_gripper/vacuum_gripper.urdf.xacro
[21.429s] -- Installing: /home/robotron/robotron-ros2/src/xarm_ros2/install/xarm_description/share/xarm_description//urdf/vacuum_gripper/vacuum_gripper_macro.xacro
[21.429s] -- Installing: /home/robotron/robotron-ros2/src/xarm_ros2/install/xarm_description/share/xarm_description//urdf/vacuum_gripper/xarm_vacuum_gripper.urdf.xacro
[21.429s] -- Installing: /home/robotron/robotron-ros2/src/xarm_ros2/install/xarm_description/share/xarm_description//urdf/vacuum_gripper/lite_vacuum_gripper.urdf.xacro
[21.430s] -- Installing: /home/robotron/robotron-ros2/src/xarm_ros2/install/xarm_description/share/xarm_description//urdf/uf850
[21.430s] -- Installing: /home/robotron/robotron-ros2/src/xarm_ros2/install/xarm_description/share/xarm_description//urdf/uf850/uf850.urdf.xacro
[21.430s] -- Installing: /home/robotron/robotron-ros2/src/xarm_ros2/install/xarm_description/share/xarm_description//urdf/uf850/uf850.gazebo.xacro
[21.430s] -- Installing: /home/robotron/robotron-ros2/src/xarm_ros2/install/xarm_description/share/xarm_description//urdf/uf850/uf850.ros2_control.xacro
[21.430s] -- Installing: /home/robotron/robotron-ros2/src/xarm_ros2/install/xarm_description/share/xarm_description//urdf/uf850/uf850_robot_macro.xacro
[21.433s] -- Installing: /home/robotron/robotron-ros2/src/xarm_ros2/install/xarm_description/share/xarm_description//urdf/uf850/uf850.transmission.xacro
[21.434s] -- Installing: /home/robotron/robotron-ros2/src/xarm_ros2/install/xarm_description/share/xarm_description//urdf/xarm5
[21.434s] -- Installing: /home/robotron/robotron-ros2/src/xarm_ros2/install/xarm_description/share/xarm_description//urdf/xarm5/xarm5.transmission.xacro
[21.434s] -- Installing: /home/robotron/robotron-ros2/src/xarm_ros2/install/xarm_description/share/xarm_description//urdf/xarm5/xarm5.urdf.xacro
[21.434s] -- Installing: /home/robotron/robotron-ros2/src/xarm_ros2/install/xarm_description/share/xarm_description//urdf/xarm5/xarm5.ros2_control.xacro
[21.434s] -- Installing: /home/robotron/robotron-ros2/src/xarm_ros2/install/xarm_description/share/xarm_description//urdf/xarm5/xarm5.gazebo.xacro
[21.434s] -- Installing: /home/robotron/robotron-ros2/src/xarm_ros2/install/xarm_description/share/xarm_description//urdf/xarm5/xarm5_robot_macro.xacro
[21.435s] -- Installing: /home/robotron/robotron-ros2/src/xarm_ros2/install/xarm_description/share/xarm_description//urdf/suction_tube
[21.435s] -- Installing: /home/robotron/robotron-ros2/src/xarm_ros2/install/xarm_description/share/xarm_description//urdf/suction_tube/suction_tube.urdf.xacro
[21.435s] -- Installing: /home/robotron/robotron-ros2/src/xarm_ros2/install/xarm_description/share/xarm_description//urdf/suction_tube/suction_tube_macro.xacro
[21.438s] -- Installing: /home/robotron/robotron-ros2/src/xarm_ros2/install/xarm_description/share/xarm_description//urdf/camera
[21.438s] -- Installing: /home/robotron/robotron-ros2/src/xarm_ros2/install/xarm_description/share/xarm_description//urdf/camera/realsense.gazebo.xacro
[21.439s] -- Installing: /home/robotron/robotron-ros2/src/xarm_ros2/install/xarm_description/share/xarm_description//urdf/camera/realsense_d435i.urdf.xacro
[21.439s] -- Installing: /home/robotron/robotron-ros2/src/xarm_ros2/install/xarm_description/share/xarm_description//urdf/camera/camera.gazebo.xacro
[21.439s] -- Installing: /home/robotron/robotron-ros2/src/xarm_ros2/install/xarm_description/share/xarm_description//urdf/common
[21.439s] -- Installing: /home/robotron/robotron-ros2/src/xarm_ros2/install/xarm_description/share/xarm_description//urdf/common/common.material.xacro
[21.439s] -- Installing: /home/robotron/robotron-ros2/src/xarm_ros2/install/xarm_description/share/xarm_description//urdf/common/common.link.xacro
[21.439s] -- Installing: /home/robotron/robotron-ros2/src/xarm_ros2/install/xarm_description/share/xarm_description//urdf/common/common.gazebo.xacro
[21.439s] -- Installing: /home/robotron/robotron-ros2/src/xarm_ros2/install/xarm_description/share/xarm_description//urdf/xarm_device.urdf.xacro
[21.440s] -- Installing: /home/robotron/robotron-ros2/src/xarm_ros2/install/xarm_description/share/xarm_description//urdf/dual_xarm_device.urdf.xacro
[21.440s] -- Installing: /home/robotron/robotron-ros2/src/xarm_ros2/install/xarm_description/share/xarm_description//urdf/xarm7_mirror
[21.440s] -- Installing: /home/robotron/robotron-ros2/src/xarm_ros2/install/xarm_description/share/xarm_description//urdf/xarm7_mirror/xarm7_mirror.urdf.xacro
[21.440s] -- Installing: /home/robotron/robotron-ros2/src/xarm_ros2/install/xarm_description/share/xarm_description//urdf/xarm7_mirror/xarm7_mirror_robot_macro.xacro
[21.440s] -- Installing: /home/robotron/robotron-ros2/src/xarm_ros2/install/xarm_description/share/xarm_description//urdf/xarm7_mirror/xarm7_mirror.gazebo.xacro
[21.440s] -- Installing: /home/robotron/robotron-ros2/src/xarm_ros2/install/xarm_description/share/xarm_description//urdf/xarm7_mirror/xarm7_mirror.ros2_control.xacro
[21.440s] -- Installing: /home/robotron/robotron-ros2/src/xarm_ros2/install/xarm_description/share/xarm_description//urdf/xarm7_mirror/xarm7_mirror.transmission.xacro
[21.441s] -- Installing: /home/robotron/robotron-ros2/src/xarm_ros2/install/xarm_description/share/xarm_description//urdf/_private_macro.xacro
[21.441s] -- Installing: /home/robotron/robotron-ros2/src/xarm_ros2/install/xarm_description/share/xarm_description//urdf/other
[21.441s] -- Installing: /home/robotron/robotron-ros2/src/xarm_ros2/install/xarm_description/share/xarm_description//urdf/other/other_geometry.urdf.xacro
[21.441s] -- Installing: /home/robotron/robotron-ros2/src/xarm_ros2/install/xarm_description/share/xarm_description//urdf/xarm6
[21.444s] -- Installing: /home/robotron/robotron-ros2/src/xarm_ros2/install/xarm_description/share/xarm_description//urdf/xarm6/xarm6.gazebo.xacro
[21.444s] -- Installing: /home/robotron/robotron-ros2/src/xarm_ros2/install/xarm_description/share/xarm_description//urdf/xarm6/xarm6.urdf.xacro
[21.445s] -- Installing: /home/robotron/robotron-ros2/src/xarm_ros2/install/xarm_description/share/xarm_description//urdf/xarm6/xarm6.ros2_control.xacro
[21.445s] -- Installing: /home/robotron/robotron-ros2/src/xarm_ros2/install/xarm_description/share/xarm_description//urdf/xarm6/xarm6_robot_macro.xacro
[21.445s] -- Installing: /home/robotron/robotron-ros2/src/xarm_ros2/install/xarm_description/share/xarm_description//urdf/xarm6/xarm6.urdf
[21.445s] -- Installing: /home/robotron/robotron-ros2/src/xarm_ros2/install/xarm_description/share/xarm_description//urdf/xarm6/xarm6.transmission.xacro
[21.445s] -- Installing: /home/robotron/robotron-ros2/src/xarm_ros2/install/xarm_description/share/xarm_description//config
[21.445s] -- Installing: /home/robotron/robotron-ros2/src/xarm_ros2/install/xarm_description/share/xarm_description//config/kinematics
[21.446s] -- Installing: /home/robotron/robotron-ros2/src/xarm_ros2/install/xarm_description/share/xarm_description//config/kinematics/gen_kinematics_params.py
[21.446s] -- Installing: /home/robotron/robotron-ros2/src/xarm_ros2/install/xarm_description/share/xarm_description//config/kinematics/default
[21.446s] -- Installing: /home/robotron/robotron-ros2/src/xarm_ros2/install/xarm_description/share/xarm_description//config/kinematics/default/uf850_default_kinematics.yaml
[21.446s] -- Installing: /home/robotron/robotron-ros2/src/xarm_ros2/install/xarm_description/share/xarm_description//config/kinematics/default/xarm5_default_kinematics.yaml
[21.446s] -- Installing: /home/robotron/robotron-ros2/src/xarm_ros2/install/xarm_description/share/xarm_description//config/kinematics/default/lite6_default_kinematics.yaml
[21.446s] -- Installing: /home/robotron/robotron-ros2/src/xarm_ros2/install/xarm_description/share/xarm_description//config/kinematics/default/xarm7_default_kinematics.yaml
[21.446s] -- Installing: /home/robotron/robotron-ros2/src/xarm_ros2/install/xarm_description/share/xarm_description//config/kinematics/default/xarm6_default_kinematics.yaml
[21.447s] -- Installing: /home/robotron/robotron-ros2/src/xarm_ros2/install/xarm_description/share/xarm_description//config/kinematics/default/xarm7_mirror_default_kinematics.yaml
[21.447s] -- Installing: /home/robotron/robotron-ros2/src/xarm_ros2/install/xarm_description/share/xarm_description//config/link_inertial
[21.447s] -- Installing: /home/robotron/robotron-ros2/src/xarm_ros2/install/xarm_description/share/xarm_description//config/link_inertial/xarm6_type6_HT2_LD.yaml
[21.451s] -- Installing: /home/robotron/robotron-ros2/src/xarm_ros2/install/xarm_description/share/xarm_description//config/link_inertial/xarm6_type6_HT_LD.yaml
[21.451s] -- Installing: /home/robotron/robotron-ros2/src/xarm_ros2/install/xarm_description/share/xarm_description//config/link_inertial/xarm7_type7_UJ_BR_2403.yaml
[21.451s] -- Installing: /home/robotron/robotron-ros2/src/xarm_ros2/install/xarm_description/share/xarm_description//config/link_inertial/xarm6_type9_HT_BR2.yaml
[21.451s] -- Installing: /home/robotron/robotron-ros2/src/xarm_ros2/install/xarm_description/share/xarm_description//config/link_inertial/xarm7_type7_HT_LD.yaml
[21.451s] -- Installing: /home/robotron/robotron-ros2/src/xarm_ros2/install/xarm_description/share/xarm_description//config/link_inertial/xarm7_type3_YT_SP.yaml
[21.451s] -- Installing: /home/robotron/robotron-ros2/src/xarm_ros2/install/xarm_description/share/xarm_description//config/link_inertial/xarm7_type7_HT_BR.yaml
[21.452s] -- Installing: /home/robotron/robotron-ros2/src/xarm_ros2/install/xarm_description/share/xarm_description//config/link_inertial/xarm6_type6_HT_BR.yaml
[21.452s] -- Installing: /home/robotron/robotron-ros2/src/xarm_ros2/install/xarm_description/share/xarm_description//config/link_inertial/xarm6_type6_HT_BR2.yaml
[21.452s] -- Installing: /home/robotron/robotron-ros2/src/xarm_ros2/install/xarm_description/share/xarm_description//config/link_inertial/gen_link_inertial_params.py
[21.452s] -- Installing: /home/robotron/robotron-ros2/src/xarm_ros2/install/xarm_description/share/xarm_description//config/link_inertial/xarm5_type5_HT_LD.yaml
[21.452s] -- Installing: /home/robotron/robotron-ros2/src/xarm_ros2/install/xarm_description/share/xarm_description//config/link_inertial/xarm5_type5_HT_BR.yaml
[21.452s] -- Installing: /home/robotron/robotron-ros2/src/xarm_ros2/install/xarm_description/share/xarm_description//config/link_inertial/xarm6_type8_HT2_BR2.yaml
[21.452s] -- Installing: /home/robotron/robotron-ros2/src/xarm_ros2/install/xarm_description/share/xarm_description//config/link_inertial/xarm6_type12_HT_LDBR2.yaml
[21.453s] -- Installing: /home/robotron/robotron-ros2/src/xarm_ros2/install/xarm_description/share/xarm_description//config/link_inertial/xarm5_type5_HT_BR2.yaml
[21.453s] -- Installing: /home/robotron/robotron-ros2/src/xarm_ros2/install/xarm_description/share/xarm_description//config/link_inertial/xarm6_type11_HT_LD.yaml
[21.453s] -- Installing: /home/robotron/robotron-ros2/src/xarm_ros2/install/xarm_description/share/xarm_description//config/link_inertial/xarm7_type13_HT_BR2.yaml
[21.453s] -- Installing: /home/robotron/robotron-ros2/src/xarm_ros2/install/xarm_description/share/xarm_description//config/link_inertial/xarm5_type5_UJ_BR_2403.yaml
[21.453s] -- Installing: /home/robotron/robotron-ros2/src/xarm_ros2/install/xarm_description/share/xarm_description//config/link_inertial/xarm6_type6_UJ_BR_2403.yaml
[21.453s] -- Installing: /home/robotron/robotron-ros2/src/xarm_ros2/install/xarm_description/share/xarm_description//config/link_inertial/xarm7_type7_HT_BR2.yaml
[21.454s] -- Installing: /home/robotron/robotron-ros2/src/xarm_ros2/install/xarm_description/share/xarm_description//meshes
[21.454s] -- Installing: /home/robotron/robotron-ros2/src/xarm_ros2/install/xarm_description/share/xarm_description//meshes/lite6
[21.454s] -- Installing: /home/robotron/robotron-ros2/src/xarm_ros2/install/xarm_description/share/xarm_description//meshes/lite6/visual
[21.454s] -- Installing: /home/robotron/robotron-ros2/src/xarm_ros2/install/xarm_description/share/xarm_description//meshes/lite6/visual/link4.stl
[21.458s] -- Installing: /home/robotron/robotron-ros2/src/xarm_ros2/install/xarm_description/share/xarm_description//meshes/lite6/visual/link1.stl
[21.459s] -- Installing: /home/robotron/robotron-ros2/src/xarm_ros2/install/xarm_description/share/xarm_description//meshes/lite6/visual/link6.stl
[21.459s] -- Installing: /home/robotron/robotron-ros2/src/xarm_ros2/install/xarm_description/share/xarm_description//meshes/lite6/visual/link3.stl
[21.459s] -- Installing: /home/robotron/robotron-ros2/src/xarm_ros2/install/xarm_description/share/xarm_description//meshes/lite6/visual/link5.stl
[21.459s] -- Installing: /home/robotron/robotron-ros2/src/xarm_ros2/install/xarm_description/share/xarm_description//meshes/lite6/visual/link2.stl
[21.459s] -- Installing: /home/robotron/robotron-ros2/src/xarm_ros2/install/xarm_description/share/xarm_description//meshes/lite6/visual/link_base.stl
[21.459s] -- Installing: /home/robotron/robotron-ros2/src/xarm_ros2/install/xarm_description/share/xarm_description//meshes/lite6/collision
[21.460s] -- Installing: /home/robotron/robotron-ros2/src/xarm_ros2/install/xarm_description/share/xarm_description//meshes/lite6/collision/link4.stl
[21.460s] -- Installing: /home/robotron/robotron-ros2/src/xarm_ros2/install/xarm_description/share/xarm_description//meshes/lite6/collision/link1.stl
[21.460s] -- Installing: /home/robotron/robotron-ros2/src/xarm_ros2/install/xarm_description/share/xarm_description//meshes/lite6/collision/link6.stl
[21.460s] -- Installing: /home/robotron/robotron-ros2/src/xarm_ros2/install/xarm_description/share/xarm_description//meshes/lite6/collision/link3.stl
[21.460s] -- Installing: /home/robotron/robotron-ros2/src/xarm_ros2/install/xarm_description/share/xarm_description//meshes/lite6/collision/link5.stl
[21.460s] -- Installing: /home/robotron/robotron-ros2/src/xarm_ros2/install/xarm_description/share/xarm_description//meshes/lite6/collision/link2.stl
[21.460s] -- Installing: /home/robotron/robotron-ros2/src/xarm_ros2/install/xarm_description/share/xarm_description//meshes/lite6/collision/link_base.stl
[21.461s] -- Installing: /home/robotron/robotron-ros2/src/xarm_ros2/install/xarm_description/share/xarm_description//meshes/xarm7
[21.461s] -- Installing: /home/robotron/robotron-ros2/src/xarm_ros2/install/xarm_description/share/xarm_description//meshes/xarm7/visual
[21.461s] -- Installing: /home/robotron/robotron-ros2/src/xarm_ros2/install/xarm_description/share/xarm_description//meshes/xarm7/visual/link4.stl
[21.461s] -- Installing: /home/robotron/robotron-ros2/src/xarm_ros2/install/xarm_description/share/xarm_description//meshes/xarm7/visual/link1.stl
[21.461s] -- Installing: /home/robotron/robotron-ros2/src/xarm_ros2/install/xarm_description/share/xarm_description//meshes/xarm7/visual/link6.stl
[21.462s] -- Installing: /home/robotron/robotron-ros2/src/xarm_ros2/install/xarm_description/share/xarm_description//meshes/xarm7/visual/link3.stl
[21.462s] -- Installing: /home/robotron/robotron-ros2/src/xarm_ros2/install/xarm_description/share/xarm_description//meshes/xarm7/visual/link5.stl
[21.462s] -- Installing: /home/robotron/robotron-ros2/src/xarm_ros2/install/xarm_description/share/xarm_description//meshes/xarm7/visual/link7.stl
[21.462s] -- Installing: /home/robotron/robotron-ros2/src/xarm_ros2/install/xarm_description/share/xarm_description//meshes/xarm7/visual/link2.stl
[21.462s] -- Installing: /home/robotron/robotron-ros2/src/xarm_ros2/install/xarm_description/share/xarm_description//meshes/xarm7/visual/link_base.stl
[21.462s] -- Installing: /home/robotron/robotron-ros2/src/xarm_ros2/install/xarm_description/share/xarm_description//meshes/gripper
[21.463s] -- Installing: /home/robotron/robotron-ros2/src/xarm_ros2/install/xarm_description/share/xarm_description//meshes/gripper/bio
[21.463s] -- Installing: /home/robotron/robotron-ros2/src/xarm_ros2/install/xarm_description/share/xarm_description//meshes/gripper/bio/left_finger.stl
[21.463s] -- Installing: /home/robotron/robotron-ros2/src/xarm_ros2/install/xarm_description/share/xarm_description//meshes/gripper/bio/right_finger.stl
[21.463s] -- Installing: /home/robotron/robotron-ros2/src/xarm_ros2/install/xarm_description/share/xarm_description//meshes/gripper/bio/link_base.stl
[21.463s] -- Installing: /home/robotron/robotron-ros2/src/xarm_ros2/install/xarm_description/share/xarm_description//meshes/gripper/xarm
[21.464s] -- Installing: /home/robotron/robotron-ros2/src/xarm_ros2/install/xarm_description/share/xarm_description//meshes/gripper/xarm/base_link.stl
[21.464s] -- Installing: /home/robotron/robotron-ros2/src/xarm_ros2/install/xarm_description/share/xarm_description//meshes/gripper/xarm/left_finger.stl
[21.464s] -- Installing: /home/robotron/robotron-ros2/src/xarm_ros2/install/xarm_description/share/xarm_description//meshes/gripper/xarm/right_finger.stl
[21.464s] -- Installing: /home/robotron/robotron-ros2/src/xarm_ros2/install/xarm_description/share/xarm_description//meshes/gripper/xarm/left_inner_knuckle.stl
[21.464s] -- Installing: /home/robotron/robotron-ros2/src/xarm_ros2/install/xarm_description/share/xarm_description//meshes/gripper/xarm/left_outer_knuckle.stl
[21.464s] -- Installing: /home/robotron/robotron-ros2/src/xarm_ros2/install/xarm_description/share/xarm_description//meshes/gripper/xarm/right_outer_knuckle.stl
[21.465s] -- Installing: /home/robotron/robotron-ros2/src/xarm_ros2/install/xarm_description/share/xarm_description//meshes/gripper/xarm/right_inner_knuckle.stl
[21.465s] -- Installing: /home/robotron/robotron-ros2/src/xarm_ros2/install/xarm_description/share/xarm_description//meshes/gripper/lite
[21.465s] -- Installing: /home/robotron/robotron-ros2/src/xarm_ros2/install/xarm_description/share/xarm_description//meshes/gripper/lite/visual
[21.465s] -- Installing: /home/robotron/robotron-ros2/src/xarm_ros2/install/xarm_description/share/xarm_description//meshes/gripper/lite/visual/gripper_lite.stl
[21.465s] -- Installing: /home/robotron/robotron-ros2/src/xarm_ros2/install/xarm_description/share/xarm_description//meshes/gripper/lite/collision
[21.465s] -- Installing: /home/robotron/robotron-ros2/src/xarm_ros2/install/xarm_description/share/xarm_description//meshes/gripper/lite/collision/gripper_lite.stl
[21.465s] -- Installing: /home/robotron/robotron-ros2/src/xarm_ros2/install/xarm_description/share/xarm_description//meshes/vacuum_gripper
[21.466s] -- Installing: /home/robotron/robotron-ros2/src/xarm_ros2/install/xarm_description/share/xarm_description//meshes/vacuum_gripper/xarm
[21.466s] -- Installing: /home/robotron/robotron-ros2/src/xarm_ros2/install/xarm_description/share/xarm_description//meshes/vacuum_gripper/xarm/visual
[21.466s] -- Installing: /home/robotron/robotron-ros2/src/xarm_ros2/install/xarm_description/share/xarm_description//meshes/vacuum_gripper/xarm/visual/vacuum_gripper.stl
[21.469s] -- Installing: /home/robotron/robotron-ros2/src/xarm_ros2/install/xarm_description/share/xarm_description//meshes/vacuum_gripper/xarm/collision
[21.470s] -- Installing: /home/robotron/robotron-ros2/src/xarm_ros2/install/xarm_description/share/xarm_description//meshes/vacuum_gripper/xarm/collision/vacuum_gripper.stl
[21.470s] -- Installing: /home/robotron/robotron-ros2/src/xarm_ros2/install/xarm_description/share/xarm_description//meshes/vacuum_gripper/lite
[21.470s] -- Installing: /home/robotron/robotron-ros2/src/xarm_ros2/install/xarm_description/share/xarm_description//meshes/vacuum_gripper/lite/visual
[21.470s] -- Installing: /home/robotron/robotron-ros2/src/xarm_ros2/install/xarm_description/share/xarm_description//meshes/vacuum_gripper/lite/visual/vacuum_gripper_lite.stl
[21.470s] -- Installing: /home/robotron/robotron-ros2/src/xarm_ros2/install/xarm_description/share/xarm_description//meshes/vacuum_gripper/lite/collision
[21.470s] -- Installing: /home/robotron/robotron-ros2/src/xarm_ros2/install/xarm_description/share/xarm_description//meshes/vacuum_gripper/lite/collision/vacuum_gripper_lite.stl
[21.470s] -- Installing: /home/robotron/robotron-ros2/src/xarm_ros2/install/xarm_description/share/xarm_description//meshes/uf850
[21.471s] -- Installing: /home/robotron/robotron-ros2/src/xarm_ros2/install/xarm_description/share/xarm_description//meshes/uf850/visual
[21.471s] -- Installing: /home/robotron/robotron-ros2/src/xarm_ros2/install/xarm_description/share/xarm_description//meshes/uf850/visual/link4.stl
[21.471s] -- Installing: /home/robotron/robotron-ros2/src/xarm_ros2/install/xarm_description/share/xarm_description//meshes/uf850/visual/link1.stl
[21.471s] -- Installing: /home/robotron/robotron-ros2/src/xarm_ros2/install/xarm_description/share/xarm_description//meshes/uf850/visual/link6.stl
[21.471s] -- Installing: /home/robotron/robotron-ros2/src/xarm_ros2/install/xarm_description/share/xarm_description//meshes/uf850/visual/link3.stl
[21.471s] -- Installing: /home/robotron/robotron-ros2/src/xarm_ros2/install/xarm_description/share/xarm_description//meshes/uf850/visual/link5.stl
[21.471s] -- Installing: /home/robotron/robotron-ros2/src/xarm_ros2/install/xarm_description/share/xarm_description//meshes/uf850/visual/link2.stl
[21.471s] -- Installing: /home/robotron/robotron-ros2/src/xarm_ros2/install/xarm_description/share/xarm_description//meshes/uf850/visual/link_base.stl
[21.471s] -- Installing: /home/robotron/robotron-ros2/src/xarm_ros2/install/xarm_description/share/xarm_description//meshes/uf850/collision
[21.471s] -- Installing: /home/robotron/robotron-ros2/src/xarm_ros2/install/xarm_description/share/xarm_description//meshes/uf850/collision/link4.stl
[21.472s] -- Installing: /home/robotron/robotron-ros2/src/xarm_ros2/install/xarm_description/share/xarm_description//meshes/uf850/collision/link1.stl
[21.521s] -- Installing: /home/robotron/robotron-ros2/src/xarm_ros2/install/xarm_description/share/xarm_description//meshes/uf850/collision/link6.stl
[21.521s] -- Installing: /home/robotron/robotron-ros2/src/xarm_ros2/install/xarm_description/share/xarm_description//meshes/uf850/collision/link3.stl
[21.521s] -- Installing: /home/robotron/robotron-ros2/src/xarm_ros2/install/xarm_description/share/xarm_description//meshes/uf850/collision/link5.stl
[21.522s] -- Installing: /home/robotron/robotron-ros2/src/xarm_ros2/install/xarm_description/share/xarm_description//meshes/uf850/collision/link2.stl
[21.522s] -- Installing: /home/robotron/robotron-ros2/src/xarm_ros2/install/xarm_description/share/xarm_description//meshes/uf850/collision/link_base.stl
[21.523s] -- Installing: /home/robotron/robotron-ros2/src/xarm_ros2/install/xarm_description/share/xarm_description//meshes/xarm5
[21.524s] -- Installing: /home/robotron/robotron-ros2/src/xarm_ros2/install/xarm_description/share/xarm_description//meshes/xarm5/visual
[21.524s] -- Installing: /home/robotron/robotron-ros2/src/xarm_ros2/install/xarm_description/share/xarm_description//meshes/xarm5/visual/link4.stl
[21.525s] -- Installing: /home/robotron/robotron-ros2/src/xarm_ros2/install/xarm_description/share/xarm_description//meshes/xarm5/visual/link1.stl
[21.526s] -- Installing: /home/robotron/robotron-ros2/src/xarm_ros2/install/xarm_description/share/xarm_description//meshes/xarm5/visual/link3.stl
[21.527s] -- Installing: /home/robotron/robotron-ros2/src/xarm_ros2/install/xarm_description/share/xarm_description//meshes/xarm5/visual/link5.stl
[21.527s] -- Installing: /home/robotron/robotron-ros2/src/xarm_ros2/install/xarm_description/share/xarm_description//meshes/xarm5/visual/link2.stl
[21.529s] -- Installing: /home/robotron/robotron-ros2/src/xarm_ros2/install/xarm_description/share/xarm_description//meshes/xarm5/visual/link_base.stl
[21.529s] -- Installing: /home/robotron/robotron-ros2/src/xarm_ros2/install/xarm_description/share/xarm_description//meshes/xarm6_1305
[21.529s] -- Installing: /home/robotron/robotron-ros2/src/xarm_ros2/install/xarm_description/share/xarm_description//meshes/xarm6_1305/visual
[21.530s] -- Installing: /home/robotron/robotron-ros2/src/xarm_ros2/install/xarm_description/share/xarm_description//meshes/xarm6_1305/visual/link4.stl
[21.530s] -- Installing: /home/robotron/robotron-ros2/src/xarm_ros2/install/xarm_description/share/xarm_description//meshes/xarm6_1305/visual/link1.stl
[21.531s] -- Installing: /home/robotron/robotron-ros2/src/xarm_ros2/install/xarm_description/share/xarm_description//meshes/xarm6_1305/visual/link6.stl
[21.531s] -- Installing: /home/robotron/robotron-ros2/src/xarm_ros2/install/xarm_description/share/xarm_description//meshes/xarm6_1305/visual/link3.stl
[21.532s] -- Installing: /home/robotron/robotron-ros2/src/xarm_ros2/install/xarm_description/share/xarm_description//meshes/xarm6_1305/visual/link5.stl
[21.532s] -- Installing: /home/robotron/robotron-ros2/src/xarm_ros2/install/xarm_description/share/xarm_description//meshes/xarm6_1305/visual/link2.stl
[21.532s] -- Installing: /home/robotron/robotron-ros2/src/xarm_ros2/install/xarm_description/share/xarm_description//meshes/xarm6_1305/visual/link_base.stl
[21.533s] -- Installing: /home/robotron/robotron-ros2/src/xarm_ros2/install/xarm_description/share/xarm_description//meshes/xarm6_1305/collision
[21.533s] -- Installing: /home/robotron/robotron-ros2/src/xarm_ros2/install/xarm_description/share/xarm_description//meshes/xarm6_1305/collision/link5.obj
[21.533s] -- Installing: /home/robotron/robotron-ros2/src/xarm_ros2/install/xarm_description/share/xarm_description//meshes/xarm6_1305/collision/link6.obj
[21.533s] -- Installing: /home/robotron/robotron-ros2/src/xarm_ros2/install/xarm_description/share/xarm_description//meshes/xarm6_1305/collision/link4.obj
[21.534s] -- Installing: /home/robotron/robotron-ros2/src/xarm_ros2/install/xarm_description/share/xarm_description//meshes/xarm6_1305/collision/link1.obj
[21.534s] -- Installing: /home/robotron/robotron-ros2/src/xarm_ros2/install/xarm_description/share/xarm_description//meshes/xarm6_1305/collision/link2.obj
[21.534s] -- Installing: /home/robotron/robotron-ros2/src/xarm_ros2/install/xarm_description/share/xarm_description//meshes/xarm6_1305/collision/link3.obj
[21.535s] -- Installing: /home/robotron/robotron-ros2/src/xarm_ros2/install/xarm_description/share/xarm_description//meshes/xarm6_1305/collision/link_base.obj
[21.535s] -- Installing: /home/robotron/robotron-ros2/src/xarm_ros2/install/xarm_description/share/xarm_description//meshes/suction_tube
[21.535s] -- Installing: /home/robotron/robotron-ros2/src/xarm_ros2/install/xarm_description/share/xarm_description//meshes/suction_tube/visual
[21.535s] -- Installing: /home/robotron/robotron-ros2/src/xarm_ros2/install/xarm_description/share/xarm_description//meshes/suction_tube/visual/suction_tube.stl
[21.536s] -- Installing: /home/robotron/robotron-ros2/src/xarm_ros2/install/xarm_description/share/xarm_description//meshes/suction_tube/collision
[21.536s] -- Installing: /home/robotron/robotron-ros2/src/xarm_ros2/install/xarm_description/share/xarm_description//meshes/suction_tube/collision/suction_tube.stl
[21.536s] -- Installing: /home/robotron/robotron-ros2/src/xarm_ros2/install/xarm_description/share/xarm_description//meshes/camera
[21.537s] -- Installing: /home/robotron/robotron-ros2/src/xarm_ros2/install/xarm_description/share/xarm_description//meshes/camera/realsense
[21.537s] -- Installing: /home/robotron/robotron-ros2/src/xarm_ros2/install/xarm_description/share/xarm_description//meshes/camera/realsense/visual
[21.537s] -- Installing: /home/robotron/robotron-ros2/src/xarm_ros2/install/xarm_description/share/xarm_description//meshes/camera/realsense/visual/d435_with_cam_stand.stl
[21.538s] -- Installing: /home/robotron/robotron-ros2/src/xarm_ros2/install/xarm_description/share/xarm_description//meshes/camera/realsense/collision
[21.539s] -- Installing: /home/robotron/robotron-ros2/src/xarm_ros2/install/xarm_description/share/xarm_description//meshes/camera/realsense/collision/d435_with_cam_stand.stl
[21.539s] -- Installing: /home/robotron/robotron-ros2/src/xarm_ros2/install/xarm_description/share/xarm_description//meshes/xarm7_1305
[21.539s] -- Installing: /home/robotron/robotron-ros2/src/xarm_ros2/install/xarm_description/share/xarm_description//meshes/xarm7_1305/visual
[21.539s] -- Installing: /home/robotron/robotron-ros2/src/xarm_ros2/install/xarm_description/share/xarm_description//meshes/xarm7_1305/visual/link4.stl
[21.539s] -- Installing: /home/robotron/robotron-ros2/src/xarm_ros2/install/xarm_description/share/xarm_description//meshes/xarm7_1305/visual/link1.stl
[21.540s] -- Installing: /home/robotron/robotron-ros2/src/xarm_ros2/install/xarm_description/share/xarm_description//meshes/xarm7_1305/visual/link6.stl
[21.540s] -- Installing: /home/robotron/robotron-ros2/src/xarm_ros2/install/xarm_description/share/xarm_description//meshes/xarm7_1305/visual/link3.stl
[21.541s] -- Installing: /home/robotron/robotron-ros2/src/xarm_ros2/install/xarm_description/share/xarm_description//meshes/xarm7_1305/visual/link5.stl
[21.541s] -- Installing: /home/robotron/robotron-ros2/src/xarm_ros2/install/xarm_description/share/xarm_description//meshes/xarm7_1305/visual/link7.stl
[21.542s] -- Installing: /home/robotron/robotron-ros2/src/xarm_ros2/install/xarm_description/share/xarm_description//meshes/xarm7_1305/visual/link2.stl
[21.542s] -- Installing: /home/robotron/robotron-ros2/src/xarm_ros2/install/xarm_description/share/xarm_description//meshes/xarm7_1305/visual/link_base.stl
[21.543s] -- Installing: /home/robotron/robotron-ros2/src/xarm_ros2/install/xarm_description/share/xarm_description//meshes/xarm7_1305/collision
[21.543s] -- Installing: /home/robotron/robotron-ros2/src/xarm_ros2/install/xarm_description/share/xarm_description//meshes/xarm7_1305/collision/link5.obj
[21.543s] -- Installing: /home/robotron/robotron-ros2/src/xarm_ros2/install/xarm_description/share/xarm_description//meshes/xarm7_1305/collision/link6.obj
[21.543s] -- Installing: /home/robotron/robotron-ros2/src/xarm_ros2/install/xarm_description/share/xarm_description//meshes/xarm7_1305/collision/link4.obj
[21.544s] -- Installing: /home/robotron/robotron-ros2/src/xarm_ros2/install/xarm_description/share/xarm_description//meshes/xarm7_1305/collision/link7.obj
[21.544s] -- Installing: /home/robotron/robotron-ros2/src/xarm_ros2/install/xarm_description/share/xarm_description//meshes/xarm7_1305/collision/link1.obj
[21.544s] -- Installing: /home/robotron/robotron-ros2/src/xarm_ros2/install/xarm_description/share/xarm_description//meshes/xarm7_1305/collision/link2.obj
[21.545s] -- Installing: /home/robotron/robotron-ros2/src/xarm_ros2/install/xarm_description/share/xarm_description//meshes/xarm7_1305/collision/link3.obj
[21.545s] -- Installing: /home/robotron/robotron-ros2/src/xarm_ros2/install/xarm_description/share/xarm_description//meshes/xarm7_1305/collision/link_base.obj
[21.545s] -- Installing: /home/robotron/robotron-ros2/src/xarm_ros2/install/xarm_description/share/xarm_description//meshes/xarm7_mirror
[21.546s] -- Installing: /home/robotron/robotron-ros2/src/xarm_ros2/install/xarm_description/share/xarm_description//meshes/xarm7_mirror/visual
[21.546s] -- Installing: /home/robotron/robotron-ros2/src/xarm_ros2/install/xarm_description/share/xarm_description//meshes/xarm7_mirror/visual/link4.stl
[21.546s] -- Installing: /home/robotron/robotron-ros2/src/xarm_ros2/install/xarm_description/share/xarm_description//meshes/xarm7_mirror/visual/link1.stl
[21.547s] -- Installing: /home/robotron/robotron-ros2/src/xarm_ros2/install/xarm_description/share/xarm_description//meshes/xarm7_mirror/visual/link6.stl
[21.548s] -- Installing: /home/robotron/robotron-ros2/src/xarm_ros2/install/xarm_description/share/xarm_description//meshes/xarm7_mirror/visual/link3.stl
[21.549s] -- Installing: /home/robotron/robotron-ros2/src/xarm_ros2/install/xarm_description/share/xarm_description//meshes/xarm7_mirror/visual/link5.stl
[21.549s] -- Installing: /home/robotron/robotron-ros2/src/xarm_ros2/install/xarm_description/share/xarm_description//meshes/xarm7_mirror/visual/link7.stl
[21.549s] -- Installing: /home/robotron/robotron-ros2/src/xarm_ros2/install/xarm_description/share/xarm_description//meshes/xarm7_mirror/visual/link2.stl
[21.549s] -- Installing: /home/robotron/robotron-ros2/src/xarm_ros2/install/xarm_description/share/xarm_description//meshes/xarm7_mirror/visual/link_base.stl
[21.550s] -- Installing: /home/robotron/robotron-ros2/src/xarm_ros2/install/xarm_description/share/xarm_description//meshes/xarm7_mirror/collision
[21.551s] -- Installing: /home/robotron/robotron-ros2/src/xarm_ros2/install/xarm_description/share/xarm_description//meshes/xarm7_mirror/collision/link4.stl
[21.551s] -- Installing: /home/robotron/robotron-ros2/src/xarm_ros2/install/xarm_description/share/xarm_description//meshes/xarm7_mirror/collision/link1.stl
[21.551s] -- Installing: /home/robotron/robotron-ros2/src/xarm_ros2/install/xarm_description/share/xarm_description//meshes/xarm7_mirror/collision/link6.stl
[21.552s] -- Installing: /home/robotron/robotron-ros2/src/xarm_ros2/install/xarm_description/share/xarm_description//meshes/xarm7_mirror/collision/link3.stl
[21.552s] -- Installing: /home/robotron/robotron-ros2/src/xarm_ros2/install/xarm_description/share/xarm_description//meshes/xarm7_mirror/collision/link5.stl
[21.552s] -- Installing: /home/robotron/robotron-ros2/src/xarm_ros2/install/xarm_description/share/xarm_description//meshes/xarm7_mirror/collision/link7.stl
[21.553s] -- Installing: /home/robotron/robotron-ros2/src/xarm_ros2/install/xarm_description/share/xarm_description//meshes/xarm7_mirror/collision/link2.stl
[21.553s] -- Installing: /home/robotron/robotron-ros2/src/xarm_ros2/install/xarm_description/share/xarm_description//meshes/xarm7_mirror/collision/link_base.stl
[21.554s] -- Installing: /home/robotron/robotron-ros2/src/xarm_ros2/install/xarm_description/share/xarm_description//meshes/xarm5_1305
[21.554s] -- Installing: /home/robotron/robotron-ros2/src/xarm_ros2/install/xarm_description/share/xarm_description//meshes/xarm5_1305/visual
[21.554s] -- Installing: /home/robotron/robotron-ros2/src/xarm_ros2/install/xarm_description/share/xarm_description//meshes/xarm5_1305/visual/link4.stl
[21.556s] -- Installing: /home/robotron/robotron-ros2/src/xarm_ros2/install/xarm_description/share/xarm_description//meshes/xarm5_1305/visual/link1.stl
[21.556s] -- Installing: /home/robotron/robotron-ros2/src/xarm_ros2/install/xarm_description/share/xarm_description//meshes/xarm5_1305/visual/link3.stl
[21.557s] -- Installing: /home/robotron/robotron-ros2/src/xarm_ros2/install/xarm_description/share/xarm_description//meshes/xarm5_1305/visual/link5.stl
[21.558s] -- Installing: /home/robotron/robotron-ros2/src/xarm_ros2/install/xarm_description/share/xarm_description//meshes/xarm5_1305/visual/link2.stl
[21.558s] -- Installing: /home/robotron/robotron-ros2/src/xarm_ros2/install/xarm_description/share/xarm_description//meshes/xarm5_1305/visual/link_base.stl
[21.558s] -- Installing: /home/robotron/robotron-ros2/src/xarm_ros2/install/xarm_description/share/xarm_description//meshes/xarm5_1305/collision
[21.558s] -- Installing: /home/robotron/robotron-ros2/src/xarm_ros2/install/xarm_description/share/xarm_description//meshes/xarm5_1305/collision/link5.obj
[21.559s] -- Installing: /home/robotron/robotron-ros2/src/xarm_ros2/install/xarm_description/share/xarm_description//meshes/xarm5_1305/collision/link4.obj
[21.559s] -- Installing: /home/robotron/robotron-ros2/src/xarm_ros2/install/xarm_description/share/xarm_description//meshes/xarm5_1305/collision/link1.obj
[21.559s] -- Installing: /home/robotron/robotron-ros2/src/xarm_ros2/install/xarm_description/share/xarm_description//meshes/xarm5_1305/collision/link2.obj
[21.559s] -- Installing: /home/robotron/robotron-ros2/src/xarm_ros2/install/xarm_description/share/xarm_description//meshes/xarm5_1305/collision/link3.obj
[21.560s] -- Installing: /home/robotron/robotron-ros2/src/xarm_ros2/install/xarm_description/share/xarm_description//meshes/xarm5_1305/collision/link_base.obj
[21.560s] -- Installing: /home/robotron/robotron-ros2/src/xarm_ros2/install/xarm_description/share/xarm_description//meshes/end_tool
[21.560s] -- Installing: /home/robotron/robotron-ros2/src/xarm_ros2/install/xarm_description/share/xarm_description//meshes/end_tool/visual
[21.560s] -- Installing: /home/robotron/robotron-ros2/src/xarm_ros2/install/xarm_description/share/xarm_description//meshes/end_tool/visual/end_tool_1300.stl
[21.560s] -- Installing: /home/robotron/robotron-ros2/src/xarm_ros2/install/xarm_description/share/xarm_description//meshes/end_tool/visual/suction_tube_tool.stl
[21.561s] -- Installing: /home/robotron/robotron-ros2/src/xarm_ros2/install/xarm_description/share/xarm_description//meshes/end_tool/collision
[21.561s] -- Installing: /home/robotron/robotron-ros2/src/xarm_ros2/install/xarm_description/share/xarm_description//meshes/end_tool/collision/end_tool_1300.stl
[21.561s] -- Installing: /home/robotron/robotron-ros2/src/xarm_ros2/install/xarm_description/share/xarm_description//meshes/end_tool/collision/suction_tube_tool.stl
[21.562s] -- Installing: /home/robotron/robotron-ros2/src/xarm_ros2/install/xarm_description/share/xarm_description//meshes/end_tool/collision/end_tool.stl
[21.562s] -- Installing: /home/robotron/robotron-ros2/src/xarm_ros2/install/xarm_description/share/xarm_description//meshes/xarm6
[21.562s] -- Installing: /home/robotron/robotron-ros2/src/xarm_ros2/install/xarm_description/share/xarm_description//meshes/xarm6/visual
[21.562s] -- Installing: /home/robotron/robotron-ros2/src/xarm_ros2/install/xarm_description/share/xarm_description//meshes/xarm6/visual/link4.stl
[21.562s] -- Installing: /home/robotron/robotron-ros2/src/xarm_ros2/install/xarm_description/share/xarm_description//meshes/xarm6/visual/link1.stl
[21.563s] -- Installing: /home/robotron/robotron-ros2/src/xarm_ros2/install/xarm_description/share/xarm_description//meshes/xarm6/visual/link6.stl
[21.563s] -- Installing: /home/robotron/robotron-ros2/src/xarm_ros2/install/xarm_description/share/xarm_description//meshes/xarm6/visual/link3.stl
[21.564s] -- Installing: /home/robotron/robotron-ros2/src/xarm_ros2/install/xarm_description/share/xarm_description//meshes/xarm6/visual/link5.stl
[21.564s] -- Installing: /home/robotron/robotron-ros2/src/xarm_ros2/install/xarm_description/share/xarm_description//meshes/xarm6/visual/link2.stl
[21.566s] -- Installing: /home/robotron/robotron-ros2/src/xarm_ros2/install/xarm_description/share/xarm_description//meshes/xarm6/visual/link_base.stl
[21.566s] -- Installing: /home/robotron/robotron-ros2/src/xarm_ros2/install/xarm_description/share/xarm_description//launch
[21.566s] -- Installing: /home/robotron/robotron-ros2/src/xarm_ros2/install/xarm_description/share/xarm_description//launch/xarm6_rviz_display.launch.py
[21.567s] -- Installing: /home/robotron/robotron-ros2/src/xarm_ros2/install/xarm_description/share/xarm_description//launch/xarm7_rviz_display.launch.py
[21.567s] -- Installing: /home/robotron/robotron-ros2/src/xarm_ros2/install/xarm_description/share/xarm_description//launch/_robot_rviz_display.launch.py
[21.567s] -- Installing: /home/robotron/robotron-ros2/src/xarm_ros2/install/xarm_description/share/xarm_description//launch/_robot_joint_state.launch.py
[21.567s] -- Installing: /home/robotron/robotron-ros2/src/xarm_ros2/install/xarm_description/share/xarm_description//launch/_rviz_display.launch.py
[21.567s] -- Installing: /home/robotron/robotron-ros2/src/xarm_ros2/install/xarm_description/share/xarm_description//launch/lite6_rviz_display.launch.py
[21.567s] -- Installing: /home/robotron/robotron-ros2/src/xarm_ros2/install/xarm_description/share/xarm_description//launch/xarm7_mirror_rviz_display.launch.py
[21.567s] -- Installing: /home/robotron/robotron-ros2/src/xarm_ros2/install/xarm_description/share/xarm_description//launch/xarm5_rviz_display.launch.py
[21.568s] -- Installing: /home/robotron/robotron-ros2/src/xarm_ros2/install/xarm_description/share/xarm_description//launch/_robot_description.launch.py
[21.568s] -- Installing: /home/robotron/robotron-ros2/src/xarm_ros2/install/xarm_description/share/xarm_description//launch/lib
[21.568s] -- Installing: /home/robotron/robotron-ros2/src/xarm_ros2/install/xarm_description/share/xarm_description//launch/lib/robot_description_lib.py
[21.568s] -- Installing: /home/robotron/robotron-ros2/src/xarm_ros2/install/xarm_description/share/xarm_description//launch/uf850_rviz_display.launch.py
[21.568s] -- Installing: /home/robotron/robotron-ros2/src/xarm_ros2/install/xarm_description/share/ament_index/resource_index/package_run_dependencies/xarm_description
[21.568s] -- Installing: /home/robotron/robotron-ros2/src/xarm_ros2/install/xarm_description/share/ament_index/resource_index/parent_prefix_path/xarm_description
[21.570s] -- Installing: /home/robotron/robotron-ros2/src/xarm_ros2/install/xarm_description/share/xarm_description/environment/ament_prefix_path.sh
[21.570s] -- Installing: /home/robotron/robotron-ros2/src/xarm_ros2/install/xarm_description/share/xarm_description/environment/ament_prefix_path.dsv
[21.571s] -- Installing: /home/robotron/robotron-ros2/src/xarm_ros2/install/xarm_description/share/xarm_description/environment/path.sh
[21.571s] -- Installing: /home/robotron/robotron-ros2/src/xarm_ros2/install/xarm_description/share/xarm_description/environment/path.dsv
[21.571s] -- Installing: /home/robotron/robotron-ros2/src/xarm_ros2/install/xarm_description/share/xarm_description/local_setup.bash
[21.571s] -- Installing: /home/robotron/robotron-ros2/src/xarm_ros2/install/xarm_description/share/xarm_description/local_setup.sh
[21.571s] -- Installing: /home/robotron/robotron-ros2/src/xarm_ros2/install/xarm_description/share/xarm_description/local_setup.zsh
[21.572s] -- Installing: /home/robotron/robotron-ros2/src/xarm_ros2/install/xarm_description/share/xarm_description/local_setup.dsv
[21.572s] -- Installing: /home/robotron/robotron-ros2/src/xarm_ros2/install/xarm_description/share/xarm_description/package.dsv
[21.573s] -- Installing: /home/robotron/robotron-ros2/src/xarm_ros2/install/xarm_description/share/ament_index/resource_index/packages/xarm_description
[21.574s] -- Installing: /home/robotron/robotron-ros2/src/xarm_ros2/install/xarm_description/share/xarm_description/cmake/xarm_descriptionConfig.cmake
[21.662s] -- Installing: /home/robotron/robotron-ros2/src/xarm_ros2/install/xarm_description/share/xarm_description/cmake/xarm_descriptionConfig-version.cmake
[21.662s] -- Installing: /home/robotron/robotron-ros2/src/xarm_ros2/install/xarm_description/share/xarm_description/package.xml
[21.666s] Invoked command in '/home/robotron/robotron-ros2/src/xarm_ros2/build/xarm_description' returned '0': CMAKE_PREFIX_PATH=${CMAKE_PREFIX_PATH}:/opt/ros/jazzy DEBUGINFOD_URLS=https://debuginfod.ubuntu.com /usr/bin/cmake --install /home/robotron/robotron-ros2/src/xarm_ros2/build/xarm_description
