[0.084s] Invoking command in '/home/robotron/robotron-ros2/src/xarm_ros2/build/xarm_api': AMENT_PREFIX_PATH=/home/robotron/robotron-ros2/src/xarm_ros2/install/xarm_sdk:/home/robotron/robotron-ros2/src/xarm_ros2/install/xarm_msgs:/home/robotron/robotron-ros2/src/xarm_ros2/install/xarm_description:${AMENT_PREFIX_PATH} CMAKE_PREFIX_PATH=/home/robotron/robotron-ros2/src/xarm_ros2/install/xarm_sdk:/home/robotron/robotron-ros2/src/xarm_ros2/install/xarm_msgs:/home/robotron/robotron-ros2/src/xarm_ros2/install/xarm_description:/opt/ros/jazzy/opt/gz_sim_vendor:/opt/ros/jazzy/opt/gz_sensors_vendor:/opt/ros/jazzy/opt/gz_physics_vendor:/opt/ros/jazzy/opt/sdformat_vendor:/opt/ros/jazzy/opt/gz_gui_vendor:/opt/ros/jazzy/opt/gz_transport_vendor:/opt/ros/jazzy/opt/gz_rendering_vendor:/opt/ros/jazzy/opt/gz_plugin_vendor:/opt/ros/jazzy/opt/gz_fuel_tools_vendor:/opt/ros/jazzy/opt/gz_msgs_vendor:/opt/ros/jazzy/opt/gz_common_vendor:/opt/ros/jazzy/opt/gz_math_vendor:/opt/ros/jazzy/opt/gz_utils_vendor:/opt/ros/jazzy/opt/gz_tools_vendor:/opt/ros/jazzy/opt/gz_ogre_next_vendor:/opt/ros/jazzy/opt/gz_dartsim_vendor:/opt/ros/jazzy/opt/gz_cmake_vendor:/opt/ros/jazzy DEBUGINFOD_URLS=https://debuginfod.ubuntu.com LD_LIBRARY_PATH=/home/robotron/robotron-ros2/src/xarm_ros2/install/xarm_sdk/lib:/home/robotron/robotron-ros2/src/xarm_ros2/install/xarm_msgs/lib:${LD_LIBRARY_PATH} PYTHONPATH=/home/robotron/robotron-ros2/src/xarm_ros2/install/xarm_msgs/lib/python3.12/site-packages:${PYTHONPATH} /usr/bin/cmake /home/robotron/robotron-ros2/src/xarm_ros2/xarm_api -DCMAKE_INSTALL_PREFIX=/home/robotron/robotron-ros2/src/xarm_ros2/install/xarm_api
[0.223s] -- The C compiler identification is Clang 19.1.1
[0.340s] -- The CXX compiler identification is Clang 19.1.1
[0.372s] -- Detecting C compiler ABI info
[0.535s] -- Detecting C compiler ABI info - done
[0.546s] -- Check for working C compiler: /usr/bin/clang - skipped
[0.546s] -- Detecting C compile features
[0.547s] -- Detecting C compile features - done
[0.585s] -- Detecting CXX compiler ABI info
[0.866s] -- Detecting CXX compiler ABI info - done
[0.877s] -- Check for working CXX compiler: /usr/bin/clang++ - skipped
[0.878s] -- Detecting CXX compile features
[0.878s] -- Detecting CXX compile features - done
[0.886s] -- Found ament_cmake: 2.5.4 (/opt/ros/jazzy/share/ament_cmake/cmake)
[1.170s] -- Found Python3: /usr/bin/python3 (found version "3.12.3") found components: Interpreter 
[1.392s] -- Found ament_lint_auto: 0.17.3 (/opt/ros/jazzy/share/ament_lint_auto/cmake)
[1.638s] -- Found rclcpp: 28.1.12 (/opt/ros/jazzy/share/rclcpp/cmake)
[1.747s] -- Found rosidl_generator_c: 4.6.6 (/opt/ros/jazzy/share/rosidl_generator_c/cmake)
[1.819s] -- Found rosidl_generator_cpp: 4.6.6 (/opt/ros/jazzy/share/rosidl_generator_cpp/cmake)
[1.856s] -- Using all available rosidl_typesupport_c: rosidl_typesupport_fastrtps_c;rosidl_typesupport_introspection_c
[1.916s] -- Using all available rosidl_typesupport_cpp: rosidl_typesupport_fastrtps_cpp;rosidl_typesupport_introspection_cpp
[2.245s] -- Found rmw_implementation_cmake: 7.3.2 (/opt/ros/jazzy/share/rmw_implementation_cmake/cmake)
[2.254s] -- Found rmw_fastrtps_cpp: 8.4.3 (/opt/ros/jazzy/share/rmw_fastrtps_cpp/cmake)
[2.463s] -- Found OpenSSL: /usr/lib/x86_64-linux-gnu/libcrypto.so (found version "3.0.13")  
[2.495s] -- Found FastRTPS: /opt/ros/jazzy/include (Required is at least version "2.13") 
[2.540s] -- Using RMW implementation 'rmw_fastrtps_cpp' as default
[2.747s] -- Found rclcpp_action: 28.1.12 (/opt/ros/jazzy/share/rclcpp_action/cmake)
[3.062s] -- Found std_msgs: 5.3.6 (/opt/ros/jazzy/share/std_msgs/cmake)
[3.170s] -- Found sensor_msgs: 5.3.6 (/opt/ros/jazzy/share/sensor_msgs/cmake)
[3.421s] [31mCMake Error at CMakeLists.txt:43 (find_package):
[3.422s]   By not providing "Findcontrol_msgs.cmake" in CMAKE_MODULE_PATH this project
[3.422s]   has asked CMake to find a package configuration file provided by
[3.422s]   "control_msgs", but CMake did not find one.
[3.422s] 
[3.422s]   Could not find a package configuration file provided by "control_msgs" with
[3.423s]   any of the following names:
[3.423s] 
[3.423s]     control_msgsConfig.cmake
[3.423s]     control_msgs-config.cmake
[3.424s] 
[3.424s]   Add the installation prefix of "control_msgs" to CMAKE_PREFIX_PATH or set
[3.424s] -- Configuring incomplete, errors occurred!
[3.425s]   "control_msgs_DIR" to a directory containing one of the above files.  If
[3.425s]   "control_msgs" provides a separate development package or SDK, be sure it
[3.425s]   has been installed.
[3.425s] 
[3.425s] [0m
[3.440s] Invoked command in '/home/robotron/robotron-ros2/src/xarm_ros2/build/xarm_api' returned '1': AMENT_PREFIX_PATH=/home/robotron/robotron-ros2/src/xarm_ros2/install/xarm_sdk:/home/robotron/robotron-ros2/src/xarm_ros2/install/xarm_msgs:/home/robotron/robotron-ros2/src/xarm_ros2/install/xarm_description:${AMENT_PREFIX_PATH} CMAKE_PREFIX_PATH=/home/robotron/robotron-ros2/src/xarm_ros2/install/xarm_sdk:/home/robotron/robotron-ros2/src/xarm_ros2/install/xarm_msgs:/home/robotron/robotron-ros2/src/xarm_ros2/install/xarm_description:/opt/ros/jazzy/opt/gz_sim_vendor:/opt/ros/jazzy/opt/gz_sensors_vendor:/opt/ros/jazzy/opt/gz_physics_vendor:/opt/ros/jazzy/opt/sdformat_vendor:/opt/ros/jazzy/opt/gz_gui_vendor:/opt/ros/jazzy/opt/gz_transport_vendor:/opt/ros/jazzy/opt/gz_rendering_vendor:/opt/ros/jazzy/opt/gz_plugin_vendor:/opt/ros/jazzy/opt/gz_fuel_tools_vendor:/opt/ros/jazzy/opt/gz_msgs_vendor:/opt/ros/jazzy/opt/gz_common_vendor:/opt/ros/jazzy/opt/gz_math_vendor:/opt/ros/jazzy/opt/gz_utils_vendor:/opt/ros/jazzy/opt/gz_tools_vendor:/opt/ros/jazzy/opt/gz_ogre_next_vendor:/opt/ros/jazzy/opt/gz_dartsim_vendor:/opt/ros/jazzy/opt/gz_cmake_vendor:/opt/ros/jazzy DEBUGINFOD_URLS=https://debuginfod.ubuntu.com LD_LIBRARY_PATH=/home/robotron/robotron-ros2/src/xarm_ros2/install/xarm_sdk/lib:/home/robotron/robotron-ros2/src/xarm_ros2/install/xarm_msgs/lib:${LD_LIBRARY_PATH} PYTHONPATH=/home/robotron/robotron-ros2/src/xarm_ros2/install/xarm_msgs/lib/python3.12/site-packages:${PYTHONPATH} /usr/bin/cmake /home/robotron/robotron-ros2/src/xarm_ros2/xarm_api -DCMAKE_INSTALL_PREFIX=/home/robotron/robotron-ros2/src/xarm_ros2/install/xarm_api
