[0.439s] Invoking command in '/home/robotron/robotron-ros2/src/xarm_ros2/build/realsense_gazebo_plugin': CMAKE_PREFIX_PATH=${CMAKE_PREFIX_PATH}:/opt/ros/jazzy DEBUGINFOD_URLS=https://debuginfod.ubuntu.com /usr/bin/cmake --build /home/robotron/robotron-ros2/src/xarm_ros2/build/realsense_gazebo_plugin -- -j12 -l12
[0.582s] Invoked command in '/home/robotron/robotron-ros2/src/xarm_ros2/build/realsense_gazebo_plugin' returned '0': CMAKE_PREFIX_PATH=${CMAKE_PREFIX_PATH}:/opt/ros/jazzy DEBUGINFOD_URLS=https://debuginfod.ubuntu.com /usr/bin/cmake --build /home/robotron/robotron-ros2/src/xarm_ros2/build/realsense_gazebo_plugin -- -j12 -l12
[0.582s] Invoking command in '/home/robotron/robotron-ros2/src/xarm_ros2/build/realsense_gazebo_plugin': CMAKE_PREFIX_PATH=${CMAKE_PREFIX_PATH}:/opt/ros/jazzy DEBUGINFOD_URLS=https://debuginfod.ubuntu.com /usr/bin/cmake --install /home/robotron/robotron-ros2/src/xarm_ros2/build/realsense_gazebo_plugin
[0.602s] -- Install configuration: ""
[0.603s] -- Up-to-date: /home/robotron/robotron-ros2/src/xarm_ros2/install/realsense_gazebo_plugin/share/realsense_gazebo_plugin/environment/library_path.sh
[0.603s] -- Up-to-date: /home/robotron/robotron-ros2/src/xarm_ros2/install/realsense_gazebo_plugin/share/realsense_gazebo_plugin/environment/library_path.dsv
[0.603s] -- Up-to-date: /home/robotron/robotron-ros2/src/xarm_ros2/install/realsense_gazebo_plugin/share/ament_index/resource_index/package_run_dependencies/realsense_gazebo_plugin
[0.603s] -- Up-to-date: /home/robotron/robotron-ros2/src/xarm_ros2/install/realsense_gazebo_plugin/share/ament_index/resource_index/parent_prefix_path/realsense_gazebo_plugin
[0.603s] -- Up-to-date: /home/robotron/robotron-ros2/src/xarm_ros2/install/realsense_gazebo_plugin/share/realsense_gazebo_plugin/environment/ament_prefix_path.sh
[0.603s] -- Up-to-date: /home/robotron/robotron-ros2/src/xarm_ros2/install/realsense_gazebo_plugin/share/realsense_gazebo_plugin/environment/ament_prefix_path.dsv
[0.603s] -- Up-to-date: /home/robotron/robotron-ros2/src/xarm_ros2/install/realsense_gazebo_plugin/share/realsense_gazebo_plugin/environment/path.sh
[0.604s] -- Up-to-date: /home/robotron/robotron-ros2/src/xarm_ros2/install/realsense_gazebo_plugin/share/realsense_gazebo_plugin/environment/path.dsv
[0.604s] -- Up-to-date: /home/robotron/robotron-ros2/src/xarm_ros2/install/realsense_gazebo_plugin/share/realsense_gazebo_plugin/local_setup.bash
[0.604s] -- Up-to-date: /home/robotron/robotron-ros2/src/xarm_ros2/install/realsense_gazebo_plugin/share/realsense_gazebo_plugin/local_setup.sh
[0.604s] -- Up-to-date: /home/robotron/robotron-ros2/src/xarm_ros2/install/realsense_gazebo_plugin/share/realsense_gazebo_plugin/local_setup.zsh
[0.604s] -- Up-to-date: /home/robotron/robotron-ros2/src/xarm_ros2/install/realsense_gazebo_plugin/share/realsense_gazebo_plugin/local_setup.dsv
[0.604s] -- Up-to-date: /home/robotron/robotron-ros2/src/xarm_ros2/install/realsense_gazebo_plugin/share/realsense_gazebo_plugin/package.dsv
[0.604s] -- Up-to-date: /home/robotron/robotron-ros2/src/xarm_ros2/install/realsense_gazebo_plugin/share/ament_index/resource_index/packages/realsense_gazebo_plugin
[0.604s] -- Up-to-date: /home/robotron/robotron-ros2/src/xarm_ros2/install/realsense_gazebo_plugin/share/realsense_gazebo_plugin/cmake/ament_cmake_export_include_directories-extras.cmake
[0.605s] -- Up-to-date: /home/robotron/robotron-ros2/src/xarm_ros2/install/realsense_gazebo_plugin/share/realsense_gazebo_plugin/cmake/ament_cmake_export_libraries-extras.cmake
[0.605s] -- Up-to-date: /home/robotron/robotron-ros2/src/xarm_ros2/install/realsense_gazebo_plugin/share/realsense_gazebo_plugin/cmake/realsense_gazebo_pluginConfig.cmake
[0.605s] -- Up-to-date: /home/robotron/robotron-ros2/src/xarm_ros2/install/realsense_gazebo_plugin/share/realsense_gazebo_plugin/cmake/realsense_gazebo_pluginConfig-version.cmake
[0.605s] -- Up-to-date: /home/robotron/robotron-ros2/src/xarm_ros2/install/realsense_gazebo_plugin/share/realsense_gazebo_plugin/package.xml
[0.632s] Invoked command in '/home/robotron/robotron-ros2/src/xarm_ros2/build/realsense_gazebo_plugin' returned '0': CMAKE_PREFIX_PATH=${CMAKE_PREFIX_PATH}:/opt/ros/jazzy DEBUGINFOD_URLS=https://debuginfod.ubuntu.com /usr/bin/cmake --install /home/robotron/robotron-ros2/src/xarm_ros2/build/realsense_gazebo_plugin
