[0.016s] Invoking command in '/home/robotron/robotron-ros2/src/xarm_ros2/build/xarm_api': AMENT_PREFIX_PATH=/home/robotron/robotron-ros2/src/xarm_ros2/install/xarm_sdk:/home/robotron/robotron-ros2/src/xarm_ros2/install/xarm_msgs:/home/robotron/robotron-ros2/src/xarm_ros2/install/xarm_description:${AMENT_PREFIX_PATH} CMAKE_PREFIX_PATH=/home/robotron/robotron-ros2/src/xarm_ros2/install/xarm_sdk:/home/robotron/robotron-ros2/src/xarm_ros2/install/xarm_msgs:/home/robotron/robotron-ros2/src/xarm_ros2/install/xarm_description:/opt/ros/jazzy/opt/gz_sim_vendor:/opt/ros/jazzy/opt/gz_sensors_vendor:/opt/ros/jazzy/opt/gz_physics_vendor:/opt/ros/jazzy/opt/sdformat_vendor:/opt/ros/jazzy/opt/gz_gui_vendor:/opt/ros/jazzy/opt/gz_transport_vendor:/opt/ros/jazzy/opt/gz_rendering_vendor:/opt/ros/jazzy/opt/gz_plugin_vendor:/opt/ros/jazzy/opt/gz_fuel_tools_vendor:/opt/ros/jazzy/opt/gz_msgs_vendor:/opt/ros/jazzy/opt/gz_common_vendor:/opt/ros/jazzy/opt/gz_math_vendor:/opt/ros/jazzy/opt/gz_utils_vendor:/opt/ros/jazzy/opt/gz_tools_vendor:/opt/ros/jazzy/opt/gz_ogre_next_vendor:/opt/ros/jazzy/opt/gz_dartsim_vendor:/opt/ros/jazzy/opt/gz_cmake_vendor:/opt/ros/jazzy DEBUGINFOD_URLS=https://debuginfod.ubuntu.com LD_LIBRARY_PATH=/home/robotron/robotron-ros2/src/xarm_ros2/install/xarm_sdk/lib:/home/robotron/robotron-ros2/src/xarm_ros2/install/xarm_msgs/lib:${LD_LIBRARY_PATH} PYTHONPATH=/home/robotron/robotron-ros2/src/xarm_ros2/install/xarm_msgs/lib/python3.12/site-packages:${PYTHONPATH} /usr/bin/cmake /home/robotron/robotron-ros2/src/xarm_ros2/xarm_api -DCMAKE_INSTALL_PREFIX=/home/robotron/robotron-ros2/src/xarm_ros2/install/xarm_api
[0.039s] -- Found ament_cmake: 2.5.4 (/opt/ros/jazzy/share/ament_cmake/cmake)
[0.270s] -- Found ament_lint_auto: 0.17.3 (/opt/ros/jazzy/share/ament_lint_auto/cmake)
[0.373s] -- Found rclcpp: 28.1.12 (/opt/ros/jazzy/share/rclcpp/cmake)
[0.413s] -- Found rosidl_generator_c: 4.6.6 (/opt/ros/jazzy/share/rosidl_generator_c/cmake)
[0.424s] -- Found rosidl_generator_cpp: 4.6.6 (/opt/ros/jazzy/share/rosidl_generator_cpp/cmake)
[0.438s] -- Using all available rosidl_typesupport_c: rosidl_typesupport_fastrtps_c;rosidl_typesupport_introspection_c
[0.453s] -- Using all available rosidl_typesupport_cpp: rosidl_typesupport_fastrtps_cpp;rosidl_typesupport_introspection_cpp
[0.548s] -- Found rmw_implementation_cmake: 7.3.2 (/opt/ros/jazzy/share/rmw_implementation_cmake/cmake)
[0.549s] -- Found rmw_fastrtps_cpp: 8.4.3 (/opt/ros/jazzy/share/rmw_fastrtps_cpp/cmake)
[0.634s] -- Using RMW implementation 'rmw_fastrtps_cpp' as default
[0.723s] -- Found rclcpp_action: 28.1.12 (/opt/ros/jazzy/share/rclcpp_action/cmake)
[0.771s] -- Found std_msgs: 5.3.6 (/opt/ros/jazzy/share/std_msgs/cmake)
[0.794s] -- Found sensor_msgs: 5.3.6 (/opt/ros/jazzy/share/sensor_msgs/cmake)
[0.862s] [31mCMake Error at CMakeLists.txt:43 (find_package):
[0.862s]   By not providing "Findcontrol_msgs.cmake" in CMAKE_MODULE_PATH this project
[0.862s]   has asked CMake to find a package configuration file provided by
[0.862s]   "control_msgs", but CMake did not find one.
[0.862s] 
[0.863s]   Could not find a package configuration file provided by "control_msgs" with
[0.863s]   any of the following names:
[0.863s] 
[0.863s]     control_msgsConfig.cmake
[0.863s]     control_msgs-config.cmake
[0.863s] 
[0.863s]   Add the installation prefix of "control_msgs" to CMAKE_PREFIX_PATH or set
[0.863s]   "control_msgs_DIR" to a directory containing one of the above files.  If
[0.863s]   "control_msgs" provides a separate development package or SDK, be sure it
[0.863s]   has been installed.
[0.863s] 
[0.863s] [0m
[0.863s] -- Configuring incomplete, errors occurred!
[0.869s] Invoked command in '/home/robotron/robotron-ros2/src/xarm_ros2/build/xarm_api' returned '1': AMENT_PREFIX_PATH=/home/robotron/robotron-ros2/src/xarm_ros2/install/xarm_sdk:/home/robotron/robotron-ros2/src/xarm_ros2/install/xarm_msgs:/home/robotron/robotron-ros2/src/xarm_ros2/install/xarm_description:${AMENT_PREFIX_PATH} CMAKE_PREFIX_PATH=/home/robotron/robotron-ros2/src/xarm_ros2/install/xarm_sdk:/home/robotron/robotron-ros2/src/xarm_ros2/install/xarm_msgs:/home/robotron/robotron-ros2/src/xarm_ros2/install/xarm_description:/opt/ros/jazzy/opt/gz_sim_vendor:/opt/ros/jazzy/opt/gz_sensors_vendor:/opt/ros/jazzy/opt/gz_physics_vendor:/opt/ros/jazzy/opt/sdformat_vendor:/opt/ros/jazzy/opt/gz_gui_vendor:/opt/ros/jazzy/opt/gz_transport_vendor:/opt/ros/jazzy/opt/gz_rendering_vendor:/opt/ros/jazzy/opt/gz_plugin_vendor:/opt/ros/jazzy/opt/gz_fuel_tools_vendor:/opt/ros/jazzy/opt/gz_msgs_vendor:/opt/ros/jazzy/opt/gz_common_vendor:/opt/ros/jazzy/opt/gz_math_vendor:/opt/ros/jazzy/opt/gz_utils_vendor:/opt/ros/jazzy/opt/gz_tools_vendor:/opt/ros/jazzy/opt/gz_ogre_next_vendor:/opt/ros/jazzy/opt/gz_dartsim_vendor:/opt/ros/jazzy/opt/gz_cmake_vendor:/opt/ros/jazzy DEBUGINFOD_URLS=https://debuginfod.ubuntu.com LD_LIBRARY_PATH=/home/robotron/robotron-ros2/src/xarm_ros2/install/xarm_sdk/lib:/home/robotron/robotron-ros2/src/xarm_ros2/install/xarm_msgs/lib:${LD_LIBRARY_PATH} PYTHONPATH=/home/robotron/robotron-ros2/src/xarm_ros2/install/xarm_msgs/lib/python3.12/site-packages:${PYTHONPATH} /usr/bin/cmake /home/robotron/robotron-ros2/src/xarm_ros2/xarm_api -DCMAKE_INSTALL_PREFIX=/home/robotron/robotron-ros2/src/xarm_ros2/install/xarm_api
