[0.282s] DEBUG:colcon:Command line arguments: ['/usr/bin/colcon', 'build']
[0.282s] DEBUG:colcon:Parsed command line arguments: Namespace(log_base=None, log_level=None, verb_name='build', build_base='build', install_base='install', merge_install=False, symlink_install=False, test_result_base=None, continue_on_error=False, executor='parallel', parallel_workers=12, event_handlers=None, ignore_user_meta=False, metas=['./colcon.meta'], base_paths=['.'], packages_ignore=None, packages_ignore_regex=None, paths=None, packages_up_to=None, packages_up_to_regex=None, packages_above=None, packages_above_and_dependencies=None, packages_above_depth=None, packages_select_by_dep=None, packages_skip_by_dep=None, packages_skip_up_to=None, packages_select_build_failed=False, packages_skip_build_finished=False, packages_select_test_failures=False, packages_skip_test_passed=False, packages_select=None, packages_skip=None, packages_select_regex=None, packages_skip_regex=None, packages_start=None, packages_end=None, allow_overriding=[], cmake_args=None, cmake_target=None, cmake_target_skip_unavailable=False, cmake_clean_cache=False, cmake_clean_first=False, cmake_force_configure=False, ament_cmake_args=None, catkin_cmake_args=None, catkin_skip_building_tests=False, verb_parser=<colcon_defaults.argument_parser.defaults.DefaultArgumentsDecorator object at 0x7375b5eacbf0>, verb_extension=<colcon_core.verb.build.BuildVerb object at 0x7375b601d880>, main=<bound method BuildVerb.main of <colcon_core.verb.build.BuildVerb object at 0x7375b601d880>>)
[0.382s] Level 1:colcon.colcon_core.package_discovery:discover_packages(colcon_meta) check parameters
[0.382s] Level 1:colcon.colcon_core.package_discovery:discover_packages(recursive) check parameters
[0.382s] Level 1:colcon.colcon_core.package_discovery:discover_packages(ignore) check parameters
[0.382s] Level 1:colcon.colcon_core.package_discovery:discover_packages(path) check parameters
[0.382s] Level 1:colcon.colcon_core.package_discovery:discover_packages(colcon_meta) discover
[0.382s] Level 1:colcon.colcon_core.package_discovery:discover_packages(recursive) discover
[0.382s] INFO:colcon.colcon_core.package_discovery:Crawling recursively for packages in '/home/robotron/robotron-ros2/src/xarm_ros2'
[0.382s] Level 1:colcon.colcon_core.package_identification:_identify(.) by extensions ['ignore', 'ignore_ament_install']
[0.382s] Level 1:colcon.colcon_core.package_identification:_identify(.) by extension 'ignore'
[0.383s] Level 1:colcon.colcon_core.package_identification:_identify(.) by extension 'ignore_ament_install'
[0.383s] Level 1:colcon.colcon_core.package_identification:_identify(.) by extensions ['colcon_pkg']
[0.383s] Level 1:colcon.colcon_core.package_identification:_identify(.) by extension 'colcon_pkg'
[0.383s] Level 1:colcon.colcon_core.package_identification:_identify(.) by extensions ['colcon_meta']
[0.383s] Level 1:colcon.colcon_core.package_identification:_identify(.) by extension 'colcon_meta'
[0.383s] Level 1:colcon.colcon_core.package_identification:_identify(.) by extensions ['ros']
[0.383s] Level 1:colcon.colcon_core.package_identification:_identify(.) by extension 'ros'
[0.404s] Level 1:colcon.colcon_core.package_identification:_identify(.) by extensions ['cmake', 'python']
[0.404s] Level 1:colcon.colcon_core.package_identification:_identify(.) by extension 'cmake'
[0.404s] Level 1:colcon.colcon_core.package_identification:_identify(.) by extension 'python'
[0.404s] Level 1:colcon.colcon_core.package_identification:_identify(.) by extensions ['python_setup_py']
[0.404s] Level 1:colcon.colcon_core.package_identification:_identify(.) by extension 'python_setup_py'
[0.405s] Level 1:colcon.colcon_core.package_identification:_identify(build) by extensions ['ignore', 'ignore_ament_install']
[0.405s] Level 1:colcon.colcon_core.package_identification:_identify(build) by extension 'ignore'
[0.405s] Level 1:colcon.colcon_core.package_identification:_identify(build) ignored
[0.405s] Level 1:colcon.colcon_core.package_identification:_identify(demo) by extensions ['ignore', 'ignore_ament_install']
[0.405s] Level 1:colcon.colcon_core.package_identification:_identify(demo) by extension 'ignore'
[0.405s] Level 1:colcon.colcon_core.package_identification:_identify(demo) by extension 'ignore_ament_install'
[0.405s] Level 1:colcon.colcon_core.package_identification:_identify(demo) by extensions ['colcon_pkg']
[0.405s] Level 1:colcon.colcon_core.package_identification:_identify(demo) by extension 'colcon_pkg'
[0.405s] Level 1:colcon.colcon_core.package_identification:_identify(demo) by extensions ['colcon_meta']
[0.405s] Level 1:colcon.colcon_core.package_identification:_identify(demo) by extension 'colcon_meta'
[0.405s] Level 1:colcon.colcon_core.package_identification:_identify(demo) by extensions ['ros']
[0.405s] Level 1:colcon.colcon_core.package_identification:_identify(demo) by extension 'ros'
[0.405s] Level 1:colcon.colcon_core.package_identification:_identify(demo) by extensions ['cmake', 'python']
[0.405s] Level 1:colcon.colcon_core.package_identification:_identify(demo) by extension 'cmake'
[0.405s] Level 1:colcon.colcon_core.package_identification:_identify(demo) by extension 'python'
[0.405s] Level 1:colcon.colcon_core.package_identification:_identify(demo) by extensions ['python_setup_py']
[0.405s] Level 1:colcon.colcon_core.package_identification:_identify(demo) by extension 'python_setup_py'
[0.405s] Level 1:colcon.colcon_core.package_identification:_identify(demo/mbot_demo) by extensions ['ignore', 'ignore_ament_install']
[0.405s] Level 1:colcon.colcon_core.package_identification:_identify(demo/mbot_demo) by extension 'ignore'
[0.406s] Level 1:colcon.colcon_core.package_identification:_identify(demo/mbot_demo) by extension 'ignore_ament_install'
[0.406s] Level 1:colcon.colcon_core.package_identification:_identify(demo/mbot_demo) by extensions ['colcon_pkg']
[0.406s] Level 1:colcon.colcon_core.package_identification:_identify(demo/mbot_demo) by extension 'colcon_pkg'
[0.406s] Level 1:colcon.colcon_core.package_identification:_identify(demo/mbot_demo) by extensions ['colcon_meta']
[0.406s] Level 1:colcon.colcon_core.package_identification:_identify(demo/mbot_demo) by extension 'colcon_meta'
[0.406s] Level 1:colcon.colcon_core.package_identification:_identify(demo/mbot_demo) by extensions ['ros']
[0.406s] Level 1:colcon.colcon_core.package_identification:_identify(demo/mbot_demo) by extension 'ros'
[0.408s] DEBUG:colcon.colcon_core.package_identification:Package 'demo/mbot_demo' with type 'ros.ament_cmake' and name 'mbot_demo'
[0.408s] Level 1:colcon.colcon_core.package_identification:_identify(install) by extensions ['ignore', 'ignore_ament_install']
[0.408s] Level 1:colcon.colcon_core.package_identification:_identify(install) by extension 'ignore'
[0.408s] Level 1:colcon.colcon_core.package_identification:_identify(install) ignored
[0.408s] Level 1:colcon.colcon_core.package_identification:_identify(log) by extensions ['ignore', 'ignore_ament_install']
[0.408s] Level 1:colcon.colcon_core.package_identification:_identify(log) by extension 'ignore'
[0.408s] Level 1:colcon.colcon_core.package_identification:_identify(log) ignored
[0.409s] Level 1:colcon.colcon_core.package_identification:_identify(thirdparty) by extensions ['ignore', 'ignore_ament_install']
[0.409s] Level 1:colcon.colcon_core.package_identification:_identify(thirdparty) by extension 'ignore'
[0.409s] Level 1:colcon.colcon_core.package_identification:_identify(thirdparty) by extension 'ignore_ament_install'
[0.409s] Level 1:colcon.colcon_core.package_identification:_identify(thirdparty) by extensions ['colcon_pkg']
[0.409s] Level 1:colcon.colcon_core.package_identification:_identify(thirdparty) by extension 'colcon_pkg'
[0.409s] Level 1:colcon.colcon_core.package_identification:_identify(thirdparty) by extensions ['colcon_meta']
[0.409s] Level 1:colcon.colcon_core.package_identification:_identify(thirdparty) by extension 'colcon_meta'
[0.409s] Level 1:colcon.colcon_core.package_identification:_identify(thirdparty) by extensions ['ros']
[0.409s] Level 1:colcon.colcon_core.package_identification:_identify(thirdparty) by extension 'ros'
[0.409s] Level 1:colcon.colcon_core.package_identification:_identify(thirdparty) by extensions ['cmake', 'python']
[0.409s] Level 1:colcon.colcon_core.package_identification:_identify(thirdparty) by extension 'cmake'
[0.409s] Level 1:colcon.colcon_core.package_identification:_identify(thirdparty) by extension 'python'
[0.409s] Level 1:colcon.colcon_core.package_identification:_identify(thirdparty) by extensions ['python_setup_py']
[0.409s] Level 1:colcon.colcon_core.package_identification:_identify(thirdparty) by extension 'python_setup_py'
[0.409s] Level 1:colcon.colcon_core.package_identification:_identify(thirdparty/realsense_gazebo_plugin) by extensions ['ignore', 'ignore_ament_install']
[0.409s] Level 1:colcon.colcon_core.package_identification:_identify(thirdparty/realsense_gazebo_plugin) by extension 'ignore'
[0.409s] Level 1:colcon.colcon_core.package_identification:_identify(thirdparty/realsense_gazebo_plugin) by extension 'ignore_ament_install'
[0.409s] Level 1:colcon.colcon_core.package_identification:_identify(thirdparty/realsense_gazebo_plugin) by extensions ['colcon_pkg']
[0.409s] Level 1:colcon.colcon_core.package_identification:_identify(thirdparty/realsense_gazebo_plugin) by extension 'colcon_pkg'
[0.409s] Level 1:colcon.colcon_core.package_identification:_identify(thirdparty/realsense_gazebo_plugin) by extensions ['colcon_meta']
[0.409s] Level 1:colcon.colcon_core.package_identification:_identify(thirdparty/realsense_gazebo_plugin) by extension 'colcon_meta'
[0.409s] Level 1:colcon.colcon_core.package_identification:_identify(thirdparty/realsense_gazebo_plugin) by extensions ['ros']
[0.410s] Level 1:colcon.colcon_core.package_identification:_identify(thirdparty/realsense_gazebo_plugin) by extension 'ros'
[0.410s] DEBUG:colcon.colcon_core.package_identification:Package 'thirdparty/realsense_gazebo_plugin' with type 'ros.ament_cmake' and name 'realsense_gazebo_plugin'
[0.410s] Level 1:colcon.colcon_core.package_identification:_identify(uf_ros_lib) by extensions ['ignore', 'ignore_ament_install']
[0.410s] Level 1:colcon.colcon_core.package_identification:_identify(uf_ros_lib) by extension 'ignore'
[0.410s] Level 1:colcon.colcon_core.package_identification:_identify(uf_ros_lib) by extension 'ignore_ament_install'
[0.410s] Level 1:colcon.colcon_core.package_identification:_identify(uf_ros_lib) by extensions ['colcon_pkg']
[0.410s] Level 1:colcon.colcon_core.package_identification:_identify(uf_ros_lib) by extension 'colcon_pkg'
[0.410s] Level 1:colcon.colcon_core.package_identification:_identify(uf_ros_lib) by extensions ['colcon_meta']
[0.410s] Level 1:colcon.colcon_core.package_identification:_identify(uf_ros_lib) by extension 'colcon_meta'
[0.410s] Level 1:colcon.colcon_core.package_identification:_identify(uf_ros_lib) by extensions ['ros']
[0.410s] Level 1:colcon.colcon_core.package_identification:_identify(uf_ros_lib) by extension 'ros'
[0.411s] DEBUG:colcon.colcon_core.package_identification:Package 'uf_ros_lib' with type 'ros.ament_python' and name 'uf_ros_lib'
[0.411s] Level 1:colcon.colcon_core.package_identification:_identify(xarm_api) by extensions ['ignore', 'ignore_ament_install']
[0.411s] Level 1:colcon.colcon_core.package_identification:_identify(xarm_api) by extension 'ignore'
[0.411s] Level 1:colcon.colcon_core.package_identification:_identify(xarm_api) by extension 'ignore_ament_install'
[0.411s] Level 1:colcon.colcon_core.package_identification:_identify(xarm_api) by extensions ['colcon_pkg']
[0.411s] Level 1:colcon.colcon_core.package_identification:_identify(xarm_api) by extension 'colcon_pkg'
[0.411s] Level 1:colcon.colcon_core.package_identification:_identify(xarm_api) by extensions ['colcon_meta']
[0.411s] Level 1:colcon.colcon_core.package_identification:_identify(xarm_api) by extension 'colcon_meta'
[0.411s] Level 1:colcon.colcon_core.package_identification:_identify(xarm_api) by extensions ['ros']
[0.411s] Level 1:colcon.colcon_core.package_identification:_identify(xarm_api) by extension 'ros'
[0.412s] DEBUG:colcon.colcon_core.package_identification:Package 'xarm_api' with type 'ros.ament_cmake' and name 'xarm_api'
[0.412s] Level 1:colcon.colcon_core.package_identification:_identify(xarm_controller) by extensions ['ignore', 'ignore_ament_install']
[0.412s] Level 1:colcon.colcon_core.package_identification:_identify(xarm_controller) by extension 'ignore'
[0.412s] Level 1:colcon.colcon_core.package_identification:_identify(xarm_controller) by extension 'ignore_ament_install'
[0.412s] Level 1:colcon.colcon_core.package_identification:_identify(xarm_controller) by extensions ['colcon_pkg']
[0.412s] Level 1:colcon.colcon_core.package_identification:_identify(xarm_controller) by extension 'colcon_pkg'
[0.412s] Level 1:colcon.colcon_core.package_identification:_identify(xarm_controller) by extensions ['colcon_meta']
[0.412s] Level 1:colcon.colcon_core.package_identification:_identify(xarm_controller) by extension 'colcon_meta'
[0.412s] Level 1:colcon.colcon_core.package_identification:_identify(xarm_controller) by extensions ['ros']
[0.413s] Level 1:colcon.colcon_core.package_identification:_identify(xarm_controller) by extension 'ros'
[0.413s] DEBUG:colcon.colcon_core.package_identification:Package 'xarm_controller' with type 'ros.ament_cmake' and name 'xarm_controller'
[0.414s] Level 1:colcon.colcon_core.package_identification:_identify(xarm_description) by extensions ['ignore', 'ignore_ament_install']
[0.414s] Level 1:colcon.colcon_core.package_identification:_identify(xarm_description) by extension 'ignore'
[0.414s] Level 1:colcon.colcon_core.package_identification:_identify(xarm_description) by extension 'ignore_ament_install'
[0.414s] Level 1:colcon.colcon_core.package_identification:_identify(xarm_description) by extensions ['colcon_pkg']
[0.414s] Level 1:colcon.colcon_core.package_identification:_identify(xarm_description) by extension 'colcon_pkg'
[0.414s] Level 1:colcon.colcon_core.package_identification:_identify(xarm_description) by extensions ['colcon_meta']
[0.414s] Level 1:colcon.colcon_core.package_identification:_identify(xarm_description) by extension 'colcon_meta'
[0.414s] Level 1:colcon.colcon_core.package_identification:_identify(xarm_description) by extensions ['ros']
[0.414s] Level 1:colcon.colcon_core.package_identification:_identify(xarm_description) by extension 'ros'
[0.414s] DEBUG:colcon.colcon_core.package_identification:Package 'xarm_description' with type 'ros.ament_cmake' and name 'xarm_description'
[0.414s] Level 1:colcon.colcon_core.package_identification:_identify(xarm_gazebo) by extensions ['ignore', 'ignore_ament_install']
[0.414s] Level 1:colcon.colcon_core.package_identification:_identify(xarm_gazebo) by extension 'ignore'
[0.414s] Level 1:colcon.colcon_core.package_identification:_identify(xarm_gazebo) by extension 'ignore_ament_install'
[0.415s] Level 1:colcon.colcon_core.package_identification:_identify(xarm_gazebo) by extensions ['colcon_pkg']
[0.415s] Level 1:colcon.colcon_core.package_identification:_identify(xarm_gazebo) by extension 'colcon_pkg'
[0.415s] Level 1:colcon.colcon_core.package_identification:_identify(xarm_gazebo) by extensions ['colcon_meta']
[0.415s] Level 1:colcon.colcon_core.package_identification:_identify(xarm_gazebo) by extension 'colcon_meta'
[0.415s] Level 1:colcon.colcon_core.package_identification:_identify(xarm_gazebo) by extensions ['ros']
[0.415s] Level 1:colcon.colcon_core.package_identification:_identify(xarm_gazebo) by extension 'ros'
[0.415s] DEBUG:colcon.colcon_core.package_identification:Package 'xarm_gazebo' with type 'ros.ament_cmake' and name 'xarm_gazebo'
[0.415s] Level 1:colcon.colcon_core.package_identification:_identify(xarm_moveit_config) by extensions ['ignore', 'ignore_ament_install']
[0.416s] Level 1:colcon.colcon_core.package_identification:_identify(xarm_moveit_config) by extension 'ignore'
[0.416s] Level 1:colcon.colcon_core.package_identification:_identify(xarm_moveit_config) by extension 'ignore_ament_install'
[0.416s] Level 1:colcon.colcon_core.package_identification:_identify(xarm_moveit_config) by extensions ['colcon_pkg']
[0.416s] Level 1:colcon.colcon_core.package_identification:_identify(xarm_moveit_config) by extension 'colcon_pkg'
[0.416s] Level 1:colcon.colcon_core.package_identification:_identify(xarm_moveit_config) by extensions ['colcon_meta']
[0.416s] Level 1:colcon.colcon_core.package_identification:_identify(xarm_moveit_config) by extension 'colcon_meta'
[0.416s] Level 1:colcon.colcon_core.package_identification:_identify(xarm_moveit_config) by extensions ['ros']
[0.416s] Level 1:colcon.colcon_core.package_identification:_identify(xarm_moveit_config) by extension 'ros'
[0.416s] DEBUG:colcon.colcon_core.package_identification:Package 'xarm_moveit_config' with type 'ros.ament_cmake' and name 'xarm_moveit_config'
[0.416s] Level 1:colcon.colcon_core.package_identification:_identify(xarm_moveit_servo) by extensions ['ignore', 'ignore_ament_install']
[0.417s] Level 1:colcon.colcon_core.package_identification:_identify(xarm_moveit_servo) by extension 'ignore'
[0.417s] Level 1:colcon.colcon_core.package_identification:_identify(xarm_moveit_servo) by extension 'ignore_ament_install'
[0.417s] Level 1:colcon.colcon_core.package_identification:_identify(xarm_moveit_servo) by extensions ['colcon_pkg']
[0.417s] Level 1:colcon.colcon_core.package_identification:_identify(xarm_moveit_servo) by extension 'colcon_pkg'
[0.417s] Level 1:colcon.colcon_core.package_identification:_identify(xarm_moveit_servo) by extensions ['colcon_meta']
[0.417s] Level 1:colcon.colcon_core.package_identification:_identify(xarm_moveit_servo) by extension 'colcon_meta'
[0.417s] Level 1:colcon.colcon_core.package_identification:_identify(xarm_moveit_servo) by extensions ['ros']
[0.417s] Level 1:colcon.colcon_core.package_identification:_identify(xarm_moveit_servo) by extension 'ros'
[0.418s] DEBUG:colcon.colcon_core.package_identification:Package 'xarm_moveit_servo' with type 'ros.ament_cmake' and name 'xarm_moveit_servo'
[0.418s] Level 1:colcon.colcon_core.package_identification:_identify(xarm_msgs) by extensions ['ignore', 'ignore_ament_install']
[0.418s] Level 1:colcon.colcon_core.package_identification:_identify(xarm_msgs) by extension 'ignore'
[0.418s] Level 1:colcon.colcon_core.package_identification:_identify(xarm_msgs) by extension 'ignore_ament_install'
[0.418s] Level 1:colcon.colcon_core.package_identification:_identify(xarm_msgs) by extensions ['colcon_pkg']
[0.418s] Level 1:colcon.colcon_core.package_identification:_identify(xarm_msgs) by extension 'colcon_pkg'
[0.418s] Level 1:colcon.colcon_core.package_identification:_identify(xarm_msgs) by extensions ['colcon_meta']
[0.418s] Level 1:colcon.colcon_core.package_identification:_identify(xarm_msgs) by extension 'colcon_meta'
[0.418s] Level 1:colcon.colcon_core.package_identification:_identify(xarm_msgs) by extensions ['ros']
[0.419s] Level 1:colcon.colcon_core.package_identification:_identify(xarm_msgs) by extension 'ros'
[0.419s] DEBUG:colcon.colcon_core.package_identification:Package 'xarm_msgs' with type 'ros.ament_cmake' and name 'xarm_msgs'
[0.419s] Level 1:colcon.colcon_core.package_identification:_identify(xarm_planner) by extensions ['ignore', 'ignore_ament_install']
[0.419s] Level 1:colcon.colcon_core.package_identification:_identify(xarm_planner) by extension 'ignore'
[0.419s] Level 1:colcon.colcon_core.package_identification:_identify(xarm_planner) by extension 'ignore_ament_install'
[0.419s] Level 1:colcon.colcon_core.package_identification:_identify(xarm_planner) by extensions ['colcon_pkg']
[0.419s] Level 1:colcon.colcon_core.package_identification:_identify(xarm_planner) by extension 'colcon_pkg'
[0.419s] Level 1:colcon.colcon_core.package_identification:_identify(xarm_planner) by extensions ['colcon_meta']
[0.420s] Level 1:colcon.colcon_core.package_identification:_identify(xarm_planner) by extension 'colcon_meta'
[0.420s] Level 1:colcon.colcon_core.package_identification:_identify(xarm_planner) by extensions ['ros']
[0.420s] Level 1:colcon.colcon_core.package_identification:_identify(xarm_planner) by extension 'ros'
[0.420s] DEBUG:colcon.colcon_core.package_identification:Package 'xarm_planner' with type 'ros.ament_cmake' and name 'xarm_planner'
[0.421s] Level 1:colcon.colcon_core.package_identification:_identify(xarm_sdk) by extensions ['ignore', 'ignore_ament_install']
[0.421s] Level 1:colcon.colcon_core.package_identification:_identify(xarm_sdk) by extension 'ignore'
[0.421s] Level 1:colcon.colcon_core.package_identification:_identify(xarm_sdk) by extension 'ignore_ament_install'
[0.421s] Level 1:colcon.colcon_core.package_identification:_identify(xarm_sdk) by extensions ['colcon_pkg']
[0.421s] Level 1:colcon.colcon_core.package_identification:_identify(xarm_sdk) by extension 'colcon_pkg'
[0.421s] Level 1:colcon.colcon_core.package_identification:_identify(xarm_sdk) by extensions ['colcon_meta']
[0.421s] Level 1:colcon.colcon_core.package_identification:_identify(xarm_sdk) by extension 'colcon_meta'
[0.421s] Level 1:colcon.colcon_core.package_identification:_identify(xarm_sdk) by extensions ['ros']
[0.421s] Level 1:colcon.colcon_core.package_identification:_identify(xarm_sdk) by extension 'ros'
[0.421s] DEBUG:colcon.colcon_core.package_identification:Package 'xarm_sdk' with type 'ros.ament_cmake' and name 'xarm_sdk'
[0.421s] Level 1:colcon.colcon_core.package_discovery:discover_packages(recursive) using defaults
[0.422s] Level 1:colcon.colcon_core.package_discovery:discover_packages(ignore) discover
[0.422s] Level 1:colcon.colcon_core.package_discovery:discover_packages(ignore) using defaults
[0.422s] Level 1:colcon.colcon_core.package_discovery:discover_packages(path) discover
[0.422s] Level 1:colcon.colcon_core.package_discovery:discover_packages(path) using defaults
[0.448s] Level 1:colcon.colcon_core.package_discovery:discover_packages(prefix_path) check parameters
[0.448s] Level 1:colcon.colcon_core.package_discovery:discover_packages(prefix_path) discover
[0.451s] DEBUG:colcon.colcon_installed_package_information.package_discovery:Found 0 installed packages in /home/robotron/robotron-ros2/install
[0.453s] DEBUG:colcon.colcon_installed_package_information.package_discovery:Found 316 installed packages in /opt/ros/jazzy
[0.454s] Level 1:colcon.colcon_core.package_discovery:discover_packages(prefix_path) using defaults
[0.499s] Level 5:colcon.colcon_core.verb:set package 'mbot_demo' build argument 'cmake_args' from command line to 'None'
[0.499s] Level 5:colcon.colcon_core.verb:set package 'mbot_demo' build argument 'cmake_target' from command line to 'None'
[0.500s] Level 5:colcon.colcon_core.verb:set package 'mbot_demo' build argument 'cmake_target_skip_unavailable' from command line to 'False'
[0.500s] Level 5:colcon.colcon_core.verb:set package 'mbot_demo' build argument 'cmake_clean_cache' from command line to 'False'
[0.500s] Level 5:colcon.colcon_core.verb:set package 'mbot_demo' build argument 'cmake_clean_first' from command line to 'False'
[0.500s] Level 5:colcon.colcon_core.verb:set package 'mbot_demo' build argument 'cmake_force_configure' from command line to 'False'
[0.500s] Level 5:colcon.colcon_core.verb:set package 'mbot_demo' build argument 'ament_cmake_args' from command line to 'None'
[0.500s] Level 5:colcon.colcon_core.verb:set package 'mbot_demo' build argument 'catkin_cmake_args' from command line to 'None'
[0.500s] Level 5:colcon.colcon_core.verb:set package 'mbot_demo' build argument 'catkin_skip_building_tests' from command line to 'False'
[0.500s] DEBUG:colcon.colcon_core.verb:Building package 'mbot_demo' with the following arguments: {'ament_cmake_args': None, 'build_base': '/home/robotron/robotron-ros2/src/xarm_ros2/build/mbot_demo', 'catkin_cmake_args': None, 'catkin_skip_building_tests': False, 'cmake_args': None, 'cmake_clean_cache': False, 'cmake_clean_first': False, 'cmake_force_configure': False, 'cmake_target': None, 'cmake_target_skip_unavailable': False, 'install_base': '/home/robotron/robotron-ros2/src/xarm_ros2/install/mbot_demo', 'merge_install': False, 'path': '/home/robotron/robotron-ros2/src/xarm_ros2/demo/mbot_demo', 'symlink_install': False, 'test_result_base': None}
[0.500s] Level 5:colcon.colcon_core.verb:set package 'realsense_gazebo_plugin' build argument 'cmake_args' from command line to 'None'
[0.500s] Level 5:colcon.colcon_core.verb:set package 'realsense_gazebo_plugin' build argument 'cmake_target' from command line to 'None'
[0.500s] Level 5:colcon.colcon_core.verb:set package 'realsense_gazebo_plugin' build argument 'cmake_target_skip_unavailable' from command line to 'False'
[0.500s] Level 5:colcon.colcon_core.verb:set package 'realsense_gazebo_plugin' build argument 'cmake_clean_cache' from command line to 'False'
[0.500s] Level 5:colcon.colcon_core.verb:set package 'realsense_gazebo_plugin' build argument 'cmake_clean_first' from command line to 'False'
[0.500s] Level 5:colcon.colcon_core.verb:set package 'realsense_gazebo_plugin' build argument 'cmake_force_configure' from command line to 'False'
[0.500s] Level 5:colcon.colcon_core.verb:set package 'realsense_gazebo_plugin' build argument 'ament_cmake_args' from command line to 'None'
[0.500s] Level 5:colcon.colcon_core.verb:set package 'realsense_gazebo_plugin' build argument 'catkin_cmake_args' from command line to 'None'
[0.500s] Level 5:colcon.colcon_core.verb:set package 'realsense_gazebo_plugin' build argument 'catkin_skip_building_tests' from command line to 'False'
[0.500s] DEBUG:colcon.colcon_core.verb:Building package 'realsense_gazebo_plugin' with the following arguments: {'ament_cmake_args': None, 'build_base': '/home/robotron/robotron-ros2/src/xarm_ros2/build/realsense_gazebo_plugin', 'catkin_cmake_args': None, 'catkin_skip_building_tests': False, 'cmake_args': None, 'cmake_clean_cache': False, 'cmake_clean_first': False, 'cmake_force_configure': False, 'cmake_target': None, 'cmake_target_skip_unavailable': False, 'install_base': '/home/robotron/robotron-ros2/src/xarm_ros2/install/realsense_gazebo_plugin', 'merge_install': False, 'path': '/home/robotron/robotron-ros2/src/xarm_ros2/thirdparty/realsense_gazebo_plugin', 'symlink_install': False, 'test_result_base': None}
[0.500s] Level 5:colcon.colcon_core.verb:set package 'uf_ros_lib' build argument 'cmake_args' from command line to 'None'
[0.500s] Level 5:colcon.colcon_core.verb:set package 'uf_ros_lib' build argument 'cmake_target' from command line to 'None'
[0.500s] Level 5:colcon.colcon_core.verb:set package 'uf_ros_lib' build argument 'cmake_target_skip_unavailable' from command line to 'False'
[0.500s] Level 5:colcon.colcon_core.verb:set package 'uf_ros_lib' build argument 'cmake_clean_cache' from command line to 'False'
[0.500s] Level 5:colcon.colcon_core.verb:set package 'uf_ros_lib' build argument 'cmake_clean_first' from command line to 'False'
[0.500s] Level 5:colcon.colcon_core.verb:set package 'uf_ros_lib' build argument 'cmake_force_configure' from command line to 'False'
[0.501s] Level 5:colcon.colcon_core.verb:set package 'uf_ros_lib' build argument 'ament_cmake_args' from command line to 'None'
[0.501s] Level 5:colcon.colcon_core.verb:set package 'uf_ros_lib' build argument 'catkin_cmake_args' from command line to 'None'
[0.501s] Level 5:colcon.colcon_core.verb:set package 'uf_ros_lib' build argument 'catkin_skip_building_tests' from command line to 'False'
[0.501s] DEBUG:colcon.colcon_core.verb:Building package 'uf_ros_lib' with the following arguments: {'ament_cmake_args': None, 'build_base': '/home/robotron/robotron-ros2/src/xarm_ros2/build/uf_ros_lib', 'catkin_cmake_args': None, 'catkin_skip_building_tests': False, 'cmake_args': None, 'cmake_clean_cache': False, 'cmake_clean_first': False, 'cmake_force_configure': False, 'cmake_target': None, 'cmake_target_skip_unavailable': False, 'install_base': '/home/robotron/robotron-ros2/src/xarm_ros2/install/uf_ros_lib', 'merge_install': False, 'path': '/home/robotron/robotron-ros2/src/xarm_ros2/uf_ros_lib', 'symlink_install': False, 'test_result_base': None}
[0.501s] Level 5:colcon.colcon_core.verb:set package 'xarm_description' build argument 'cmake_args' from command line to 'None'
[0.501s] Level 5:colcon.colcon_core.verb:set package 'xarm_description' build argument 'cmake_target' from command line to 'None'
[0.501s] Level 5:colcon.colcon_core.verb:set package 'xarm_description' build argument 'cmake_target_skip_unavailable' from command line to 'False'
[0.501s] Level 5:colcon.colcon_core.verb:set package 'xarm_description' build argument 'cmake_clean_cache' from command line to 'False'
[0.501s] Level 5:colcon.colcon_core.verb:set package 'xarm_description' build argument 'cmake_clean_first' from command line to 'False'
[0.501s] Level 5:colcon.colcon_core.verb:set package 'xarm_description' build argument 'cmake_force_configure' from command line to 'False'
[0.501s] Level 5:colcon.colcon_core.verb:set package 'xarm_description' build argument 'ament_cmake_args' from command line to 'None'
[0.501s] Level 5:colcon.colcon_core.verb:set package 'xarm_description' build argument 'catkin_cmake_args' from command line to 'None'
[0.501s] Level 5:colcon.colcon_core.verb:set package 'xarm_description' build argument 'catkin_skip_building_tests' from command line to 'False'
[0.501s] DEBUG:colcon.colcon_core.verb:Building package 'xarm_description' with the following arguments: {'ament_cmake_args': None, 'build_base': '/home/robotron/robotron-ros2/src/xarm_ros2/build/xarm_description', 'catkin_cmake_args': None, 'catkin_skip_building_tests': False, 'cmake_args': None, 'cmake_clean_cache': False, 'cmake_clean_first': False, 'cmake_force_configure': False, 'cmake_target': None, 'cmake_target_skip_unavailable': False, 'install_base': '/home/robotron/robotron-ros2/src/xarm_ros2/install/xarm_description', 'merge_install': False, 'path': '/home/robotron/robotron-ros2/src/xarm_ros2/xarm_description', 'symlink_install': False, 'test_result_base': None}
[0.501s] Level 5:colcon.colcon_core.verb:set package 'xarm_msgs' build argument 'cmake_args' from command line to 'None'
[0.501s] Level 5:colcon.colcon_core.verb:set package 'xarm_msgs' build argument 'cmake_target' from command line to 'None'
[0.501s] Level 5:colcon.colcon_core.verb:set package 'xarm_msgs' build argument 'cmake_target_skip_unavailable' from command line to 'False'
[0.501s] Level 5:colcon.colcon_core.verb:set package 'xarm_msgs' build argument 'cmake_clean_cache' from command line to 'False'
[0.501s] Level 5:colcon.colcon_core.verb:set package 'xarm_msgs' build argument 'cmake_clean_first' from command line to 'False'
[0.501s] Level 5:colcon.colcon_core.verb:set package 'xarm_msgs' build argument 'cmake_force_configure' from command line to 'False'
[0.501s] Level 5:colcon.colcon_core.verb:set package 'xarm_msgs' build argument 'ament_cmake_args' from command line to 'None'
[0.501s] Level 5:colcon.colcon_core.verb:set package 'xarm_msgs' build argument 'catkin_cmake_args' from command line to 'None'
[0.501s] Level 5:colcon.colcon_core.verb:set package 'xarm_msgs' build argument 'catkin_skip_building_tests' from command line to 'False'
[0.501s] DEBUG:colcon.colcon_core.verb:Building package 'xarm_msgs' with the following arguments: {'ament_cmake_args': None, 'build_base': '/home/robotron/robotron-ros2/src/xarm_ros2/build/xarm_msgs', 'catkin_cmake_args': None, 'catkin_skip_building_tests': False, 'cmake_args': None, 'cmake_clean_cache': False, 'cmake_clean_first': False, 'cmake_force_configure': False, 'cmake_target': None, 'cmake_target_skip_unavailable': False, 'install_base': '/home/robotron/robotron-ros2/src/xarm_ros2/install/xarm_msgs', 'merge_install': False, 'path': '/home/robotron/robotron-ros2/src/xarm_ros2/xarm_msgs', 'symlink_install': False, 'test_result_base': None}
[0.502s] Level 5:colcon.colcon_core.verb:set package 'xarm_sdk' build argument 'cmake_args' from command line to 'None'
[0.502s] Level 5:colcon.colcon_core.verb:set package 'xarm_sdk' build argument 'cmake_target' from command line to 'None'
[0.502s] Level 5:colcon.colcon_core.verb:set package 'xarm_sdk' build argument 'cmake_target_skip_unavailable' from command line to 'False'
[0.502s] Level 5:colcon.colcon_core.verb:set package 'xarm_sdk' build argument 'cmake_clean_cache' from command line to 'False'
[0.502s] Level 5:colcon.colcon_core.verb:set package 'xarm_sdk' build argument 'cmake_clean_first' from command line to 'False'
[0.502s] Level 5:colcon.colcon_core.verb:set package 'xarm_sdk' build argument 'cmake_force_configure' from command line to 'False'
[0.502s] Level 5:colcon.colcon_core.verb:set package 'xarm_sdk' build argument 'ament_cmake_args' from command line to 'None'
[0.502s] Level 5:colcon.colcon_core.verb:set package 'xarm_sdk' build argument 'catkin_cmake_args' from command line to 'None'
[0.502s] Level 5:colcon.colcon_core.verb:set package 'xarm_sdk' build argument 'catkin_skip_building_tests' from command line to 'False'
[0.502s] DEBUG:colcon.colcon_core.verb:Building package 'xarm_sdk' with the following arguments: {'ament_cmake_args': None, 'build_base': '/home/robotron/robotron-ros2/src/xarm_ros2/build/xarm_sdk', 'catkin_cmake_args': None, 'catkin_skip_building_tests': False, 'cmake_args': None, 'cmake_clean_cache': False, 'cmake_clean_first': False, 'cmake_force_configure': False, 'cmake_target': None, 'cmake_target_skip_unavailable': False, 'install_base': '/home/robotron/robotron-ros2/src/xarm_ros2/install/xarm_sdk', 'merge_install': False, 'path': '/home/robotron/robotron-ros2/src/xarm_ros2/xarm_sdk', 'symlink_install': False, 'test_result_base': None}
[0.502s] Level 5:colcon.colcon_core.verb:set package 'xarm_api' build argument 'cmake_args' from command line to 'None'
[0.502s] Level 5:colcon.colcon_core.verb:set package 'xarm_api' build argument 'cmake_target' from command line to 'None'
[0.502s] Level 5:colcon.colcon_core.verb:set package 'xarm_api' build argument 'cmake_target_skip_unavailable' from command line to 'False'
[0.502s] Level 5:colcon.colcon_core.verb:set package 'xarm_api' build argument 'cmake_clean_cache' from command line to 'False'
[0.502s] Level 5:colcon.colcon_core.verb:set package 'xarm_api' build argument 'cmake_clean_first' from command line to 'False'
[0.502s] Level 5:colcon.colcon_core.verb:set package 'xarm_api' build argument 'cmake_force_configure' from command line to 'False'
[0.502s] Level 5:colcon.colcon_core.verb:set package 'xarm_api' build argument 'ament_cmake_args' from command line to 'None'
[0.502s] Level 5:colcon.colcon_core.verb:set package 'xarm_api' build argument 'catkin_cmake_args' from command line to 'None'
[0.502s] Level 5:colcon.colcon_core.verb:set package 'xarm_api' build argument 'catkin_skip_building_tests' from command line to 'False'
[0.502s] DEBUG:colcon.colcon_core.verb:Building package 'xarm_api' with the following arguments: {'ament_cmake_args': None, 'build_base': '/home/robotron/robotron-ros2/src/xarm_ros2/build/xarm_api', 'catkin_cmake_args': None, 'catkin_skip_building_tests': False, 'cmake_args': None, 'cmake_clean_cache': False, 'cmake_clean_first': False, 'cmake_force_configure': False, 'cmake_target': None, 'cmake_target_skip_unavailable': False, 'install_base': '/home/robotron/robotron-ros2/src/xarm_ros2/install/xarm_api', 'merge_install': False, 'path': '/home/robotron/robotron-ros2/src/xarm_ros2/xarm_api', 'symlink_install': False, 'test_result_base': None}
[0.502s] Level 5:colcon.colcon_core.verb:set package 'xarm_controller' build argument 'cmake_args' from command line to 'None'
[0.502s] Level 5:colcon.colcon_core.verb:set package 'xarm_controller' build argument 'cmake_target' from command line to 'None'
[0.502s] Level 5:colcon.colcon_core.verb:set package 'xarm_controller' build argument 'cmake_target_skip_unavailable' from command line to 'False'
[0.502s] Level 5:colcon.colcon_core.verb:set package 'xarm_controller' build argument 'cmake_clean_cache' from command line to 'False'
[0.502s] Level 5:colcon.colcon_core.verb:set package 'xarm_controller' build argument 'cmake_clean_first' from command line to 'False'
[0.503s] Level 5:colcon.colcon_core.verb:set package 'xarm_controller' build argument 'cmake_force_configure' from command line to 'False'
[0.503s] Level 5:colcon.colcon_core.verb:set package 'xarm_controller' build argument 'ament_cmake_args' from command line to 'None'
[0.503s] Level 5:colcon.colcon_core.verb:set package 'xarm_controller' build argument 'catkin_cmake_args' from command line to 'None'
[0.503s] Level 5:colcon.colcon_core.verb:set package 'xarm_controller' build argument 'catkin_skip_building_tests' from command line to 'False'
[0.503s] DEBUG:colcon.colcon_core.verb:Building package 'xarm_controller' with the following arguments: {'ament_cmake_args': None, 'build_base': '/home/robotron/robotron-ros2/src/xarm_ros2/build/xarm_controller', 'catkin_cmake_args': None, 'catkin_skip_building_tests': False, 'cmake_args': None, 'cmake_clean_cache': False, 'cmake_clean_first': False, 'cmake_force_configure': False, 'cmake_target': None, 'cmake_target_skip_unavailable': False, 'install_base': '/home/robotron/robotron-ros2/src/xarm_ros2/install/xarm_controller', 'merge_install': False, 'path': '/home/robotron/robotron-ros2/src/xarm_ros2/xarm_controller', 'symlink_install': False, 'test_result_base': None}
[0.503s] Level 5:colcon.colcon_core.verb:set package 'xarm_gazebo' build argument 'cmake_args' from command line to 'None'
[0.503s] Level 5:colcon.colcon_core.verb:set package 'xarm_gazebo' build argument 'cmake_target' from command line to 'None'
[0.503s] Level 5:colcon.colcon_core.verb:set package 'xarm_gazebo' build argument 'cmake_target_skip_unavailable' from command line to 'False'
[0.503s] Level 5:colcon.colcon_core.verb:set package 'xarm_gazebo' build argument 'cmake_clean_cache' from command line to 'False'
[0.503s] Level 5:colcon.colcon_core.verb:set package 'xarm_gazebo' build argument 'cmake_clean_first' from command line to 'False'
[0.503s] Level 5:colcon.colcon_core.verb:set package 'xarm_gazebo' build argument 'cmake_force_configure' from command line to 'False'
[0.503s] Level 5:colcon.colcon_core.verb:set package 'xarm_gazebo' build argument 'ament_cmake_args' from command line to 'None'
[0.503s] Level 5:colcon.colcon_core.verb:set package 'xarm_gazebo' build argument 'catkin_cmake_args' from command line to 'None'
[0.503s] Level 5:colcon.colcon_core.verb:set package 'xarm_gazebo' build argument 'catkin_skip_building_tests' from command line to 'False'
[0.503s] DEBUG:colcon.colcon_core.verb:Building package 'xarm_gazebo' with the following arguments: {'ament_cmake_args': None, 'build_base': '/home/robotron/robotron-ros2/src/xarm_ros2/build/xarm_gazebo', 'catkin_cmake_args': None, 'catkin_skip_building_tests': False, 'cmake_args': None, 'cmake_clean_cache': False, 'cmake_clean_first': False, 'cmake_force_configure': False, 'cmake_target': None, 'cmake_target_skip_unavailable': False, 'install_base': '/home/robotron/robotron-ros2/src/xarm_ros2/install/xarm_gazebo', 'merge_install': False, 'path': '/home/robotron/robotron-ros2/src/xarm_ros2/xarm_gazebo', 'symlink_install': False, 'test_result_base': None}
[0.503s] Level 5:colcon.colcon_core.verb:set package 'xarm_moveit_config' build argument 'cmake_args' from command line to 'None'
[0.503s] Level 5:colcon.colcon_core.verb:set package 'xarm_moveit_config' build argument 'cmake_target' from command line to 'None'
[0.503s] Level 5:colcon.colcon_core.verb:set package 'xarm_moveit_config' build argument 'cmake_target_skip_unavailable' from command line to 'False'
[0.503s] Level 5:colcon.colcon_core.verb:set package 'xarm_moveit_config' build argument 'cmake_clean_cache' from command line to 'False'
[0.503s] Level 5:colcon.colcon_core.verb:set package 'xarm_moveit_config' build argument 'cmake_clean_first' from command line to 'False'
[0.503s] Level 5:colcon.colcon_core.verb:set package 'xarm_moveit_config' build argument 'cmake_force_configure' from command line to 'False'
[0.503s] Level 5:colcon.colcon_core.verb:set package 'xarm_moveit_config' build argument 'ament_cmake_args' from command line to 'None'
[0.503s] Level 5:colcon.colcon_core.verb:set package 'xarm_moveit_config' build argument 'catkin_cmake_args' from command line to 'None'
[0.503s] Level 5:colcon.colcon_core.verb:set package 'xarm_moveit_config' build argument 'catkin_skip_building_tests' from command line to 'False'
[0.503s] DEBUG:colcon.colcon_core.verb:Building package 'xarm_moveit_config' with the following arguments: {'ament_cmake_args': None, 'build_base': '/home/robotron/robotron-ros2/src/xarm_ros2/build/xarm_moveit_config', 'catkin_cmake_args': None, 'catkin_skip_building_tests': False, 'cmake_args': None, 'cmake_clean_cache': False, 'cmake_clean_first': False, 'cmake_force_configure': False, 'cmake_target': None, 'cmake_target_skip_unavailable': False, 'install_base': '/home/robotron/robotron-ros2/src/xarm_ros2/install/xarm_moveit_config', 'merge_install': False, 'path': '/home/robotron/robotron-ros2/src/xarm_ros2/xarm_moveit_config', 'symlink_install': False, 'test_result_base': None}
[0.504s] Level 5:colcon.colcon_core.verb:set package 'xarm_moveit_servo' build argument 'cmake_args' from command line to 'None'
[0.504s] Level 5:colcon.colcon_core.verb:set package 'xarm_moveit_servo' build argument 'cmake_target' from command line to 'None'
[0.504s] Level 5:colcon.colcon_core.verb:set package 'xarm_moveit_servo' build argument 'cmake_target_skip_unavailable' from command line to 'False'
[0.504s] Level 5:colcon.colcon_core.verb:set package 'xarm_moveit_servo' build argument 'cmake_clean_cache' from command line to 'False'
[0.504s] Level 5:colcon.colcon_core.verb:set package 'xarm_moveit_servo' build argument 'cmake_clean_first' from command line to 'False'
[0.504s] Level 5:colcon.colcon_core.verb:set package 'xarm_moveit_servo' build argument 'cmake_force_configure' from command line to 'False'
[0.504s] Level 5:colcon.colcon_core.verb:set package 'xarm_moveit_servo' build argument 'ament_cmake_args' from command line to 'None'
[0.504s] Level 5:colcon.colcon_core.verb:set package 'xarm_moveit_servo' build argument 'catkin_cmake_args' from command line to 'None'
[0.504s] Level 5:colcon.colcon_core.verb:set package 'xarm_moveit_servo' build argument 'catkin_skip_building_tests' from command line to 'False'
[0.504s] DEBUG:colcon.colcon_core.verb:Building package 'xarm_moveit_servo' with the following arguments: {'ament_cmake_args': None, 'build_base': '/home/robotron/robotron-ros2/src/xarm_ros2/build/xarm_moveit_servo', 'catkin_cmake_args': None, 'catkin_skip_building_tests': False, 'cmake_args': None, 'cmake_clean_cache': False, 'cmake_clean_first': False, 'cmake_force_configure': False, 'cmake_target': None, 'cmake_target_skip_unavailable': False, 'install_base': '/home/robotron/robotron-ros2/src/xarm_ros2/install/xarm_moveit_servo', 'merge_install': False, 'path': '/home/robotron/robotron-ros2/src/xarm_ros2/xarm_moveit_servo', 'symlink_install': False, 'test_result_base': None}
[0.504s] Level 5:colcon.colcon_core.verb:set package 'xarm_planner' build argument 'cmake_args' from command line to 'None'
[0.504s] Level 5:colcon.colcon_core.verb:set package 'xarm_planner' build argument 'cmake_target' from command line to 'None'
[0.504s] Level 5:colcon.colcon_core.verb:set package 'xarm_planner' build argument 'cmake_target_skip_unavailable' from command line to 'False'
[0.504s] Level 5:colcon.colcon_core.verb:set package 'xarm_planner' build argument 'cmake_clean_cache' from command line to 'False'
[0.504s] Level 5:colcon.colcon_core.verb:set package 'xarm_planner' build argument 'cmake_clean_first' from command line to 'False'
[0.504s] Level 5:colcon.colcon_core.verb:set package 'xarm_planner' build argument 'cmake_force_configure' from command line to 'False'
[0.504s] Level 5:colcon.colcon_core.verb:set package 'xarm_planner' build argument 'ament_cmake_args' from command line to 'None'
[0.504s] Level 5:colcon.colcon_core.verb:set package 'xarm_planner' build argument 'catkin_cmake_args' from command line to 'None'
[0.504s] Level 5:colcon.colcon_core.verb:set package 'xarm_planner' build argument 'catkin_skip_building_tests' from command line to 'False'
[0.504s] DEBUG:colcon.colcon_core.verb:Building package 'xarm_planner' with the following arguments: {'ament_cmake_args': None, 'build_base': '/home/robotron/robotron-ros2/src/xarm_ros2/build/xarm_planner', 'catkin_cmake_args': None, 'catkin_skip_building_tests': False, 'cmake_args': None, 'cmake_clean_cache': False, 'cmake_clean_first': False, 'cmake_force_configure': False, 'cmake_target': None, 'cmake_target_skip_unavailable': False, 'install_base': '/home/robotron/robotron-ros2/src/xarm_ros2/install/xarm_planner', 'merge_install': False, 'path': '/home/robotron/robotron-ros2/src/xarm_ros2/xarm_planner', 'symlink_install': False, 'test_result_base': None}
[0.504s] INFO:colcon.colcon_core.executor:Executing jobs using 'parallel' executor
[0.505s] DEBUG:colcon.colcon_parallel_executor.executor.parallel:run_until_complete
[0.505s] INFO:colcon.colcon_ros.task.ament_cmake.build:Building ROS package in '/home/robotron/robotron-ros2/src/xarm_ros2/xarm_description' with build type 'ament_cmake'
[0.505s] INFO:colcon.colcon_cmake.task.cmake.build:Building CMake package in '/home/robotron/robotron-ros2/src/xarm_ros2/xarm_description'
[0.595s] INFO:colcon.colcon_core.plugin_system:Skipping extension 'colcon_core.shell.bat': Not used on non-Windows systems
[0.596s] INFO:colcon.colcon_core.shell:Skip shell extension 'powershell' for command environment: Not usable outside of PowerShell
[0.596s] DEBUG:colcon.colcon_core.shell:Skip shell extension 'dsv' for command environment
[0.603s] INFO:colcon.colcon_ros.task.ament_cmake.build:Building ROS package in '/home/robotron/robotron-ros2/src/xarm_ros2/xarm_msgs' with build type 'ament_cmake'
[0.604s] INFO:colcon.colcon_cmake.task.cmake.build:Building CMake package in '/home/robotron/robotron-ros2/src/xarm_ros2/xarm_msgs'
[0.604s] INFO:colcon.colcon_core.shell:Skip shell extension 'powershell' for command environment: Not usable outside of PowerShell
[0.604s] DEBUG:colcon.colcon_core.shell:Skip shell extension 'dsv' for command environment
[0.612s] INFO:colcon.colcon_ros.task.ament_cmake.build:Building ROS package in '/home/robotron/robotron-ros2/src/xarm_ros2/xarm_sdk' with build type 'ament_cmake'
[0.612s] INFO:colcon.colcon_cmake.task.cmake.build:Building CMake package in '/home/robotron/robotron-ros2/src/xarm_ros2/xarm_sdk'
[0.613s] INFO:colcon.colcon_core.shell:Skip shell extension 'powershell' for command environment: Not usable outside of PowerShell
[0.613s] DEBUG:colcon.colcon_core.shell:Skip shell extension 'dsv' for command environment
[0.623s] INFO:colcon.colcon_ros.task.ament_python.build:Building ROS package in '/home/robotron/robotron-ros2/src/xarm_ros2/uf_ros_lib' with build type 'ament_python'
[0.623s] Level 1:colcon.colcon_core.shell:create_environment_hook('uf_ros_lib', 'ament_prefix_path')
[0.623s] INFO:colcon.colcon_core.shell:Creating environment hook '/home/robotron/robotron-ros2/src/xarm_ros2/install/uf_ros_lib/share/uf_ros_lib/hook/ament_prefix_path.ps1'
[0.625s] INFO:colcon.colcon_core.shell:Creating environment descriptor '/home/robotron/robotron-ros2/src/xarm_ros2/install/uf_ros_lib/share/uf_ros_lib/hook/ament_prefix_path.dsv'
[0.626s] INFO:colcon.colcon_core.shell:Creating environment hook '/home/robotron/robotron-ros2/src/xarm_ros2/install/uf_ros_lib/share/uf_ros_lib/hook/ament_prefix_path.sh'
[0.628s] INFO:colcon.colcon_core.shell:Skip shell extension 'powershell' for command environment: Not usable outside of PowerShell
[0.628s] DEBUG:colcon.colcon_core.shell:Skip shell extension 'dsv' for command environment
[0.638s] INFO:colcon.colcon_ros.task.ament_cmake.build:Building ROS package in '/home/robotron/robotron-ros2/src/xarm_ros2/demo/mbot_demo' with build type 'ament_cmake'
[0.638s] INFO:colcon.colcon_cmake.task.cmake.build:Building CMake package in '/home/robotron/robotron-ros2/src/xarm_ros2/demo/mbot_demo'
[0.639s] INFO:colcon.colcon_core.shell:Skip shell extension 'powershell' for command environment: Not usable outside of PowerShell
[0.639s] DEBUG:colcon.colcon_core.shell:Skip shell extension 'dsv' for command environment
[0.647s] INFO:colcon.colcon_ros.task.ament_cmake.build:Building ROS package in '/home/robotron/robotron-ros2/src/xarm_ros2/thirdparty/realsense_gazebo_plugin' with build type 'ament_cmake'
[0.647s] INFO:colcon.colcon_cmake.task.cmake.build:Building CMake package in '/home/robotron/robotron-ros2/src/xarm_ros2/thirdparty/realsense_gazebo_plugin'
[0.648s] INFO:colcon.colcon_core.shell:Skip shell extension 'powershell' for command environment: Not usable outside of PowerShell
[0.648s] DEBUG:colcon.colcon_core.shell:Skip shell extension 'dsv' for command environment
[0.660s] DEBUG:colcon.colcon_core.event_handler.log_command:Invoking command in '/home/robotron/robotron-ros2/src/xarm_ros2/build/xarm_description': CMAKE_PREFIX_PATH=${CMAKE_PREFIX_PATH}:/opt/ros/jazzy DEBUGINFOD_URLS=https://debuginfod.ubuntu.com /usr/bin/cmake --build /home/robotron/robotron-ros2/src/xarm_ros2/build/xarm_description -- -j12 -l12
[0.663s] DEBUG:colcon.colcon_core.event_handler.log_command:Invoking command in '/home/robotron/robotron-ros2/src/xarm_ros2/build/xarm_msgs': CMAKE_PREFIX_PATH=${CMAKE_PREFIX_PATH}:/opt/ros/jazzy DEBUGINFOD_URLS=https://debuginfod.ubuntu.com /usr/bin/cmake --build /home/robotron/robotron-ros2/src/xarm_ros2/build/xarm_msgs -- -j12 -l12
[0.682s] DEBUG:colcon.colcon_core.event_handler.log_command:Invoking command in '/home/robotron/robotron-ros2/src/xarm_ros2/build/xarm_sdk': CMAKE_PREFIX_PATH=${CMAKE_PREFIX_PATH}:/opt/ros/jazzy DEBUGINFOD_URLS=https://debuginfod.ubuntu.com /usr/bin/cmake --build /home/robotron/robotron-ros2/src/xarm_ros2/build/xarm_sdk -- -j12 -l12
[0.994s] INFO:colcon.colcon_core.task.python.build:Building Python package in '/home/robotron/robotron-ros2/src/xarm_ros2/uf_ros_lib'
[0.994s] INFO:colcon.colcon_core.shell:Skip shell extension 'powershell' for command environment: Not usable outside of PowerShell
[0.995s] DEBUG:colcon.colcon_core.shell:Skip shell extension 'dsv' for command environment
[1.059s] DEBUG:colcon.colcon_core.event_handler.log_command:Invoking command in '/home/robotron/robotron-ros2/src/xarm_ros2/build/mbot_demo': CMAKE_PREFIX_PATH=${CMAKE_PREFIX_PATH}:/opt/ros/jazzy DEBUGINFOD_URLS=https://debuginfod.ubuntu.com /usr/bin/cmake --build /home/robotron/robotron-ros2/src/xarm_ros2/build/mbot_demo -- -j12 -l12
[1.064s] DEBUG:colcon.colcon_core.event_handler.log_command:Invoked command in '/home/robotron/robotron-ros2/src/xarm_ros2/build/xarm_description' returned '0': CMAKE_PREFIX_PATH=${CMAKE_PREFIX_PATH}:/opt/ros/jazzy DEBUGINFOD_URLS=https://debuginfod.ubuntu.com /usr/bin/cmake --build /home/robotron/robotron-ros2/src/xarm_ros2/build/xarm_description -- -j12 -l12
[1.079s] DEBUG:colcon.colcon_core.event_handler.log_command:Invoking command in '/home/robotron/robotron-ros2/src/xarm_ros2/build/xarm_description': CMAKE_PREFIX_PATH=${CMAKE_PREFIX_PATH}:/opt/ros/jazzy DEBUGINFOD_URLS=https://debuginfod.ubuntu.com /usr/bin/cmake --install /home/robotron/robotron-ros2/src/xarm_ros2/build/xarm_description
[1.080s] DEBUG:colcon.colcon_core.event_handler.log_command:Invoked command in '/home/robotron/robotron-ros2/src/xarm_ros2/build/xarm_sdk' returned '0': CMAKE_PREFIX_PATH=${CMAKE_PREFIX_PATH}:/opt/ros/jazzy DEBUGINFOD_URLS=https://debuginfod.ubuntu.com /usr/bin/cmake --build /home/robotron/robotron-ros2/src/xarm_ros2/build/xarm_sdk -- -j12 -l12
[1.082s] DEBUG:colcon.colcon_core.event_handler.log_command:Invoking command in '/home/robotron/robotron-ros2/src/xarm_ros2/build/xarm_sdk': CMAKE_PREFIX_PATH=${CMAKE_PREFIX_PATH}:/opt/ros/jazzy DEBUGINFOD_URLS=https://debuginfod.ubuntu.com /usr/bin/cmake --install /home/robotron/robotron-ros2/src/xarm_ros2/build/xarm_sdk
[1.087s] DEBUG:colcon.colcon_core.event_handler.log_command:Invoking command in '/home/robotron/robotron-ros2/src/xarm_ros2/build/realsense_gazebo_plugin': CMAKE_PREFIX_PATH=${CMAKE_PREFIX_PATH}:/opt/ros/jazzy DEBUGINFOD_URLS=https://debuginfod.ubuntu.com /usr/bin/cmake --build /home/robotron/robotron-ros2/src/xarm_ros2/build/realsense_gazebo_plugin -- -j12 -l12
[1.110s] Level 1:colcon.colcon_core.environment:create_environment_scripts_only(xarm_sdk)
[1.144s] DEBUG:colcon.colcon_core.event_handler.log_command:Invoked command in '/home/robotron/robotron-ros2/src/xarm_ros2/build/xarm_sdk' returned '0': CMAKE_PREFIX_PATH=${CMAKE_PREFIX_PATH}:/opt/ros/jazzy DEBUGINFOD_URLS=https://debuginfod.ubuntu.com /usr/bin/cmake --install /home/robotron/robotron-ros2/src/xarm_ros2/build/xarm_sdk
[1.192s] Level 1:colcon.colcon_core.environment:checking '/home/robotron/robotron-ros2/src/xarm_ros2/install/xarm_sdk' for CMake module files
[1.192s] Level 1:colcon.colcon_core.environment:checking '/home/robotron/robotron-ros2/src/xarm_ros2/install/xarm_sdk' for CMake config files
[1.193s] Level 1:colcon.colcon_core.shell:create_environment_hook('xarm_sdk', 'cmake_prefix_path')
[1.193s] INFO:colcon.colcon_core.shell:Creating environment hook '/home/robotron/robotron-ros2/src/xarm_ros2/install/xarm_sdk/share/xarm_sdk/hook/cmake_prefix_path.ps1'
[1.193s] INFO:colcon.colcon_core.shell:Creating environment descriptor '/home/robotron/robotron-ros2/src/xarm_ros2/install/xarm_sdk/share/xarm_sdk/hook/cmake_prefix_path.dsv'
[1.194s] INFO:colcon.colcon_core.shell:Creating environment hook '/home/robotron/robotron-ros2/src/xarm_ros2/install/xarm_sdk/share/xarm_sdk/hook/cmake_prefix_path.sh'
[1.194s] Level 1:colcon.colcon_core.environment:checking '/home/robotron/robotron-ros2/src/xarm_ros2/install/xarm_sdk/lib'
[1.194s] Level 1:colcon.colcon_core.shell:create_environment_hook('xarm_sdk', 'ld_library_path_lib')
[1.194s] INFO:colcon.colcon_core.shell:Creating environment hook '/home/robotron/robotron-ros2/src/xarm_ros2/install/xarm_sdk/share/xarm_sdk/hook/ld_library_path_lib.ps1'
[1.195s] INFO:colcon.colcon_core.shell:Creating environment descriptor '/home/robotron/robotron-ros2/src/xarm_ros2/install/xarm_sdk/share/xarm_sdk/hook/ld_library_path_lib.dsv'
[1.195s] INFO:colcon.colcon_core.shell:Creating environment hook '/home/robotron/robotron-ros2/src/xarm_ros2/install/xarm_sdk/share/xarm_sdk/hook/ld_library_path_lib.sh'
[1.195s] Level 1:colcon.colcon_core.environment:checking '/home/robotron/robotron-ros2/src/xarm_ros2/install/xarm_sdk/bin'
[1.196s] Level 1:colcon.colcon_core.environment:checking '/home/robotron/robotron-ros2/src/xarm_ros2/install/xarm_sdk/lib/pkgconfig/xarm_sdk.pc'
[1.196s] Level 1:colcon.colcon_core.environment:checking '/home/robotron/robotron-ros2/src/xarm_ros2/install/xarm_sdk/lib/python3.12/site-packages'
[1.196s] Level 1:colcon.colcon_core.environment:checking '/home/robotron/robotron-ros2/src/xarm_ros2/install/xarm_sdk/bin'
[1.196s] INFO:colcon.colcon_core.shell:Creating package script '/home/robotron/robotron-ros2/src/xarm_ros2/install/xarm_sdk/share/xarm_sdk/package.ps1'
[1.197s] INFO:colcon.colcon_core.shell:Creating package descriptor '/home/robotron/robotron-ros2/src/xarm_ros2/install/xarm_sdk/share/xarm_sdk/package.dsv'
[1.198s] INFO:colcon.colcon_core.shell:Creating package script '/home/robotron/robotron-ros2/src/xarm_ros2/install/xarm_sdk/share/xarm_sdk/package.sh'
[1.198s] INFO:colcon.colcon_core.shell:Creating package script '/home/robotron/robotron-ros2/src/xarm_ros2/install/xarm_sdk/share/xarm_sdk/package.bash'
[1.199s] INFO:colcon.colcon_core.shell:Creating package script '/home/robotron/robotron-ros2/src/xarm_ros2/install/xarm_sdk/share/xarm_sdk/package.zsh'
[1.199s] Level 1:colcon.colcon_core.environment:create_file_with_runtime_dependencies(/home/robotron/robotron-ros2/src/xarm_ros2/install/xarm_sdk/share/colcon-core/packages/xarm_sdk)
[1.200s] Level 1:colcon.colcon_core.environment:create_environment_scripts_only(xarm_sdk)
[1.200s] Level 1:colcon.colcon_core.environment:checking '/home/robotron/robotron-ros2/src/xarm_ros2/install/xarm_sdk' for CMake module files
[1.200s] Level 1:colcon.colcon_core.environment:checking '/home/robotron/robotron-ros2/src/xarm_ros2/install/xarm_sdk' for CMake config files
[1.201s] Level 1:colcon.colcon_core.shell:create_environment_hook('xarm_sdk', 'cmake_prefix_path')
[1.201s] INFO:colcon.colcon_core.shell:Creating environment hook '/home/robotron/robotron-ros2/src/xarm_ros2/install/xarm_sdk/share/xarm_sdk/hook/cmake_prefix_path.ps1'
[1.201s] INFO:colcon.colcon_core.shell:Creating environment descriptor '/home/robotron/robotron-ros2/src/xarm_ros2/install/xarm_sdk/share/xarm_sdk/hook/cmake_prefix_path.dsv'
[1.202s] INFO:colcon.colcon_core.shell:Creating environment hook '/home/robotron/robotron-ros2/src/xarm_ros2/install/xarm_sdk/share/xarm_sdk/hook/cmake_prefix_path.sh'
[1.202s] Level 1:colcon.colcon_core.environment:checking '/home/robotron/robotron-ros2/src/xarm_ros2/install/xarm_sdk/lib'
[1.202s] Level 1:colcon.colcon_core.shell:create_environment_hook('xarm_sdk', 'ld_library_path_lib')
[1.203s] INFO:colcon.colcon_core.shell:Creating environment hook '/home/robotron/robotron-ros2/src/xarm_ros2/install/xarm_sdk/share/xarm_sdk/hook/ld_library_path_lib.ps1'
[1.203s] INFO:colcon.colcon_core.shell:Creating environment descriptor '/home/robotron/robotron-ros2/src/xarm_ros2/install/xarm_sdk/share/xarm_sdk/hook/ld_library_path_lib.dsv'
[1.203s] INFO:colcon.colcon_core.shell:Creating environment hook '/home/robotron/robotron-ros2/src/xarm_ros2/install/xarm_sdk/share/xarm_sdk/hook/ld_library_path_lib.sh'
[1.204s] Level 1:colcon.colcon_core.environment:checking '/home/robotron/robotron-ros2/src/xarm_ros2/install/xarm_sdk/bin'
[1.204s] Level 1:colcon.colcon_core.environment:checking '/home/robotron/robotron-ros2/src/xarm_ros2/install/xarm_sdk/lib/pkgconfig/xarm_sdk.pc'
[1.204s] Level 1:colcon.colcon_core.environment:checking '/home/robotron/robotron-ros2/src/xarm_ros2/install/xarm_sdk/lib/python3.12/site-packages'
[1.204s] Level 1:colcon.colcon_core.environment:checking '/home/robotron/robotron-ros2/src/xarm_ros2/install/xarm_sdk/bin'
[1.204s] INFO:colcon.colcon_core.shell:Creating package script '/home/robotron/robotron-ros2/src/xarm_ros2/install/xarm_sdk/share/xarm_sdk/package.ps1'
[1.205s] INFO:colcon.colcon_core.shell:Creating package descriptor '/home/robotron/robotron-ros2/src/xarm_ros2/install/xarm_sdk/share/xarm_sdk/package.dsv'
[1.205s] INFO:colcon.colcon_core.shell:Creating package script '/home/robotron/robotron-ros2/src/xarm_ros2/install/xarm_sdk/share/xarm_sdk/package.sh'
[1.206s] INFO:colcon.colcon_core.shell:Creating package script '/home/robotron/robotron-ros2/src/xarm_ros2/install/xarm_sdk/share/xarm_sdk/package.bash'
[1.206s] INFO:colcon.colcon_core.shell:Creating package script '/home/robotron/robotron-ros2/src/xarm_ros2/install/xarm_sdk/share/xarm_sdk/package.zsh'
[1.207s] Level 1:colcon.colcon_core.environment:create_file_with_runtime_dependencies(/home/robotron/robotron-ros2/src/xarm_ros2/install/xarm_sdk/share/colcon-core/packages/xarm_sdk)
[1.208s] Level 1:colcon.colcon_core.environment:create_environment_scripts_only(xarm_description)
[1.209s] Level 1:colcon.colcon_core.environment:checking '/home/robotron/robotron-ros2/src/xarm_ros2/install/xarm_description' for CMake module files
[1.210s] DEBUG:colcon.colcon_core.event_handler.log_command:Invoked command in '/home/robotron/robotron-ros2/src/xarm_ros2/build/xarm_description' returned '0': CMAKE_PREFIX_PATH=${CMAKE_PREFIX_PATH}:/opt/ros/jazzy DEBUGINFOD_URLS=https://debuginfod.ubuntu.com /usr/bin/cmake --install /home/robotron/robotron-ros2/src/xarm_ros2/build/xarm_description
[1.210s] Level 1:colcon.colcon_core.environment:checking '/home/robotron/robotron-ros2/src/xarm_ros2/install/xarm_description' for CMake config files
[1.210s] Level 1:colcon.colcon_core.shell:create_environment_hook('xarm_description', 'cmake_prefix_path')
[1.211s] INFO:colcon.colcon_core.shell:Creating environment hook '/home/robotron/robotron-ros2/src/xarm_ros2/install/xarm_description/share/xarm_description/hook/cmake_prefix_path.ps1'
[1.211s] INFO:colcon.colcon_core.shell:Creating environment descriptor '/home/robotron/robotron-ros2/src/xarm_ros2/install/xarm_description/share/xarm_description/hook/cmake_prefix_path.dsv'
[1.211s] INFO:colcon.colcon_core.shell:Creating environment hook '/home/robotron/robotron-ros2/src/xarm_ros2/install/xarm_description/share/xarm_description/hook/cmake_prefix_path.sh'
[1.212s] Level 1:colcon.colcon_core.environment:checking '/home/robotron/robotron-ros2/src/xarm_ros2/install/xarm_description/bin'
[1.212s] Level 1:colcon.colcon_core.environment:checking '/home/robotron/robotron-ros2/src/xarm_ros2/install/xarm_description/lib/pkgconfig/xarm_description.pc'
[1.212s] Level 1:colcon.colcon_core.environment:checking '/home/robotron/robotron-ros2/src/xarm_ros2/install/xarm_description/lib/python3.12/site-packages'
[1.212s] Level 1:colcon.colcon_core.environment:checking '/home/robotron/robotron-ros2/src/xarm_ros2/install/xarm_description/bin'
[1.213s] INFO:colcon.colcon_core.shell:Creating package script '/home/robotron/robotron-ros2/src/xarm_ros2/install/xarm_description/share/xarm_description/package.ps1'
[1.213s] INFO:colcon.colcon_core.shell:Creating package descriptor '/home/robotron/robotron-ros2/src/xarm_ros2/install/xarm_description/share/xarm_description/package.dsv'
[1.213s] INFO:colcon.colcon_core.shell:Creating package script '/home/robotron/robotron-ros2/src/xarm_ros2/install/xarm_description/share/xarm_description/package.sh'
[1.214s] INFO:colcon.colcon_core.shell:Creating package script '/home/robotron/robotron-ros2/src/xarm_ros2/install/xarm_description/share/xarm_description/package.bash'
[1.214s] INFO:colcon.colcon_core.shell:Creating package script '/home/robotron/robotron-ros2/src/xarm_ros2/install/xarm_description/share/xarm_description/package.zsh'
[1.215s] Level 1:colcon.colcon_core.environment:create_file_with_runtime_dependencies(/home/robotron/robotron-ros2/src/xarm_ros2/install/xarm_description/share/colcon-core/packages/xarm_description)
[1.215s] Level 1:colcon.colcon_core.environment:create_environment_scripts_only(xarm_description)
[1.215s] Level 1:colcon.colcon_core.environment:checking '/home/robotron/robotron-ros2/src/xarm_ros2/install/xarm_description' for CMake module files
[1.216s] Level 1:colcon.colcon_core.environment:checking '/home/robotron/robotron-ros2/src/xarm_ros2/install/xarm_description' for CMake config files
[1.217s] Level 1:colcon.colcon_core.shell:create_environment_hook('xarm_description', 'cmake_prefix_path')
[1.217s] INFO:colcon.colcon_core.shell:Creating environment hook '/home/robotron/robotron-ros2/src/xarm_ros2/install/xarm_description/share/xarm_description/hook/cmake_prefix_path.ps1'
[1.217s] INFO:colcon.colcon_core.shell:Creating environment descriptor '/home/robotron/robotron-ros2/src/xarm_ros2/install/xarm_description/share/xarm_description/hook/cmake_prefix_path.dsv'
[1.218s] INFO:colcon.colcon_core.shell:Creating environment hook '/home/robotron/robotron-ros2/src/xarm_ros2/install/xarm_description/share/xarm_description/hook/cmake_prefix_path.sh'
[1.218s] Level 1:colcon.colcon_core.environment:checking '/home/robotron/robotron-ros2/src/xarm_ros2/install/xarm_description/bin'
[1.218s] Level 1:colcon.colcon_core.environment:checking '/home/robotron/robotron-ros2/src/xarm_ros2/install/xarm_description/lib/pkgconfig/xarm_description.pc'
[1.219s] Level 1:colcon.colcon_core.environment:checking '/home/robotron/robotron-ros2/src/xarm_ros2/install/xarm_description/lib/python3.12/site-packages'
[1.219s] Level 1:colcon.colcon_core.environment:checking '/home/robotron/robotron-ros2/src/xarm_ros2/install/xarm_description/bin'
[1.220s] INFO:colcon.colcon_core.shell:Creating package script '/home/robotron/robotron-ros2/src/xarm_ros2/install/xarm_description/share/xarm_description/package.ps1'
[1.221s] INFO:colcon.colcon_core.shell:Creating package descriptor '/home/robotron/robotron-ros2/src/xarm_ros2/install/xarm_description/share/xarm_description/package.dsv'
[1.221s] INFO:colcon.colcon_core.shell:Creating package script '/home/robotron/robotron-ros2/src/xarm_ros2/install/xarm_description/share/xarm_description/package.sh'
[1.222s] INFO:colcon.colcon_core.shell:Creating package script '/home/robotron/robotron-ros2/src/xarm_ros2/install/xarm_description/share/xarm_description/package.bash'
[1.223s] INFO:colcon.colcon_core.shell:Creating package script '/home/robotron/robotron-ros2/src/xarm_ros2/install/xarm_description/share/xarm_description/package.zsh'
[1.223s] Level 1:colcon.colcon_core.environment:create_file_with_runtime_dependencies(/home/robotron/robotron-ros2/src/xarm_ros2/install/xarm_description/share/colcon-core/packages/xarm_description)
[1.226s] DEBUG:colcon.colcon_core.event_handler.log_command:Invoked command in '/home/robotron/robotron-ros2/src/xarm_ros2/build/mbot_demo' returned '0': CMAKE_PREFIX_PATH=${CMAKE_PREFIX_PATH}:/opt/ros/jazzy DEBUGINFOD_URLS=https://debuginfod.ubuntu.com /usr/bin/cmake --build /home/robotron/robotron-ros2/src/xarm_ros2/build/mbot_demo -- -j12 -l12
[1.229s] DEBUG:colcon.colcon_core.event_handler.log_command:Invoking command in '/home/robotron/robotron-ros2/src/xarm_ros2/build/mbot_demo': CMAKE_PREFIX_PATH=${CMAKE_PREFIX_PATH}:/opt/ros/jazzy DEBUGINFOD_URLS=https://debuginfod.ubuntu.com /usr/bin/cmake --install /home/robotron/robotron-ros2/src/xarm_ros2/build/mbot_demo
[1.229s] DEBUG:colcon.colcon_core.event_handler.log_command:Invoked command in '/home/robotron/robotron-ros2/src/xarm_ros2/build/realsense_gazebo_plugin' returned '0': CMAKE_PREFIX_PATH=${CMAKE_PREFIX_PATH}:/opt/ros/jazzy DEBUGINFOD_URLS=https://debuginfod.ubuntu.com /usr/bin/cmake --build /home/robotron/robotron-ros2/src/xarm_ros2/build/realsense_gazebo_plugin -- -j12 -l12
[1.237s] DEBUG:colcon.colcon_core.event_handler.log_command:Invoking command in '/home/robotron/robotron-ros2/src/xarm_ros2/build/realsense_gazebo_plugin': CMAKE_PREFIX_PATH=${CMAKE_PREFIX_PATH}:/opt/ros/jazzy DEBUGINFOD_URLS=https://debuginfod.ubuntu.com /usr/bin/cmake --install /home/robotron/robotron-ros2/src/xarm_ros2/build/realsense_gazebo_plugin
[1.246s] Level 1:colcon.colcon_core.environment:create_environment_scripts_only(mbot_demo)
[1.247s] Level 1:colcon.colcon_core.environment:checking '/home/robotron/robotron-ros2/src/xarm_ros2/install/mbot_demo' for CMake module files
[1.249s] DEBUG:colcon.colcon_core.event_handler.log_command:Invoked command in '/home/robotron/robotron-ros2/src/xarm_ros2/build/mbot_demo' returned '0': CMAKE_PREFIX_PATH=${CMAKE_PREFIX_PATH}:/opt/ros/jazzy DEBUGINFOD_URLS=https://debuginfod.ubuntu.com /usr/bin/cmake --install /home/robotron/robotron-ros2/src/xarm_ros2/build/mbot_demo
[1.253s] Level 1:colcon.colcon_core.environment:checking '/home/robotron/robotron-ros2/src/xarm_ros2/install/mbot_demo' for CMake config files
[1.253s] Level 1:colcon.colcon_core.shell:create_environment_hook('mbot_demo', 'cmake_prefix_path')
[1.254s] INFO:colcon.colcon_core.shell:Creating environment hook '/home/robotron/robotron-ros2/src/xarm_ros2/install/mbot_demo/share/mbot_demo/hook/cmake_prefix_path.ps1'
[1.254s] INFO:colcon.colcon_core.shell:Creating environment descriptor '/home/robotron/robotron-ros2/src/xarm_ros2/install/mbot_demo/share/mbot_demo/hook/cmake_prefix_path.dsv'
[1.255s] INFO:colcon.colcon_core.shell:Creating environment hook '/home/robotron/robotron-ros2/src/xarm_ros2/install/mbot_demo/share/mbot_demo/hook/cmake_prefix_path.sh'
[1.255s] Level 1:colcon.colcon_core.environment:checking '/home/robotron/robotron-ros2/src/xarm_ros2/install/mbot_demo/bin'
[1.256s] Level 1:colcon.colcon_core.environment:checking '/home/robotron/robotron-ros2/src/xarm_ros2/install/mbot_demo/lib/pkgconfig/mbot_demo.pc'
[1.256s] Level 1:colcon.colcon_core.environment:checking '/home/robotron/robotron-ros2/src/xarm_ros2/install/mbot_demo/lib/python3.12/site-packages'
[1.257s] Level 1:colcon.colcon_core.environment:checking '/home/robotron/robotron-ros2/src/xarm_ros2/install/mbot_demo/bin'
[1.257s] INFO:colcon.colcon_core.shell:Creating package script '/home/robotron/robotron-ros2/src/xarm_ros2/install/mbot_demo/share/mbot_demo/package.ps1'
[1.258s] INFO:colcon.colcon_core.shell:Creating package descriptor '/home/robotron/robotron-ros2/src/xarm_ros2/install/mbot_demo/share/mbot_demo/package.dsv'
[1.260s] INFO:colcon.colcon_core.shell:Creating package script '/home/robotron/robotron-ros2/src/xarm_ros2/install/mbot_demo/share/mbot_demo/package.sh'
[1.261s] INFO:colcon.colcon_core.shell:Creating package script '/home/robotron/robotron-ros2/src/xarm_ros2/install/mbot_demo/share/mbot_demo/package.bash'
[1.261s] INFO:colcon.colcon_core.shell:Creating package script '/home/robotron/robotron-ros2/src/xarm_ros2/install/mbot_demo/share/mbot_demo/package.zsh'
[1.263s] Level 1:colcon.colcon_core.environment:create_file_with_runtime_dependencies(/home/robotron/robotron-ros2/src/xarm_ros2/install/mbot_demo/share/colcon-core/packages/mbot_demo)
[1.263s] Level 1:colcon.colcon_core.environment:create_environment_scripts_only(mbot_demo)
[1.264s] Level 1:colcon.colcon_core.environment:checking '/home/robotron/robotron-ros2/src/xarm_ros2/install/mbot_demo' for CMake module files
[1.265s] Level 1:colcon.colcon_core.environment:checking '/home/robotron/robotron-ros2/src/xarm_ros2/install/mbot_demo' for CMake config files
[1.268s] Level 1:colcon.colcon_core.shell:create_environment_hook('mbot_demo', 'cmake_prefix_path')
[1.268s] INFO:colcon.colcon_core.shell:Creating environment hook '/home/robotron/robotron-ros2/src/xarm_ros2/install/mbot_demo/share/mbot_demo/hook/cmake_prefix_path.ps1'
[1.270s] INFO:colcon.colcon_core.shell:Creating environment descriptor '/home/robotron/robotron-ros2/src/xarm_ros2/install/mbot_demo/share/mbot_demo/hook/cmake_prefix_path.dsv'
[1.271s] INFO:colcon.colcon_core.shell:Creating environment hook '/home/robotron/robotron-ros2/src/xarm_ros2/install/mbot_demo/share/mbot_demo/hook/cmake_prefix_path.sh'
[1.272s] Level 1:colcon.colcon_core.environment:checking '/home/robotron/robotron-ros2/src/xarm_ros2/install/mbot_demo/bin'
[1.272s] Level 1:colcon.colcon_core.environment:checking '/home/robotron/robotron-ros2/src/xarm_ros2/install/mbot_demo/lib/pkgconfig/mbot_demo.pc'
[1.272s] Level 1:colcon.colcon_core.environment:checking '/home/robotron/robotron-ros2/src/xarm_ros2/install/mbot_demo/lib/python3.12/site-packages'
[1.273s] Level 1:colcon.colcon_core.environment:checking '/home/robotron/robotron-ros2/src/xarm_ros2/install/mbot_demo/bin'
[1.273s] INFO:colcon.colcon_core.shell:Creating package script '/home/robotron/robotron-ros2/src/xarm_ros2/install/mbot_demo/share/mbot_demo/package.ps1'
[1.274s] INFO:colcon.colcon_core.shell:Creating package descriptor '/home/robotron/robotron-ros2/src/xarm_ros2/install/mbot_demo/share/mbot_demo/package.dsv'
[1.275s] INFO:colcon.colcon_core.shell:Creating package script '/home/robotron/robotron-ros2/src/xarm_ros2/install/mbot_demo/share/mbot_demo/package.sh'
[1.276s] INFO:colcon.colcon_core.shell:Creating package script '/home/robotron/robotron-ros2/src/xarm_ros2/install/mbot_demo/share/mbot_demo/package.bash'
[1.276s] INFO:colcon.colcon_core.shell:Creating package script '/home/robotron/robotron-ros2/src/xarm_ros2/install/mbot_demo/share/mbot_demo/package.zsh'
[1.276s] Level 1:colcon.colcon_core.environment:create_file_with_runtime_dependencies(/home/robotron/robotron-ros2/src/xarm_ros2/install/mbot_demo/share/colcon-core/packages/mbot_demo)
[1.278s] Level 1:colcon.colcon_core.environment:create_environment_scripts_only(realsense_gazebo_plugin)
[1.279s] Level 1:colcon.colcon_core.environment:checking '/home/robotron/robotron-ros2/src/xarm_ros2/install/realsense_gazebo_plugin' for CMake module files
[1.280s] DEBUG:colcon.colcon_core.event_handler.log_command:Invoked command in '/home/robotron/robotron-ros2/src/xarm_ros2/build/realsense_gazebo_plugin' returned '0': CMAKE_PREFIX_PATH=${CMAKE_PREFIX_PATH}:/opt/ros/jazzy DEBUGINFOD_URLS=https://debuginfod.ubuntu.com /usr/bin/cmake --install /home/robotron/robotron-ros2/src/xarm_ros2/build/realsense_gazebo_plugin
[1.280s] Level 1:colcon.colcon_core.environment:checking '/home/robotron/robotron-ros2/src/xarm_ros2/install/realsense_gazebo_plugin' for CMake config files
[1.281s] Level 1:colcon.colcon_core.shell:create_environment_hook('realsense_gazebo_plugin', 'cmake_prefix_path')
[1.281s] INFO:colcon.colcon_core.shell:Creating environment hook '/home/robotron/robotron-ros2/src/xarm_ros2/install/realsense_gazebo_plugin/share/realsense_gazebo_plugin/hook/cmake_prefix_path.ps1'
[1.282s] INFO:colcon.colcon_core.shell:Creating environment descriptor '/home/robotron/robotron-ros2/src/xarm_ros2/install/realsense_gazebo_plugin/share/realsense_gazebo_plugin/hook/cmake_prefix_path.dsv'
[1.282s] INFO:colcon.colcon_core.shell:Creating environment hook '/home/robotron/robotron-ros2/src/xarm_ros2/install/realsense_gazebo_plugin/share/realsense_gazebo_plugin/hook/cmake_prefix_path.sh'
[1.283s] Level 1:colcon.colcon_core.environment:checking '/home/robotron/robotron-ros2/src/xarm_ros2/install/realsense_gazebo_plugin/bin'
[1.283s] Level 1:colcon.colcon_core.environment:checking '/home/robotron/robotron-ros2/src/xarm_ros2/install/realsense_gazebo_plugin/lib/pkgconfig/realsense_gazebo_plugin.pc'
[1.283s] Level 1:colcon.colcon_core.environment:checking '/home/robotron/robotron-ros2/src/xarm_ros2/install/realsense_gazebo_plugin/lib/python3.12/site-packages'
[1.284s] Level 1:colcon.colcon_core.environment:checking '/home/robotron/robotron-ros2/src/xarm_ros2/install/realsense_gazebo_plugin/bin'
[1.284s] INFO:colcon.colcon_core.shell:Creating package script '/home/robotron/robotron-ros2/src/xarm_ros2/install/realsense_gazebo_plugin/share/realsense_gazebo_plugin/package.ps1'
[1.284s] INFO:colcon.colcon_core.shell:Creating package descriptor '/home/robotron/robotron-ros2/src/xarm_ros2/install/realsense_gazebo_plugin/share/realsense_gazebo_plugin/package.dsv'
[1.285s] INFO:colcon.colcon_core.shell:Creating package script '/home/robotron/robotron-ros2/src/xarm_ros2/install/realsense_gazebo_plugin/share/realsense_gazebo_plugin/package.sh'
[1.285s] INFO:colcon.colcon_core.shell:Creating package script '/home/robotron/robotron-ros2/src/xarm_ros2/install/realsense_gazebo_plugin/share/realsense_gazebo_plugin/package.bash'
[1.286s] INFO:colcon.colcon_core.shell:Creating package script '/home/robotron/robotron-ros2/src/xarm_ros2/install/realsense_gazebo_plugin/share/realsense_gazebo_plugin/package.zsh'
[1.286s] Level 1:colcon.colcon_core.environment:create_file_with_runtime_dependencies(/home/robotron/robotron-ros2/src/xarm_ros2/install/realsense_gazebo_plugin/share/colcon-core/packages/realsense_gazebo_plugin)
[1.287s] Level 1:colcon.colcon_core.environment:create_environment_scripts_only(realsense_gazebo_plugin)
[1.287s] Level 1:colcon.colcon_core.environment:checking '/home/robotron/robotron-ros2/src/xarm_ros2/install/realsense_gazebo_plugin' for CMake module files
[1.287s] Level 1:colcon.colcon_core.environment:checking '/home/robotron/robotron-ros2/src/xarm_ros2/install/realsense_gazebo_plugin' for CMake config files
[1.288s] Level 1:colcon.colcon_core.shell:create_environment_hook('realsense_gazebo_plugin', 'cmake_prefix_path')
[1.288s] INFO:colcon.colcon_core.shell:Creating environment hook '/home/robotron/robotron-ros2/src/xarm_ros2/install/realsense_gazebo_plugin/share/realsense_gazebo_plugin/hook/cmake_prefix_path.ps1'
[1.288s] INFO:colcon.colcon_core.shell:Creating environment descriptor '/home/robotron/robotron-ros2/src/xarm_ros2/install/realsense_gazebo_plugin/share/realsense_gazebo_plugin/hook/cmake_prefix_path.dsv'
[1.289s] INFO:colcon.colcon_core.shell:Creating environment hook '/home/robotron/robotron-ros2/src/xarm_ros2/install/realsense_gazebo_plugin/share/realsense_gazebo_plugin/hook/cmake_prefix_path.sh'
[1.290s] Level 1:colcon.colcon_core.environment:checking '/home/robotron/robotron-ros2/src/xarm_ros2/install/realsense_gazebo_plugin/bin'
[1.290s] Level 1:colcon.colcon_core.environment:checking '/home/robotron/robotron-ros2/src/xarm_ros2/install/realsense_gazebo_plugin/lib/pkgconfig/realsense_gazebo_plugin.pc'
[1.290s] Level 1:colcon.colcon_core.environment:checking '/home/robotron/robotron-ros2/src/xarm_ros2/install/realsense_gazebo_plugin/lib/python3.12/site-packages'
[1.291s] Level 1:colcon.colcon_core.environment:checking '/home/robotron/robotron-ros2/src/xarm_ros2/install/realsense_gazebo_plugin/bin'
[1.292s] INFO:colcon.colcon_core.shell:Creating package script '/home/robotron/robotron-ros2/src/xarm_ros2/install/realsense_gazebo_plugin/share/realsense_gazebo_plugin/package.ps1'
[1.293s] INFO:colcon.colcon_core.shell:Creating package descriptor '/home/robotron/robotron-ros2/src/xarm_ros2/install/realsense_gazebo_plugin/share/realsense_gazebo_plugin/package.dsv'
[1.294s] INFO:colcon.colcon_core.shell:Creating package script '/home/robotron/robotron-ros2/src/xarm_ros2/install/realsense_gazebo_plugin/share/realsense_gazebo_plugin/package.sh'
[1.294s] INFO:colcon.colcon_core.shell:Creating package script '/home/robotron/robotron-ros2/src/xarm_ros2/install/realsense_gazebo_plugin/share/realsense_gazebo_plugin/package.bash'
[1.295s] INFO:colcon.colcon_core.shell:Creating package script '/home/robotron/robotron-ros2/src/xarm_ros2/install/realsense_gazebo_plugin/share/realsense_gazebo_plugin/package.zsh'
[1.295s] Level 1:colcon.colcon_core.environment:create_file_with_runtime_dependencies(/home/robotron/robotron-ros2/src/xarm_ros2/install/realsense_gazebo_plugin/share/colcon-core/packages/realsense_gazebo_plugin)
[1.392s] DEBUG:colcon.colcon_core.event_handler.log_command:Invoked command in '/home/robotron/robotron-ros2/src/xarm_ros2/build/xarm_msgs' returned '0': CMAKE_PREFIX_PATH=${CMAKE_PREFIX_PATH}:/opt/ros/jazzy DEBUGINFOD_URLS=https://debuginfod.ubuntu.com /usr/bin/cmake --build /home/robotron/robotron-ros2/src/xarm_ros2/build/xarm_msgs -- -j12 -l12
[1.393s] DEBUG:colcon.colcon_core.event_handler.log_command:Invoking command in '/home/robotron/robotron-ros2/src/xarm_ros2/build/xarm_msgs': CMAKE_PREFIX_PATH=${CMAKE_PREFIX_PATH}:/opt/ros/jazzy DEBUGINFOD_URLS=https://debuginfod.ubuntu.com /usr/bin/cmake --install /home/robotron/robotron-ros2/src/xarm_ros2/build/xarm_msgs
[1.549s] Level 1:colcon.colcon_core.environment:create_environment_scripts_only(xarm_msgs)
[1.549s] Level 1:colcon.colcon_core.environment:checking '/home/robotron/robotron-ros2/src/xarm_ros2/install/xarm_msgs' for CMake module files
[1.550s] DEBUG:colcon.colcon_core.event_handler.log_command:Invoked command in '/home/robotron/robotron-ros2/src/xarm_ros2/build/xarm_msgs' returned '0': CMAKE_PREFIX_PATH=${CMAKE_PREFIX_PATH}:/opt/ros/jazzy DEBUGINFOD_URLS=https://debuginfod.ubuntu.com /usr/bin/cmake --install /home/robotron/robotron-ros2/src/xarm_ros2/build/xarm_msgs
[1.551s] Level 1:colcon.colcon_core.environment:checking '/home/robotron/robotron-ros2/src/xarm_ros2/install/xarm_msgs' for CMake config files
[1.551s] Level 1:colcon.colcon_core.shell:create_environment_hook('xarm_msgs', 'cmake_prefix_path')
[1.551s] INFO:colcon.colcon_core.shell:Creating environment hook '/home/robotron/robotron-ros2/src/xarm_ros2/install/xarm_msgs/share/xarm_msgs/hook/cmake_prefix_path.ps1'
[1.552s] INFO:colcon.colcon_core.shell:Creating environment descriptor '/home/robotron/robotron-ros2/src/xarm_ros2/install/xarm_msgs/share/xarm_msgs/hook/cmake_prefix_path.dsv'
[1.552s] INFO:colcon.colcon_core.shell:Creating environment hook '/home/robotron/robotron-ros2/src/xarm_ros2/install/xarm_msgs/share/xarm_msgs/hook/cmake_prefix_path.sh'
[1.553s] Level 1:colcon.colcon_core.environment:checking '/home/robotron/robotron-ros2/src/xarm_ros2/install/xarm_msgs/lib'
[1.553s] Level 1:colcon.colcon_core.shell:create_environment_hook('xarm_msgs', 'ld_library_path_lib')
[1.553s] INFO:colcon.colcon_core.shell:Creating environment hook '/home/robotron/robotron-ros2/src/xarm_ros2/install/xarm_msgs/share/xarm_msgs/hook/ld_library_path_lib.ps1'
[1.554s] INFO:colcon.colcon_core.shell:Creating environment descriptor '/home/robotron/robotron-ros2/src/xarm_ros2/install/xarm_msgs/share/xarm_msgs/hook/ld_library_path_lib.dsv'
[1.554s] INFO:colcon.colcon_core.shell:Creating environment hook '/home/robotron/robotron-ros2/src/xarm_ros2/install/xarm_msgs/share/xarm_msgs/hook/ld_library_path_lib.sh'
[1.554s] Level 1:colcon.colcon_core.environment:checking '/home/robotron/robotron-ros2/src/xarm_ros2/install/xarm_msgs/bin'
[1.555s] Level 1:colcon.colcon_core.environment:checking '/home/robotron/robotron-ros2/src/xarm_ros2/install/xarm_msgs/lib/pkgconfig/xarm_msgs.pc'
[1.555s] Level 1:colcon.colcon_core.environment:checking '/home/robotron/robotron-ros2/src/xarm_ros2/install/xarm_msgs/lib/python3.12/site-packages'
[1.555s] Level 1:colcon.colcon_core.shell:create_environment_hook('xarm_msgs', 'pythonpath')
[1.555s] INFO:colcon.colcon_core.shell:Creating environment hook '/home/robotron/robotron-ros2/src/xarm_ros2/install/xarm_msgs/share/xarm_msgs/hook/pythonpath.ps1'
[1.556s] INFO:colcon.colcon_core.shell:Creating environment descriptor '/home/robotron/robotron-ros2/src/xarm_ros2/install/xarm_msgs/share/xarm_msgs/hook/pythonpath.dsv'
[1.556s] INFO:colcon.colcon_core.shell:Creating environment hook '/home/robotron/robotron-ros2/src/xarm_ros2/install/xarm_msgs/share/xarm_msgs/hook/pythonpath.sh'
[1.557s] Level 1:colcon.colcon_core.environment:checking '/home/robotron/robotron-ros2/src/xarm_ros2/install/xarm_msgs/bin'
[1.558s] INFO:colcon.colcon_core.shell:Creating package script '/home/robotron/robotron-ros2/src/xarm_ros2/install/xarm_msgs/share/xarm_msgs/package.ps1'
[1.558s] INFO:colcon.colcon_core.shell:Creating package descriptor '/home/robotron/robotron-ros2/src/xarm_ros2/install/xarm_msgs/share/xarm_msgs/package.dsv'
[1.559s] INFO:colcon.colcon_core.shell:Creating package script '/home/robotron/robotron-ros2/src/xarm_ros2/install/xarm_msgs/share/xarm_msgs/package.sh'
[1.559s] INFO:colcon.colcon_core.shell:Creating package script '/home/robotron/robotron-ros2/src/xarm_ros2/install/xarm_msgs/share/xarm_msgs/package.bash'
[1.560s] INFO:colcon.colcon_core.shell:Creating package script '/home/robotron/robotron-ros2/src/xarm_ros2/install/xarm_msgs/share/xarm_msgs/package.zsh'
[1.560s] Level 1:colcon.colcon_core.environment:create_file_with_runtime_dependencies(/home/robotron/robotron-ros2/src/xarm_ros2/install/xarm_msgs/share/colcon-core/packages/xarm_msgs)
[1.560s] Level 1:colcon.colcon_core.environment:create_environment_scripts_only(xarm_msgs)
[1.561s] Level 1:colcon.colcon_core.environment:checking '/home/robotron/robotron-ros2/src/xarm_ros2/install/xarm_msgs' for CMake module files
[1.561s] Level 1:colcon.colcon_core.environment:checking '/home/robotron/robotron-ros2/src/xarm_ros2/install/xarm_msgs' for CMake config files
[1.562s] Level 1:colcon.colcon_core.shell:create_environment_hook('xarm_msgs', 'cmake_prefix_path')
[1.562s] INFO:colcon.colcon_core.shell:Creating environment hook '/home/robotron/robotron-ros2/src/xarm_ros2/install/xarm_msgs/share/xarm_msgs/hook/cmake_prefix_path.ps1'
[1.625s] INFO:colcon.colcon_core.shell:Creating environment descriptor '/home/robotron/robotron-ros2/src/xarm_ros2/install/xarm_msgs/share/xarm_msgs/hook/cmake_prefix_path.dsv'
[1.626s] INFO:colcon.colcon_core.shell:Creating environment hook '/home/robotron/robotron-ros2/src/xarm_ros2/install/xarm_msgs/share/xarm_msgs/hook/cmake_prefix_path.sh'
[1.627s] Level 1:colcon.colcon_core.environment:checking '/home/robotron/robotron-ros2/src/xarm_ros2/install/xarm_msgs/lib'
[1.627s] Level 1:colcon.colcon_core.shell:create_environment_hook('xarm_msgs', 'ld_library_path_lib')
[1.627s] INFO:colcon.colcon_core.shell:Creating environment hook '/home/robotron/robotron-ros2/src/xarm_ros2/install/xarm_msgs/share/xarm_msgs/hook/ld_library_path_lib.ps1'
[1.628s] INFO:colcon.colcon_core.shell:Creating environment descriptor '/home/robotron/robotron-ros2/src/xarm_ros2/install/xarm_msgs/share/xarm_msgs/hook/ld_library_path_lib.dsv'
[1.628s] INFO:colcon.colcon_core.shell:Creating environment hook '/home/robotron/robotron-ros2/src/xarm_ros2/install/xarm_msgs/share/xarm_msgs/hook/ld_library_path_lib.sh'
[1.629s] Level 1:colcon.colcon_core.environment:checking '/home/robotron/robotron-ros2/src/xarm_ros2/install/xarm_msgs/bin'
[1.629s] Level 1:colcon.colcon_core.environment:checking '/home/robotron/robotron-ros2/src/xarm_ros2/install/xarm_msgs/lib/pkgconfig/xarm_msgs.pc'
[1.629s] Level 1:colcon.colcon_core.environment:checking '/home/robotron/robotron-ros2/src/xarm_ros2/install/xarm_msgs/lib/python3.12/site-packages'
[1.629s] Level 1:colcon.colcon_core.shell:create_environment_hook('xarm_msgs', 'pythonpath')
[1.630s] INFO:colcon.colcon_core.shell:Creating environment hook '/home/robotron/robotron-ros2/src/xarm_ros2/install/xarm_msgs/share/xarm_msgs/hook/pythonpath.ps1'
[1.630s] INFO:colcon.colcon_core.shell:Creating environment descriptor '/home/robotron/robotron-ros2/src/xarm_ros2/install/xarm_msgs/share/xarm_msgs/hook/pythonpath.dsv'
[1.631s] INFO:colcon.colcon_core.shell:Creating environment hook '/home/robotron/robotron-ros2/src/xarm_ros2/install/xarm_msgs/share/xarm_msgs/hook/pythonpath.sh'
[1.631s] Level 1:colcon.colcon_core.environment:checking '/home/robotron/robotron-ros2/src/xarm_ros2/install/xarm_msgs/bin'
[1.632s] INFO:colcon.colcon_core.shell:Creating package script '/home/robotron/robotron-ros2/src/xarm_ros2/install/xarm_msgs/share/xarm_msgs/package.ps1'
[1.633s] INFO:colcon.colcon_core.shell:Creating package descriptor '/home/robotron/robotron-ros2/src/xarm_ros2/install/xarm_msgs/share/xarm_msgs/package.dsv'
[1.633s] INFO:colcon.colcon_core.shell:Creating package script '/home/robotron/robotron-ros2/src/xarm_ros2/install/xarm_msgs/share/xarm_msgs/package.sh'
[1.634s] INFO:colcon.colcon_core.shell:Creating package script '/home/robotron/robotron-ros2/src/xarm_ros2/install/xarm_msgs/share/xarm_msgs/package.bash'
[1.634s] INFO:colcon.colcon_core.shell:Creating package script '/home/robotron/robotron-ros2/src/xarm_ros2/install/xarm_msgs/share/xarm_msgs/package.zsh'
[1.635s] Level 1:colcon.colcon_core.environment:create_file_with_runtime_dependencies(/home/robotron/robotron-ros2/src/xarm_ros2/install/xarm_msgs/share/colcon-core/packages/xarm_msgs)
[1.635s] INFO:colcon.colcon_ros.task.ament_cmake.build:Building ROS package in '/home/robotron/robotron-ros2/src/xarm_ros2/xarm_api' with build type 'ament_cmake'
[1.635s] INFO:colcon.colcon_cmake.task.cmake.build:Building CMake package in '/home/robotron/robotron-ros2/src/xarm_ros2/xarm_api'
[1.635s] INFO:colcon.colcon_core.shell:Skip shell extension 'powershell' for command environment: Not usable outside of PowerShell
[1.635s] DEBUG:colcon.colcon_core.shell:Skip shell extension 'dsv' for command environment
[1.653s] DEBUG:colcon.colcon_core.event_handler.log_command:Invoking command in '/home/robotron/robotron-ros2/src/xarm_ros2/build/xarm_api': AMENT_PREFIX_PATH=/home/robotron/robotron-ros2/src/xarm_ros2/install/xarm_sdk:/home/robotron/robotron-ros2/src/xarm_ros2/install/xarm_msgs:/home/robotron/robotron-ros2/src/xarm_ros2/install/xarm_description:${AMENT_PREFIX_PATH} CMAKE_PREFIX_PATH=/home/robotron/robotron-ros2/src/xarm_ros2/install/xarm_sdk:/home/robotron/robotron-ros2/src/xarm_ros2/install/xarm_msgs:/home/robotron/robotron-ros2/src/xarm_ros2/install/xarm_description:/opt/ros/jazzy/opt/gz_sim_vendor:/opt/ros/jazzy/opt/gz_sensors_vendor:/opt/ros/jazzy/opt/gz_physics_vendor:/opt/ros/jazzy/opt/sdformat_vendor:/opt/ros/jazzy/opt/gz_gui_vendor:/opt/ros/jazzy/opt/gz_transport_vendor:/opt/ros/jazzy/opt/gz_rendering_vendor:/opt/ros/jazzy/opt/gz_plugin_vendor:/opt/ros/jazzy/opt/gz_fuel_tools_vendor:/opt/ros/jazzy/opt/gz_msgs_vendor:/opt/ros/jazzy/opt/gz_common_vendor:/opt/ros/jazzy/opt/gz_math_vendor:/opt/ros/jazzy/opt/gz_utils_vendor:/opt/ros/jazzy/opt/gz_tools_vendor:/opt/ros/jazzy/opt/gz_ogre_next_vendor:/opt/ros/jazzy/opt/gz_dartsim_vendor:/opt/ros/jazzy/opt/gz_cmake_vendor:/opt/ros/jazzy DEBUGINFOD_URLS=https://debuginfod.ubuntu.com LD_LIBRARY_PATH=/home/robotron/robotron-ros2/src/xarm_ros2/install/xarm_sdk/lib:/home/robotron/robotron-ros2/src/xarm_ros2/install/xarm_msgs/lib:${LD_LIBRARY_PATH} PYTHONPATH=/home/robotron/robotron-ros2/src/xarm_ros2/install/xarm_msgs/lib/python3.12/site-packages:${PYTHONPATH} /usr/bin/cmake /home/robotron/robotron-ros2/src/xarm_ros2/xarm_api -DCMAKE_INSTALL_PREFIX=/home/robotron/robotron-ros2/src/xarm_ros2/install/xarm_api
[2.506s] DEBUG:colcon.colcon_core.event_handler.log_command:Invoked command in '/home/robotron/robotron-ros2/src/xarm_ros2/build/xarm_api' returned '1': AMENT_PREFIX_PATH=/home/robotron/robotron-ros2/src/xarm_ros2/install/xarm_sdk:/home/robotron/robotron-ros2/src/xarm_ros2/install/xarm_msgs:/home/robotron/robotron-ros2/src/xarm_ros2/install/xarm_description:${AMENT_PREFIX_PATH} CMAKE_PREFIX_PATH=/home/robotron/robotron-ros2/src/xarm_ros2/install/xarm_sdk:/home/robotron/robotron-ros2/src/xarm_ros2/install/xarm_msgs:/home/robotron/robotron-ros2/src/xarm_ros2/install/xarm_description:/opt/ros/jazzy/opt/gz_sim_vendor:/opt/ros/jazzy/opt/gz_sensors_vendor:/opt/ros/jazzy/opt/gz_physics_vendor:/opt/ros/jazzy/opt/sdformat_vendor:/opt/ros/jazzy/opt/gz_gui_vendor:/opt/ros/jazzy/opt/gz_transport_vendor:/opt/ros/jazzy/opt/gz_rendering_vendor:/opt/ros/jazzy/opt/gz_plugin_vendor:/opt/ros/jazzy/opt/gz_fuel_tools_vendor:/opt/ros/jazzy/opt/gz_msgs_vendor:/opt/ros/jazzy/opt/gz_common_vendor:/opt/ros/jazzy/opt/gz_math_vendor:/opt/ros/jazzy/opt/gz_utils_vendor:/opt/ros/jazzy/opt/gz_tools_vendor:/opt/ros/jazzy/opt/gz_ogre_next_vendor:/opt/ros/jazzy/opt/gz_dartsim_vendor:/opt/ros/jazzy/opt/gz_cmake_vendor:/opt/ros/jazzy DEBUGINFOD_URLS=https://debuginfod.ubuntu.com LD_LIBRARY_PATH=/home/robotron/robotron-ros2/src/xarm_ros2/install/xarm_sdk/lib:/home/robotron/robotron-ros2/src/xarm_ros2/install/xarm_msgs/lib:${LD_LIBRARY_PATH} PYTHONPATH=/home/robotron/robotron-ros2/src/xarm_ros2/install/xarm_msgs/lib/python3.12/site-packages:${PYTHONPATH} /usr/bin/cmake /home/robotron/robotron-ros2/src/xarm_ros2/xarm_api -DCMAKE_INSTALL_PREFIX=/home/robotron/robotron-ros2/src/xarm_ros2/install/xarm_api
[2.524s] Level 1:colcon.colcon_core.environment:create_environment_scripts_only(xarm_api)
[2.525s] Level 1:colcon.colcon_core.environment:checking '/home/robotron/robotron-ros2/src/xarm_ros2/install/xarm_api' for CMake module files
[2.526s] Level 1:colcon.colcon_core.environment:checking '/home/robotron/robotron-ros2/src/xarm_ros2/install/xarm_api' for CMake config files
[2.526s] Level 1:colcon.colcon_core.environment:checking '/home/robotron/robotron-ros2/src/xarm_ros2/install/xarm_api/bin'
[2.526s] Level 1:colcon.colcon_core.environment:checking '/home/robotron/robotron-ros2/src/xarm_ros2/install/xarm_api/lib/pkgconfig/xarm_api.pc'
[2.527s] Level 1:colcon.colcon_core.environment:checking '/home/robotron/robotron-ros2/src/xarm_ros2/install/xarm_api/lib/python3.12/site-packages'
[2.527s] Level 1:colcon.colcon_core.environment:checking '/home/robotron/robotron-ros2/src/xarm_ros2/install/xarm_api/bin'
[2.528s] INFO:colcon.colcon_core.shell:Creating package script '/home/robotron/robotron-ros2/src/xarm_ros2/install/xarm_api/share/xarm_api/package.ps1'
[2.528s] INFO:colcon.colcon_core.shell:Creating package descriptor '/home/robotron/robotron-ros2/src/xarm_ros2/install/xarm_api/share/xarm_api/package.dsv'
[2.529s] INFO:colcon.colcon_core.shell:Creating package script '/home/robotron/robotron-ros2/src/xarm_ros2/install/xarm_api/share/xarm_api/package.sh'
[2.529s] INFO:colcon.colcon_core.shell:Creating package script '/home/robotron/robotron-ros2/src/xarm_ros2/install/xarm_api/share/xarm_api/package.bash'
[2.530s] INFO:colcon.colcon_core.shell:Creating package script '/home/robotron/robotron-ros2/src/xarm_ros2/install/xarm_api/share/xarm_api/package.zsh'
[2.530s] Level 1:colcon.colcon_core.environment:create_file_with_runtime_dependencies(/home/robotron/robotron-ros2/src/xarm_ros2/install/xarm_api/share/colcon-core/packages/xarm_api)
[2.567s] DEBUG:colcon.colcon_parallel_executor.executor.parallel:closing loop
[2.567s] DEBUG:colcon.colcon_parallel_executor.executor.parallel:loop closed
[2.567s] DEBUG:colcon.colcon_parallel_executor.executor.parallel:run_until_complete finished with '1'
[2.568s] DEBUG:colcon.colcon_core.event_reactor:joining thread
[2.578s] INFO:colcon.colcon_core.plugin_system:Skipping extension 'colcon_notification.desktop_notification.notify_send': Could not find 'notify-send'
[2.578s] INFO:colcon.colcon_core.plugin_system:Skipping extension 'colcon_notification.desktop_notification.terminal_notifier': Not used on non-Darwin systems
[2.578s] INFO:colcon.colcon_core.plugin_system:Skipping extension 'colcon_notification.desktop_notification.win32': Not used on non-Windows systems
[2.578s] INFO:colcon.colcon_notification.desktop_notification:Sending desktop notification using 'notify2'
[2.583s] DEBUG:colcon.colcon_notification.desktop_notification.notify2:Failed to initialize notify2: org.freedesktop.DBus.Error.Spawn.ExecFailed: /usr/bin/dbus-launch terminated abnormally without any error message
[2.583s] DEBUG:colcon.colcon_core.event_reactor:joined thread
[2.584s] INFO:colcon.colcon_core.shell:Creating prefix script '/home/robotron/robotron-ros2/src/xarm_ros2/install/local_setup.ps1'
[2.585s] INFO:colcon.colcon_core.shell:Creating prefix util module '/home/robotron/robotron-ros2/src/xarm_ros2/install/_local_setup_util_ps1.py'
[2.586s] INFO:colcon.colcon_core.shell:Creating prefix chain script '/home/robotron/robotron-ros2/src/xarm_ros2/install/setup.ps1'
[2.587s] INFO:colcon.colcon_core.shell:Creating prefix script '/home/robotron/robotron-ros2/src/xarm_ros2/install/local_setup.sh'
[2.588s] INFO:colcon.colcon_core.shell:Creating prefix util module '/home/robotron/robotron-ros2/src/xarm_ros2/install/_local_setup_util_sh.py'
[2.588s] INFO:colcon.colcon_core.shell:Creating prefix chain script '/home/robotron/robotron-ros2/src/xarm_ros2/install/setup.sh'
[2.590s] INFO:colcon.colcon_core.shell:Creating prefix script '/home/robotron/robotron-ros2/src/xarm_ros2/install/local_setup.bash'
[2.590s] INFO:colcon.colcon_core.shell:Creating prefix chain script '/home/robotron/robotron-ros2/src/xarm_ros2/install/setup.bash'
[2.591s] INFO:colcon.colcon_core.shell:Creating prefix script '/home/robotron/robotron-ros2/src/xarm_ros2/install/local_setup.zsh'
[2.592s] INFO:colcon.colcon_core.shell:Creating prefix chain script '/home/robotron/robotron-ros2/src/xarm_ros2/install/setup.zsh'
